10:45:45.552 [main] DEBUG - Save package relationships
10:45:45.597 [main] DEBUG - Save part 'docProps/app.xml'
10:45:45.597 [main] DEBUG - Save part 'docProps/core.xml'
10:45:45.600 [main] DEBUG - Save part 'xl/sharedStrings.xml'
10:45:45.602 [main] DEBUG - Save part 'xl/styles.xml'
10:45:45.603 [main] DEBUG - Save part 'xl/workbook.xml'
10:45:45.608 [main] DEBUG - Save part 'xl/worksheets/sheet1.xml'
10:45:45.609 [main] DEBUG - Save part 'xl/worksheets/sheet2.xml'
10:45:45.610 [main] DEBUG - Save part 'xl/worksheets/sheet3.xml'
10:45:45.921 [main] DEBUG - Parsing relationship: /xl/_rels/workbook.xml.rels
10:45:45.923 [main] DEBUG - Parsing relationship: /_rels/.rels
10:45:46.000 [main] DEBUG - Save content types part
10:45:46.004 [main] DEBUG - Save package relationships
10:45:46.008 [main] DEBUG - Save part 'docProps/app.xml'
10:45:46.009 [main] DEBUG - Save part 'docProps/core.xml'
10:45:46.012 [main] DEBUG - Save part 'xl/sharedStrings.xml'
10:45:46.013 [main] DEBUG - Save part 'xl/styles.xml'
10:45:46.014 [main] DEBUG - Save part 'xl/workbook.xml'
10:45:46.018 [main] DEBUG - Save part 'xl/worksheets/sheet1.xml'
10:45:46.019 [main] DEBUG - Save part 'xl/worksheets/sheet2.xml'
10:45:46.020 [main] DEBUG - Save part 'xl/worksheets/sheet3.xml'
10:45:46.117 [main] DEBUG - Parsing relationship: /xl/_rels/workbook.xml.rels
10:45:46.121 [main] DEBUG - Parsing relationship: /_rels/.rels
10:45:46.176 [main] DEBUG - Save content types part
10:45:46.180 [main] DEBUG - Save package relationships
10:45:46.184 [main] DEBUG - Save part 'docProps/app.xml'
10:45:46.185 [main] DEBUG - Save part 'docProps/core.xml'
10:45:46.188 [main] DEBUG - Save part 'xl/sharedStrings.xml'
10:45:46.189 [main] DEBUG - Save part 'xl/styles.xml'
10:45:46.190 [main] DEBUG - Save part 'xl/workbook.xml'
10:45:46.193 [main] DEBUG - Save part 'xl/worksheets/sheet1.xml'
10:45:46.194 [main] DEBUG - Save part 'xl/worksheets/sheet2.xml'
10:45:46.195 [main] DEBUG - Save part 'xl/worksheets/sheet3.xml'
10:45:46.295 [main] DEBUG - Parsing relationship: /xl/_rels/workbook.xml.rels
10:45:46.297 [main] DEBUG - Parsing relationship: /_rels/.rels
10:45:46.389 [main] DEBUG - Save content types part
10:45:46.393 [main] DEBUG - Save package relationships
10:45:46.396 [main] DEBUG - Save part 'docProps/app.xml'
10:45:46.398 [main] DEBUG - Save part 'docProps/core.xml'
10:45:46.401 [main] DEBUG - Save part 'xl/sharedStrings.xml'
10:45:46.403 [main] DEBUG - Save part 'xl/styles.xml'
10:45:46.405 [main] DEBUG - Save part 'xl/workbook.xml'
10:45:46.409 [main] DEBUG - Save part 'xl/worksheets/sheet1.xml'
10:45:46.410 [main] DEBUG - Save part 'xl/worksheets/sheet2.xml'
10:45:46.411 [main] DEBUG - Save part 'xl/worksheets/sheet3.xml'
10:45:46.537 [main] DEBUG - Parsing relationship: /xl/_rels/workbook.xml.rels
10:45:46.540 [main] DEBUG - Parsing relationship: /_rels/.rels
10:45:46.589 [main] DEBUG - Save content types part
10:45:46.592 [main] DEBUG - Save package relationships
10:45:46.596 [main] DEBUG - Save part 'docProps/app.xml'
10:45:46.596 [main] DEBUG - Save part 'docProps/core.xml'
10:45:46.599 [main] DEBUG - Save part 'xl/sharedStrings.xml'
10:45:46.600 [main] DEBUG - Save part 'xl/styles.xml'
10:45:46.601 [main] DEBUG - Save part 'xl/workbook.xml'
10:45:46.606 [main] DEBUG - Save part 'xl/worksheets/sheet1.xml'
10:45:46.607 [main] DEBUG - Save part 'xl/worksheets/sheet2.xml'
10:45:46.607 [main] DEBUG - Save part 'xl/worksheets/sheet3.xml'
10:45:46.820 [main] DEBUG - Parsing relationship: /xl/_rels/workbook.xml.rels
10:45:46.822 [main] DEBUG - Parsing relationship: /_rels/.rels
10:45:46.865 [main] DEBUG - Save content types part
10:45:46.868 [main] DEBUG - Save package relationships
10:45:46.871 [main] DEBUG - Save part 'docProps/app.xml'
10:45:46.872 [main] DEBUG - Save part 'docProps/core.xml'
10:45:46.875 [main] DEBUG - Save part 'xl/sharedStrings.xml'
10:45:46.875 [main] DEBUG - Save part 'xl/styles.xml'
10:45:46.876 [main] DEBUG - Save part 'xl/workbook.xml'
10:45:46.878 [main] DEBUG - Save part 'xl/worksheets/sheet1.xml'
10:45:46.879 [main] DEBUG - Save part 'xl/worksheets/sheet2.xml'
10:45:46.879 [main] DEBUG - Save part 'xl/worksheets/sheet3.xml'
10:45:46.989 [main] DEBUG - Parsing relationship: /xl/_rels/workbook.xml.rels
10:45:46.991 [main] DEBUG - Parsing relationship: /_rels/.rels
10:45:47.036 [main] DEBUG - Save content types part
10:45:47.039 [main] DEBUG - Save package relationships
10:45:47.042 [main] DEBUG - Save part 'docProps/app.xml'
10:45:47.042 [main] DEBUG - Save part 'docProps/core.xml'
10:45:47.047 [main] DEBUG - Save part 'xl/sharedStrings.xml'
10:45:47.048 [main] DEBUG - Save part 'xl/styles.xml'
10:45:47.049 [main] DEBUG - Save part 'xl/workbook.xml'
10:45:47.054 [main] DEBUG - Save part 'xl/worksheets/sheet1.xml'
10:45:47.055 [main] DEBUG - Save part 'xl/worksheets/sheet2.xml'
10:45:47.056 [main] DEBUG - Save part 'xl/worksheets/sheet3.xml'
10:45:47.128 [main] DEBUG - Parsing relationship: /xl/_rels/workbook.xml.rels
10:45:47.129 [main] DEBUG - Parsing relationship: /_rels/.rels
10:45:47.172 [main] DEBUG - Save content types part
10:45:47.177 [main] DEBUG - Save package relationships
10:45:47.180 [main] DEBUG - Save part 'docProps/app.xml'
10:45:47.180 [main] DEBUG - Save part 'docProps/core.xml'
10:45:47.183 [main] DEBUG - Save part 'xl/sharedStrings.xml'
10:45:47.185 [main] DEBUG - Save part 'xl/styles.xml'
10:45:47.187 [main] DEBUG - Save part 'xl/workbook.xml'
10:45:47.190 [main] DEBUG - Save part 'xl/worksheets/sheet1.xml'
10:45:47.191 [main] DEBUG - Save part 'xl/worksheets/sheet2.xml'
10:45:47.191 [main] DEBUG - Save part 'xl/worksheets/sheet3.xml'
10:45:47.269 [main] DEBUG - Parsing relationship: /xl/_rels/workbook.xml.rels
10:45:47.271 [main] DEBUG - Parsing relationship: /_rels/.rels
10:45:47.306 [main] DEBUG - Save content types part
10:45:47.309 [main] DEBUG - Save package relationships
10:45:47.311 [main] DEBUG - Save part 'docProps/app.xml'
10:45:47.311 [main] DEBUG - Save part 'docProps/core.xml'
10:45:47.315 [main] DEBUG - Save part 'xl/sharedStrings.xml'
10:45:47.315 [main] DEBUG - Save part 'xl/styles.xml'
10:45:47.316 [main] DEBUG - Save part 'xl/workbook.xml'
10:45:47.323 [main] DEBUG - Save part 'xl/worksheets/sheet1.xml'
10:45:47.332 [main] DEBUG - Save part 'xl/worksheets/sheet2.xml'
10:45:47.332 [main] DEBUG - Save part 'xl/worksheets/sheet3.xml'
10:45:47.511 [main] DEBUG - Parsing relationship: /xl/_rels/workbook.xml.rels
10:45:47.513 [main] DEBUG - Parsing relationship: /_rels/.rels
10:45:47.548 [main] DEBUG - Save content types part
10:45:47.551 [main] DEBUG - Save package relationships
10:45:47.556 [main] DEBUG - Save part 'docProps/app.xml'
10:45:47.556 [main] DEBUG - Save part 'docProps/core.xml'
10:45:47.559 [main] DEBUG - Save part 'xl/sharedStrings.xml'
10:45:47.560 [main] DEBUG - Save part 'xl/styles.xml'
10:45:47.560 [main] DEBUG - Save part 'xl/workbook.xml'
10:45:47.563 [main] DEBUG - Save part 'xl/worksheets/sheet1.xml'
10:45:47.564 [main] DEBUG - Save part 'xl/worksheets/sheet2.xml'
10:45:47.564 [main] DEBUG - Save part 'xl/worksheets/sheet3.xml'
10:45:47.632 [main] DEBUG - Parsing relationship: /xl/_rels/workbook.xml.rels
10:45:47.635 [main] DEBUG - Parsing relationship: /_rels/.rels
10:45:47.690 [main] DEBUG - Save content types part
10:45:47.693 [main] DEBUG - Save package relationships
10:45:47.695 [main] DEBUG - Save part 'docProps/app.xml'
10:45:47.696 [main] DEBUG - Save part 'docProps/core.xml'
10:45:47.702 [main] DEBUG - Save part 'xl/sharedStrings.xml'
10:45:47.703 [main] DEBUG - Save part 'xl/styles.xml'
10:45:47.705 [main] DEBUG - Save part 'xl/workbook.xml'
10:45:47.709 [main] DEBUG - Save part 'xl/worksheets/sheet1.xml'
10:45:47.710 [main] DEBUG - Save part 'xl/worksheets/sheet2.xml'
10:45:47.710 [main] DEBUG - Save part 'xl/worksheets/sheet3.xml'
10:45:47.781 [main] DEBUG - Parsing relationship: /xl/_rels/workbook.xml.rels
10:45:47.783 [main] DEBUG - Parsing relationship: /_rels/.rels
10:45:47.821 [main] DEBUG - Save content types part
10:45:47.824 [main] DEBUG - Save package relationships
10:45:47.829 [main] DEBUG - Save part 'docProps/app.xml'
10:45:47.829 [main] DEBUG - Save part 'docProps/core.xml'
10:45:47.833 [main] DEBUG - Save part 'xl/sharedStrings.xml'
10:45:47.835 [main] DEBUG - Save part 'xl/styles.xml'
10:45:47.835 [main] DEBUG - Save part 'xl/workbook.xml'
10:45:47.839 [main] DEBUG - Save part 'xl/worksheets/sheet1.xml'
10:45:47.840 [main] DEBUG - Save part 'xl/worksheets/sheet2.xml'
10:45:47.840 [main] DEBUG - Save part 'xl/worksheets/sheet3.xml'
10:45:47.910 [main] DEBUG - Parsing relationship: /xl/_rels/workbook.xml.rels
10:45:47.911 [main] DEBUG - Parsing relationship: /_rels/.rels
10:45:47.947 [main] DEBUG - Save content types part
10:45:47.952 [main] DEBUG - Save package relationships
10:45:47.958 [main] DEBUG - Save part 'docProps/app.xml'
10:45:47.958 [main] DEBUG - Save part 'docProps/core.xml'
10:45:47.961 [main] DEBUG - Save part 'xl/sharedStrings.xml'
10:45:47.961 [main] DEBUG - Save part 'xl/styles.xml'
10:45:47.962 [main] DEBUG - Save part 'xl/workbook.xml'
10:45:47.964 [main] DEBUG - Save part 'xl/worksheets/sheet1.xml'
10:45:47.965 [main] DEBUG - Save part 'xl/worksheets/sheet2.xml'
10:45:47.966 [main] DEBUG - Save part 'xl/worksheets/sheet3.xml'
10:45:48.134 [main] DEBUG - Parsing relationship: /xl/_rels/workbook.xml.rels
10:45:48.135 [main] DEBUG - Parsing relationship: /_rels/.rels
10:45:48.166 [main] DEBUG - Save content types part
10:45:48.169 [main] DEBUG - Save package relationships
10:45:48.173 [main] DEBUG - Save part 'docProps/app.xml'
10:45:48.173 [main] DEBUG - Save part 'docProps/core.xml'
10:45:48.176 [main] DEBUG - Save part 'xl/sharedStrings.xml'
10:45:48.176 [main] DEBUG - Save part 'xl/styles.xml'
10:45:48.177 [main] DEBUG - Save part 'xl/workbook.xml'
10:45:48.179 [main] DEBUG - Save part 'xl/worksheets/sheet1.xml'
10:45:48.180 [main] DEBUG - Save part 'xl/worksheets/sheet2.xml'
10:45:48.180 [main] DEBUG - Save part 'xl/worksheets/sheet3.xml'
10:45:48.238 [main] DEBUG - Parsing relationship: /xl/_rels/workbook.xml.rels
10:45:48.239 [main] DEBUG - Parsing relationship: /_rels/.rels
10:45:48.281 [main] DEBUG - Save content types part
10:45:48.283 [main] DEBUG - Save package relationships
10:45:48.286 [main] DEBUG - Save part 'docProps/app.xml'
10:45:48.287 [main] DEBUG - Save part 'docProps/core.xml'
10:45:48.289 [main] DEBUG - Save part 'xl/sharedStrings.xml'
10:45:48.290 [main] DEBUG - Save part 'xl/styles.xml'
10:45:48.290 [main] DEBUG - Save part 'xl/workbook.xml'
10:45:48.293 [main] DEBUG - Save part 'xl/worksheets/sheet1.xml'
10:45:48.294 [main] DEBUG - Save part 'xl/worksheets/sheet2.xml'
10:45:48.295 [main] DEBUG - Save part 'xl/worksheets/sheet3.xml'
10:45:48.356 [main] DEBUG - Parsing relationship: /xl/_rels/workbook.xml.rels
10:45:48.357 [main] DEBUG - Parsing relationship: /_rels/.rels
10:45:48.388 [main] DEBUG - Save content types part
10:45:48.392 [main] DEBUG - Save package relationships
10:45:48.393 [main] DEBUG - Save part 'docProps/app.xml'
10:45:48.394 [main] DEBUG - Save part 'docProps/core.xml'
10:45:48.396 [main] DEBUG - Save part 'xl/sharedStrings.xml'
10:45:48.397 [main] DEBUG - Save part 'xl/styles.xml'
10:45:48.397 [main] DEBUG - Save part 'xl/workbook.xml'
10:45:48.400 [main] DEBUG - Save part 'xl/worksheets/sheet1.xml'
10:45:48.401 [main] DEBUG - Save part 'xl/worksheets/sheet2.xml'
10:45:48.402 [main] DEBUG - Save part 'xl/worksheets/sheet3.xml'
10:45:48.470 [main] DEBUG - Parsing relationship: /xl/_rels/workbook.xml.rels
10:45:48.471 [main] DEBUG - Parsing relationship: /_rels/.rels
10:45:48.504 [main] DEBUG - Save content types part
10:45:48.506 [main] DEBUG - Save package relationships
10:45:48.509 [main] DEBUG - Save part 'docProps/app.xml'
10:45:48.509 [main] DEBUG - Save part 'docProps/core.xml'
10:45:48.512 [main] DEBUG - Save part 'xl/sharedStrings.xml'
10:45:48.513 [main] DEBUG - Save part 'xl/styles.xml'
10:45:48.513 [main] DEBUG - Save part 'xl/workbook.xml'
10:45:48.516 [main] DEBUG - Save part 'xl/worksheets/sheet1.xml'
10:45:48.517 [main] DEBUG - Save part 'xl/worksheets/sheet2.xml'
10:45:48.518 [main] DEBUG - Save part 'xl/worksheets/sheet3.xml'
10:45:48.714 [main] DEBUG - Parsing relationship: /xl/_rels/workbook.xml.rels
10:45:48.716 [main] DEBUG - Parsing relationship: /_rels/.rels
10:45:48.765 [main] DEBUG - Save content types part
10:45:48.770 [main] DEBUG - Save package relationships
10:45:48.773 [main] DEBUG - Save part 'docProps/app.xml'
10:45:48.775 [main] DEBUG - Save part 'docProps/core.xml'
10:45:48.778 [main] DEBUG - Save part 'xl/sharedStrings.xml'
10:45:48.779 [main] DEBUG - Save part 'xl/styles.xml'
10:45:48.780 [main] DEBUG - Save part 'xl/workbook.xml'
10:45:48.783 [main] DEBUG - Save part 'xl/worksheets/sheet1.xml'
10:45:48.783 [main] DEBUG - Save part 'xl/worksheets/sheet2.xml'
10:45:48.784 [main] DEBUG - Save part 'xl/worksheets/sheet3.xml'
10:45:48.860 [main] DEBUG - Parsing relationship: /xl/_rels/workbook.xml.rels
10:45:48.861 [main] DEBUG - Parsing relationship: /_rels/.rels
10:45:48.899 [main] DEBUG - Save content types part
10:45:48.903 [main] DEBUG - Save package relationships
10:45:48.906 [main] DEBUG - Save part 'docProps/app.xml'
10:45:48.906 [main] DEBUG - Save part 'docProps/core.xml'
10:45:48.909 [main] DEBUG - Save part 'xl/sharedStrings.xml'
10:45:48.910 [main] DEBUG - Save part 'xl/styles.xml'
10:45:48.910 [main] DEBUG - Save part 'xl/workbook.xml'
10:45:48.913 [main] DEBUG - Save part 'xl/worksheets/sheet1.xml'
10:45:48.913 [main] DEBUG - Save part 'xl/worksheets/sheet2.xml'
10:45:48.915 [main] DEBUG - Save part 'xl/worksheets/sheet3.xml'
10:45:48.981 [main] DEBUG - Parsing relationship: /xl/_rels/workbook.xml.rels
10:45:48.982 [main] DEBUG - Parsing relationship: /_rels/.rels
10:45:49.033 [main] DEBUG - Save content types part
10:45:49.038 [main] DEBUG - Save package relationships
10:45:49.040 [main] DEBUG - Save part 'docProps/app.xml'
10:45:49.041 [main] DEBUG - Save part 'docProps/core.xml'
10:45:49.044 [main] DEBUG - Save part 'xl/sharedStrings.xml'
10:45:49.045 [main] DEBUG - Save part 'xl/styles.xml'
10:45:49.047 [main] DEBUG - Save part 'xl/workbook.xml'
10:45:49.053 [main] DEBUG - Save part 'xl/worksheets/sheet1.xml'
10:45:49.054 [main] DEBUG - Save part 'xl/worksheets/sheet2.xml'
10:45:49.055 [main] DEBUG - Save part 'xl/worksheets/sheet3.xml'
10:45:49.129 [main] DEBUG - Parsing relationship: /xl/_rels/workbook.xml.rels
10:45:49.131 [main] DEBUG - Parsing relationship: /_rels/.rels
10:45:49.176 [main] DEBUG - Save content types part
10:45:49.179 [main] DEBUG - Save package relationships
10:45:49.183 [main] DEBUG - Save part 'docProps/app.xml'
10:45:49.184 [main] DEBUG - Save part 'docProps/core.xml'
10:45:49.189 [main] DEBUG - Save part 'xl/sharedStrings.xml'
10:45:49.190 [main] DEBUG - Save part 'xl/styles.xml'
10:45:49.190 [main] DEBUG - Save part 'xl/workbook.xml'
10:45:49.193 [main] DEBUG - Save part 'xl/worksheets/sheet1.xml'
10:45:49.194 [main] DEBUG - Save part 'xl/worksheets/sheet2.xml'
10:45:49.194 [main] DEBUG - Save part 'xl/worksheets/sheet3.xml'
10:45:49.442 [main] DEBUG - Parsing relationship: /xl/_rels/workbook.xml.rels
10:45:49.443 [main] DEBUG - Parsing relationship: /_rels/.rels
10:45:49.491 [main] DEBUG - Save content types part
10:45:49.495 [main] DEBUG - Save package relationships
10:45:49.496 [main] DEBUG - Save part 'docProps/app.xml'
10:45:49.497 [main] DEBUG - Save part 'docProps/core.xml'
10:45:49.500 [main] DEBUG - Save part 'xl/sharedStrings.xml'
10:45:49.503 [main] DEBUG - Save part 'xl/styles.xml'
10:45:49.503 [main] DEBUG - Save part 'xl/workbook.xml'
10:45:49.506 [main] DEBUG - Save part 'xl/worksheets/sheet1.xml'
10:45:49.507 [main] DEBUG - Save part 'xl/worksheets/sheet2.xml'
10:45:49.507 [main] DEBUG - Save part 'xl/worksheets/sheet3.xml'
10:45:49.572 [main] DEBUG - Parsing relationship: /xl/_rels/workbook.xml.rels
10:45:49.574 [main] DEBUG - Parsing relationship: /_rels/.rels
10:45:49.608 [main] DEBUG - Save content types part
10:45:49.611 [main] DEBUG - Save package relationships
10:45:49.613 [main] DEBUG - Save part 'docProps/app.xml'
10:45:49.614 [main] DEBUG - Save part 'docProps/core.xml'
10:45:49.618 [main] DEBUG - Save part 'xl/sharedStrings.xml'
10:45:49.618 [main] DEBUG - Save part 'xl/styles.xml'
10:45:49.619 [main] DEBUG - Save part 'xl/workbook.xml'
10:45:49.623 [main] DEBUG - Save part 'xl/worksheets/sheet1.xml'
10:45:49.624 [main] DEBUG - Save part 'xl/worksheets/sheet2.xml'
10:45:49.624 [main] DEBUG - Save part 'xl/worksheets/sheet3.xml'
10:45:49.693 [main] DEBUG - Parsing relationship: /xl/_rels/workbook.xml.rels
10:45:49.694 [main] DEBUG - Parsing relationship: /_rels/.rels
10:45:49.724 [main] DEBUG - Save content types part
10:45:49.727 [main] DEBUG - Save package relationships
10:45:49.729 [main] DEBUG - Save part 'docProps/app.xml'
10:45:49.730 [main] DEBUG - Save part 'docProps/core.xml'
10:45:49.733 [main] DEBUG - Save part 'xl/sharedStrings.xml'
10:45:49.734 [main] DEBUG - Save part 'xl/styles.xml'
10:45:49.734 [main] DEBUG - Save part 'xl/workbook.xml'
10:45:49.737 [main] DEBUG - Save part 'xl/worksheets/sheet1.xml'
10:45:49.737 [main] DEBUG - Save part 'xl/worksheets/sheet2.xml'
10:45:49.738 [main] DEBUG - Save part 'xl/worksheets/sheet3.xml'
10:45:49.805 [main] DEBUG - Parsing relationship: /xl/_rels/workbook.xml.rels
10:45:49.806 [main] DEBUG - Parsing relationship: /_rels/.rels
10:45:49.837 [main] DEBUG - Save content types part
10:45:49.840 [main] DEBUG - Save package relationships
10:45:49.842 [main] DEBUG - Save part 'docProps/app.xml'
10:45:49.843 [main] DEBUG - Save part 'docProps/core.xml'
10:45:49.846 [main] DEBUG - Save part 'xl/sharedStrings.xml'
10:45:49.847 [main] DEBUG - Save part 'xl/styles.xml'
10:45:49.847 [main] DEBUG - Save part 'xl/workbook.xml'
10:45:49.851 [main] DEBUG - Save part 'xl/worksheets/sheet1.xml'
10:45:49.852 [main] DEBUG - Save part 'xl/worksheets/sheet2.xml'
10:45:49.852 [main] DEBUG - Save part 'xl/worksheets/sheet3.xml'
10:45:50.042 [main] DEBUG - Parsing relationship: /xl/_rels/workbook.xml.rels
10:45:50.043 [main] DEBUG - Parsing relationship: /_rels/.rels
10:45:50.077 [main] DEBUG - Save content types part
10:45:50.080 [main] DEBUG - Save package relationships
10:45:50.083 [main] DEBUG - Save part 'docProps/app.xml'
10:45:50.084 [main] DEBUG - Save part 'docProps/core.xml'
10:45:50.089 [main] DEBUG - Save part 'xl/sharedStrings.xml'
10:45:50.090 [main] DEBUG - Save part 'xl/styles.xml'
10:45:50.091 [main] DEBUG - Save part 'xl/workbook.xml'
10:45:50.095 [main] DEBUG - Save part 'xl/worksheets/sheet1.xml'
10:45:50.095 [main] DEBUG - Save part 'xl/worksheets/sheet2.xml'
10:45:50.096 [main] DEBUG - Save part 'xl/worksheets/sheet3.xml'
10:45:50.164 [main] DEBUG - Parsing relationship: /xl/_rels/workbook.xml.rels
10:45:50.165 [main] DEBUG - Parsing relationship: /_rels/.rels
10:45:50.201 [main] DEBUG - Save content types part
10:45:50.204 [main] DEBUG - Save package relationships
10:45:50.207 [main] DEBUG - Save part 'docProps/app.xml'
10:45:50.207 [main] DEBUG - Save part 'docProps/core.xml'
10:45:50.210 [main] DEBUG - Save part 'xl/sharedStrings.xml'
10:45:50.210 [main] DEBUG - Save part 'xl/styles.xml'
10:45:50.210 [main] DEBUG - Save part 'xl/workbook.xml'
10:45:50.214 [main] DEBUG - Save part 'xl/worksheets/sheet1.xml'
10:45:50.214 [main] DEBUG - Save part 'xl/worksheets/sheet2.xml'
10:45:50.215 [main] DEBUG - Save part 'xl/worksheets/sheet3.xml'
10:45:50.271 [main] DEBUG - Parsing relationship: /xl/_rels/workbook.xml.rels
10:45:50.272 [main] DEBUG - Parsing relationship: /_rels/.rels
10:45:50.298 [main] DEBUG - Save content types part
10:45:50.302 [main] DEBUG - Save package relationships
10:45:50.304 [main] DEBUG - Save part 'docProps/app.xml'
10:45:50.305 [main] DEBUG - Save part 'docProps/core.xml'
10:45:50.307 [main] DEBUG - Save part 'xl/sharedStrings.xml'
10:45:50.308 [main] DEBUG - Save part 'xl/styles.xml'
10:45:50.308 [main] DEBUG - Save part 'xl/workbook.xml'
10:45:50.310 [main] DEBUG - Save part 'xl/worksheets/sheet1.xml'
10:45:50.311 [main] DEBUG - Save part 'xl/worksheets/sheet2.xml'
10:45:50.311 [main] DEBUG - Save part 'xl/worksheets/sheet3.xml'
10:45:50.366 [main] DEBUG - Parsing relationship: /xl/_rels/workbook.xml.rels
10:45:50.367 [main] DEBUG - Parsing relationship: /_rels/.rels
10:45:50.393 [main] DEBUG - Save content types part
10:45:50.395 [main] DEBUG - Save package relationships
10:45:50.397 [main] DEBUG - Save part 'docProps/app.xml'
10:45:50.397 [main] DEBUG - Save part 'docProps/core.xml'
10:45:50.399 [main] DEBUG - Save part 'xl/sharedStrings.xml'
10:45:50.400 [main] DEBUG - Save part 'xl/styles.xml'
10:45:50.401 [main] DEBUG - Save part 'xl/workbook.xml'
10:45:50.403 [main] DEBUG - Save part 'xl/worksheets/sheet1.xml'
10:45:50.404 [main] DEBUG - Save part 'xl/worksheets/sheet2.xml'
10:45:50.404 [main] DEBUG - Save part 'xl/worksheets/sheet3.xml'
10:45:50.557 [main] INFO  - Retrived the Upcoming bikes
10:47:05.972 [main] INFO  - Opened Application
10:47:16.040 [main] INFO  - Clicked on May be later
10:47:17.525 [main] INFO  - Navigated to Used Cars in Chennai page
10:47:18.734 [main] INFO  - Clicked on Read More Button
10:47:19.047 [main] DEBUG - Parsing relationship: /xl/_rels/workbook.xml.rels
10:47:19.049 [main] DEBUG - Parsing relationship: /_rels/.rels
10:47:19.075 [main] DEBUG - Save content types part
10:47:19.077 [main] DEBUG - Save package relationships
10:47:19.079 [main] DEBUG - Save part 'docProps/app.xml'
10:47:19.079 [main] DEBUG - Save part 'docProps/core.xml'
10:47:19.081 [main] DEBUG - Save part 'xl/sharedStrings.xml'
10:47:19.082 [main] DEBUG - Save part 'xl/styles.xml'
10:47:19.082 [main] DEBUG - Save part 'xl/workbook.xml'
10:47:19.085 [main] DEBUG - Save part 'xl/worksheets/sheet1.xml'
10:47:19.085 [main] DEBUG - Save part 'xl/worksheets/sheet2.xml'
10:47:19.086 [main] DEBUG - Save part 'xl/worksheets/sheet3.xml'
10:47:19.170 [main] DEBUG - Parsing relationship: /xl/_rels/workbook.xml.rels
10:47:19.171 [main] DEBUG - Parsing relationship: /_rels/.rels
10:47:19.200 [main] DEBUG - Save content types part
10:47:19.204 [main] DEBUG - Save package relationships
10:47:19.206 [main] DEBUG - Save part 'docProps/app.xml'
10:47:19.207 [main] DEBUG - Save part 'docProps/core.xml'
10:47:19.209 [main] DEBUG - Save part 'xl/sharedStrings.xml'
10:47:19.209 [main] DEBUG - Save part 'xl/styles.xml'
10:47:19.210 [main] DEBUG - Save part 'xl/workbook.xml'
10:47:19.225 [main] DEBUG - Save part 'xl/worksheets/sheet1.xml'
10:47:19.225 [main] DEBUG - Save part 'xl/worksheets/sheet2.xml'
10:47:19.227 [main] DEBUG - Save part 'xl/worksheets/sheet3.xml'
10:47:19.313 [main] DEBUG - Parsing relationship: /xl/_rels/workbook.xml.rels
10:47:19.314 [main] DEBUG - Parsing relationship: /_rels/.rels
10:47:19.349 [main] DEBUG - Save content types part
10:47:19.354 [main] DEBUG - Save package relationships
10:47:19.357 [main] DEBUG - Save part 'docProps/app.xml'
10:47:19.357 [main] DEBUG - Save part 'docProps/core.xml'
10:47:19.361 [main] DEBUG - Save part 'xl/sharedStrings.xml'
10:47:19.361 [main] DEBUG - Save part 'xl/styles.xml'
10:47:19.361 [main] DEBUG - Save part 'xl/workbook.xml'
10:47:19.364 [main] DEBUG - Save part 'xl/worksheets/sheet1.xml'
10:47:19.364 [main] DEBUG - Save part 'xl/worksheets/sheet2.xml'
10:47:19.364 [main] DEBUG - Save part 'xl/worksheets/sheet3.xml'
10:47:19.513 [main] DEBUG - Parsing relationship: /xl/_rels/workbook.xml.rels
10:47:19.514 [main] DEBUG - Parsing relationship: /_rels/.rels
10:47:19.542 [main] DEBUG - Save content types part
10:47:19.544 [main] DEBUG - Save package relationships
10:47:19.546 [main] DEBUG - Save part 'docProps/app.xml'
10:47:19.547 [main] DEBUG - Save part 'docProps/core.xml'
10:47:19.549 [main] DEBUG - Save part 'xl/sharedStrings.xml'
10:47:19.550 [main] DEBUG - Save part 'xl/styles.xml'
10:47:19.550 [main] DEBUG - Save part 'xl/workbook.xml'
10:47:19.553 [main] DEBUG - Save part 'xl/worksheets/sheet1.xml'
10:47:19.554 [main] DEBUG - Save part 'xl/worksheets/sheet2.xml'
10:47:19.554 [main] DEBUG - Save part 'xl/worksheets/sheet3.xml'
10:47:19.611 [main] DEBUG - Parsing relationship: /xl/_rels/workbook.xml.rels
10:47:19.613 [main] DEBUG - Parsing relationship: /_rels/.rels
10:47:19.642 [main] DEBUG - Save content types part
10:47:19.645 [main] DEBUG - Save package relationships
10:47:19.647 [main] DEBUG - Save part 'docProps/app.xml'
10:47:19.648 [main] DEBUG - Save part 'docProps/core.xml'
10:47:19.651 [main] DEBUG - Save part 'xl/sharedStrings.xml'
10:47:19.652 [main] DEBUG - Save part 'xl/styles.xml'
10:47:19.652 [main] DEBUG - Save part 'xl/workbook.xml'
10:47:19.654 [main] DEBUG - Save part 'xl/worksheets/sheet1.xml'
10:47:19.655 [main] DEBUG - Save part 'xl/worksheets/sheet2.xml'
10:47:19.655 [main] DEBUG - Save part 'xl/worksheets/sheet3.xml'
10:47:19.727 [main] DEBUG - Parsing relationship: /xl/_rels/workbook.xml.rels
10:47:19.729 [main] DEBUG - Parsing relationship: /_rels/.rels
10:47:19.756 [main] DEBUG - Save content types part
10:47:19.759 [main] DEBUG - Save package relationships
10:47:19.761 [main] DEBUG - Save part 'docProps/app.xml'
10:47:19.762 [main] DEBUG - Save part 'docProps/core.xml'
10:47:19.764 [main] DEBUG - Save part 'xl/sharedStrings.xml'
10:47:19.765 [main] DEBUG - Save part 'xl/styles.xml'
10:47:19.765 [main] DEBUG - Save part 'xl/workbook.xml'
10:47:19.768 [main] DEBUG - Save part 'xl/worksheets/sheet1.xml'
10:47:19.770 [main] DEBUG - Save part 'xl/worksheets/sheet2.xml'
10:47:19.770 [main] DEBUG - Save part 'xl/worksheets/sheet3.xml'
10:47:19.895 [main] DEBUG - Parsing relationship: /xl/_rels/workbook.xml.rels
10:47:19.896 [main] DEBUG - Parsing relationship: /_rels/.rels
10:47:19.925 [main] DEBUG - Save content types part
10:47:19.927 [main] DEBUG - Save package relationships
10:47:19.930 [main] DEBUG - Save part 'docProps/app.xml'
10:47:19.930 [main] DEBUG - Save part 'docProps/core.xml'
10:47:19.933 [main] DEBUG - Save part 'xl/sharedStrings.xml'
10:47:19.934 [main] DEBUG - Save part 'xl/styles.xml'
10:47:19.934 [main] DEBUG - Save part 'xl/workbook.xml'
10:47:19.937 [main] DEBUG - Save part 'xl/worksheets/sheet1.xml'
10:47:19.938 [main] DEBUG - Save part 'xl/worksheets/sheet2.xml'
10:47:19.938 [main] DEBUG - Save part 'xl/worksheets/sheet3.xml'
10:47:19.993 [main] DEBUG - Parsing relationship: /xl/_rels/workbook.xml.rels
10:47:19.994 [main] DEBUG - Parsing relationship: /_rels/.rels
10:47:20.026 [main] DEBUG - Save content types part
10:47:20.029 [main] DEBUG - Save package relationships
10:47:20.032 [main] DEBUG - Save part 'docProps/app.xml'
10:47:20.032 [main] DEBUG - Save part 'docProps/core.xml'
10:47:20.037 [main] DEBUG - Save part 'xl/sharedStrings.xml'
10:47:20.037 [main] DEBUG - Save part 'xl/styles.xml'
10:47:20.038 [main] DEBUG - Save part 'xl/workbook.xml'
10:47:20.041 [main] DEBUG - Save part 'xl/worksheets/sheet1.xml'
10:47:20.042 [main] DEBUG - Save part 'xl/worksheets/sheet2.xml'
10:47:20.042 [main] DEBUG - Save part 'xl/worksheets/sheet3.xml'
10:47:20.095 [main] DEBUG - Parsing relationship: /xl/_rels/workbook.xml.rels
10:47:20.096 [main] DEBUG - Parsing relationship: /_rels/.rels
10:47:20.128 [main] DEBUG - Save content types part
10:47:20.131 [main] DEBUG - Save package relationships
10:47:20.136 [main] DEBUG - Save part 'docProps/app.xml'
10:47:20.138 [main] DEBUG - Save part 'docProps/core.xml'
10:47:20.140 [main] DEBUG - Save part 'xl/sharedStrings.xml'
10:47:20.141 [main] DEBUG - Save part 'xl/styles.xml'
10:47:20.141 [main] DEBUG - Save part 'xl/workbook.xml'
10:47:20.143 [main] DEBUG - Save part 'xl/worksheets/sheet1.xml'
10:47:20.144 [main] DEBUG - Save part 'xl/worksheets/sheet2.xml'
10:47:20.147 [main] DEBUG - Save part 'xl/worksheets/sheet3.xml'
10:47:20.376 [main] DEBUG - Parsing relationship: /xl/_rels/workbook.xml.rels
10:47:20.378 [main] DEBUG - Parsing relationship: /_rels/.rels
10:47:20.421 [main] DEBUG - Save content types part
10:47:20.424 [main] DEBUG - Save package relationships
10:47:20.426 [main] DEBUG - Save part 'docProps/app.xml'
10:47:20.427 [main] DEBUG - Save part 'docProps/core.xml'
10:47:20.430 [main] DEBUG - Save part 'xl/sharedStrings.xml'
10:47:20.432 [main] DEBUG - Save part 'xl/styles.xml'
10:47:20.432 [main] DEBUG - Save part 'xl/workbook.xml'
10:47:20.437 [main] DEBUG - Save part 'xl/worksheets/sheet1.xml'
10:47:20.437 [main] DEBUG - Save part 'xl/worksheets/sheet2.xml'
10:47:20.437 [main] DEBUG - Save part 'xl/worksheets/sheet3.xml'
10:47:20.616 [main] DEBUG - Parsing relationship: /xl/_rels/workbook.xml.rels
10:47:20.619 [main] DEBUG - Parsing relationship: /_rels/.rels
10:47:20.699 [main] DEBUG - Save content types part
10:47:20.703 [main] DEBUG - Save package relationships
10:47:20.705 [main] DEBUG - Save part 'docProps/app.xml'
10:47:20.706 [main] DEBUG - Save part 'docProps/core.xml'
10:47:20.709 [main] DEBUG - Save part 'xl/sharedStrings.xml'
10:47:20.710 [main] DEBUG - Save part 'xl/styles.xml'
10:47:20.710 [main] DEBUG - Save part 'xl/workbook.xml'
10:47:20.714 [main] DEBUG - Save part 'xl/worksheets/sheet1.xml'
10:47:20.714 [main] DEBUG - Save part 'xl/worksheets/sheet2.xml'
10:47:20.715 [main] DEBUG - Save part 'xl/worksheets/sheet3.xml'
10:47:20.811 [main] DEBUG - Parsing relationship: /xl/_rels/workbook.xml.rels
10:47:20.812 [main] DEBUG - Parsing relationship: /_rels/.rels
10:47:20.857 [main] DEBUG - Save content types part
10:47:20.862 [main] DEBUG - Save package relationships
10:47:20.864 [main] DEBUG - Save part 'docProps/app.xml'
10:47:20.865 [main] DEBUG - Save part 'docProps/core.xml'
10:47:20.870 [main] DEBUG - Save part 'xl/sharedStrings.xml'
10:47:20.870 [main] DEBUG - Save part 'xl/styles.xml'
10:47:20.871 [main] DEBUG - Save part 'xl/workbook.xml'
10:47:20.875 [main] DEBUG - Save part 'xl/worksheets/sheet1.xml'
10:47:20.876 [main] DEBUG - Save part 'xl/worksheets/sheet2.xml'
10:47:20.876 [main] DEBUG - Save part 'xl/worksheets/sheet3.xml'
10:47:21.124 [main] DEBUG - Parsing relationship: /xl/_rels/workbook.xml.rels
10:47:21.125 [main] DEBUG - Parsing relationship: /_rels/.rels
10:47:21.170 [main] DEBUG - Save content types part
10:47:21.173 [main] DEBUG - Save package relationships
10:47:21.175 [main] DEBUG - Save part 'docProps/app.xml'
10:47:21.176 [main] DEBUG - Save part 'docProps/core.xml'
10:47:21.178 [main] DEBUG - Save part 'xl/sharedStrings.xml'
10:47:21.178 [main] DEBUG - Save part 'xl/styles.xml'
10:47:21.179 [main] DEBUG - Save part 'xl/workbook.xml'
10:47:21.182 [main] DEBUG - Save part 'xl/worksheets/sheet1.xml'
10:47:21.182 [main] DEBUG - Save part 'xl/worksheets/sheet2.xml'
10:47:21.183 [main] DEBUG - Save part 'xl/worksheets/sheet3.xml'
10:47:21.253 [main] DEBUG - Parsing relationship: /xl/_rels/workbook.xml.rels
10:47:21.254 [main] DEBUG - Parsing relationship: /_rels/.rels
10:47:21.289 [main] DEBUG - Save content types part
10:47:21.292 [main] DEBUG - Save package relationships
10:47:21.295 [main] DEBUG - Save part 'docProps/app.xml'
10:47:21.295 [main] DEBUG - Save part 'docProps/core.xml'
10:47:21.298 [main] DEBUG - Save part 'xl/sharedStrings.xml'
10:47:21.299 [main] DEBUG - Save part 'xl/styles.xml'
10:47:21.299 [main] DEBUG - Save part 'xl/workbook.xml'
10:47:21.302 [main] DEBUG - Save part 'xl/worksheets/sheet1.xml'
10:47:21.302 [main] DEBUG - Save part 'xl/worksheets/sheet2.xml'
10:47:21.303 [main] DEBUG - Save part 'xl/worksheets/sheet3.xml'
10:47:21.365 [main] DEBUG - Parsing relationship: /xl/_rels/workbook.xml.rels
10:47:21.367 [main] DEBUG - Parsing relationship: /_rels/.rels
10:47:21.405 [main] DEBUG - Save content types part
10:47:21.408 [main] DEBUG - Save package relationships
10:47:21.411 [main] DEBUG - Save part 'docProps/app.xml'
10:47:21.411 [main] DEBUG - Save part 'docProps/core.xml'
10:47:21.415 [main] DEBUG - Save part 'xl/sharedStrings.xml'
10:47:21.415 [main] DEBUG - Save part 'xl/styles.xml'
10:47:21.416 [main] DEBUG - Save part 'xl/workbook.xml'
10:47:21.419 [main] DEBUG - Save part 'xl/worksheets/sheet1.xml'
10:47:21.420 [main] DEBUG - Save part 'xl/worksheets/sheet2.xml'
10:47:21.420 [main] DEBUG - Save part 'xl/worksheets/sheet3.xml'
10:47:21.545 [main] INFO  - Retrived Popular Cars in Chennai
10:48:43.713 [main] INFO  - Opened Application
10:48:53.948 [main] INFO  - Clicked on May be later
10:48:54.809 [main] INFO  - Clicked on Login button
10:48:55.986 [main] INFO  - Click on sign in using Google option
10:48:56.723 [main] INFO  - Swithched to Google window
10:48:58.502 [main] INFO  - Entered Email
10:48:59.088 [main] INFO  - Clicked on Next Button
10:48:59.297 [main] DEBUG - Parsing relationship: /xl/_rels/workbook.xml.rels
10:48:59.299 [main] DEBUG - Parsing relationship: /_rels/.rels
10:48:59.323 [main] DEBUG - Save content types part
10:48:59.325 [main] DEBUG - Save package relationships
10:48:59.327 [main] DEBUG - Save part 'docProps/app.xml'
10:48:59.327 [main] DEBUG - Save part 'docProps/core.xml'
10:48:59.329 [main] DEBUG - Save part 'xl/sharedStrings.xml'
10:48:59.329 [main] DEBUG - Save part 'xl/styles.xml'
10:48:59.330 [main] DEBUG - Save part 'xl/workbook.xml'
10:48:59.332 [main] DEBUG - Save part 'xl/worksheets/sheet1.xml'
10:48:59.332 [main] DEBUG - Save part 'xl/worksheets/sheet2.xml'
10:48:59.333 [main] DEBUG - Save part 'xl/worksheets/sheet3.xml'
10:48:59.379 [main] INFO  - Retrived Error Message
11:25:34.084 [main] INFO  - Opened Application
11:25:44.141 [main] INFO  - Clicked on May be later
11:25:44.753 [main] TRACE - Loading type system org.apache.poi.schemas.ooxml.system.ooxml
11:25:44.755 [main] TRACE - Loading type system org.apache.xmlbeans.metadata.system.sXMLCONFIG
11:25:44.756 [main] TRACE - Loading type system org.apache.xmlbeans.metadata.system.sXMLLANG
11:25:44.756 [main] TRACE - Loading type system org.apache.xmlbeans.metadata.system.sXMLSCHEMA
11:25:44.757 [main] TRACE - Loading type system org.apache.xmlbeans.metadata.system.sXMLTOOLS
11:25:44.758 [main] TRACE - Reading unresolved handles for type system org.apache.xmlbeans.metadata.system.sXMLTOOLS
11:25:44.768 [main] TRACE - Finished loading type system org.apache.xmlbeans.metadata.system.sXMLTOOLS
11:25:44.769 [main] TRACE - Reading unresolved handles for type system org.apache.xmlbeans.metadata.system.sXMLSCHEMA
11:25:44.772 [main] TRACE - Finished loading type system org.apache.xmlbeans.metadata.system.sXMLSCHEMA
11:25:44.773 [main] TRACE - Reading unresolved handles for type system org.apache.xmlbeans.metadata.system.sXMLLANG
11:25:44.774 [main] TRACE - Finished loading type system org.apache.xmlbeans.metadata.system.sXMLLANG
11:25:44.775 [main] TRACE - Reading unresolved handles for type system org.apache.xmlbeans.metadata.system.sXMLCONFIG
11:25:44.776 [main] TRACE - Finished loading type system org.apache.xmlbeans.metadata.system.sXMLCONFIG
11:25:44.777 [main] TRACE - Reading unresolved handles for type system org.apache.poi.schemas.ooxml.system.ooxml
11:25:44.815 [main] TRACE - Finished loading type system org.apache.poi.schemas.ooxml.system.ooxml
11:25:44.816 [main] TRACE - Resolving type for handle ctworkbook83c3type
11:25:44.874 [main] TRACE - Resolving type for handle ctworkbookpr03a5type
11:25:44.883 [main] TRACE - Resolving type for handle ctbookviewsb864type
11:25:44.886 [main] TRACE - Resolving type for handle ctbookviewf677type
11:25:44.891 [main] TRACE - Resolving type for handle ctsheets49fdtype
11:25:44.893 [main] TRACE - Resolving type for handle propertiesee84doctype
11:25:44.894 [main] TRACE - Resolving type for handle ctproperties3f10type
11:25:44.898 [main] TRACE - Resolving type for handle properties288cdoctype
11:25:44.900 [main] TRACE - Resolving type for handle ctproperties2c18type
11:25:44.905 [main] TRACE - Resolving type for handle sstf81fdoctype
11:25:44.906 [main] TRACE - Resolving type for handle ctsst44f3type
11:25:44.909 [main] TRACE - Resolving type for handle stylesheet5d8bdoctype
11:25:44.910 [main] TRACE - Resolving type for handle ctstylesheet4257type
11:25:44.914 [main] TRACE - Resolving type for handle ctfont14d8type
11:25:44.918 [main] TRACE - Resolving type for handle ctfontsizeb3b9type
11:25:44.921 [main] TRACE - Resolving type for handle ctcolord2c2type
11:25:44.923 [main] TRACE - Resolving type for handle ctfontname2dc3type
11:25:44.924 [main] TRACE - Resolving type for handle stxstringf179type
11:25:44.927 [main] TRACE - Resolving type for handle ctfontfamily685ctype
11:25:44.930 [main] TRACE - Resolving type for handle stfontfamily9c6ctype
11:25:44.933 [main] TRACE - Resolving type for handle ctfontschemebf5dtype
11:25:44.936 [main] TRACE - Resolving type for handle stfontschemef36dtype
11:25:44.942 [main] TRACE - Resolving type for handle ctfill550ctype
11:25:44.945 [main] TRACE - Resolving type for handle ctpatternfill7452type
11:25:44.949 [main] TRACE - Resolving type for handle stpatterntype7939type
11:25:44.952 [main] TRACE - Resolving type for handle ctborderf935type
11:25:44.957 [main] TRACE - Resolving type for handle ctborderpre497type
11:25:44.964 [main] TRACE - Resolving type for handle ctxf97f7type
11:25:44.968 [main] TRACE - Resolving type for handle stnumfmtid76fbtype
11:25:44.970 [main] TRACE - Resolving type for handle stfontid9d63type
11:25:44.972 [main] TRACE - Resolving type for handle stfillida097type
11:25:44.974 [main] TRACE - Resolving type for handle stborderid1a80type
11:25:44.978 [main] TRACE - Resolving type for handle stcellstylexfid70c7type
11:25:44.986 [main] TRACE - Resolving type for handle ctsheet4dbetype
11:25:44.993 [main] TRACE - Resolving type for handle ctworksheet530dtype
11:25:44.998 [main] TRACE - Resolving type for handle ctsheetformatprdef7type
11:25:45.004 [main] TRACE - Resolving type for handle ctsheetviewsb918type
11:25:45.007 [main] TRACE - Resolving type for handle ctsheetview0f43type
11:25:45.014 [main] TRACE - Resolving type for handle ctsheetdimensiond310type
11:25:45.016 [main] TRACE - Resolving type for handle stref90a2type
11:25:45.019 [main] TRACE - Resolving type for handle ctsheetdata8408type
11:25:45.022 [main] TRACE - Resolving type for handle ctpagemargins5455type
11:25:45.029 [main] TRACE - Resolving type for handle ctcols627ctype
11:25:45.033 [main] TRACE - Resolving type for handle strelationshipid1e94type
11:25:45.041 [main] TRACE - Resolving type for handle ctrowdd39type
11:25:45.050 [main] TRACE - Resolving type for handle ctcell842btype
11:25:45.063 [main] TRACE - Resolving type for handle stcellrefe4e0type
11:25:45.069 [main] TRACE - Resolving type for handle ctrsta472type
11:25:45.074 [main] TRACE - Resolving type for handle stcelltypebf95type
11:25:45.109 [main] TRACE - Resolving type for handle ctnumfmtsb58btype
11:25:45.113 [main] TRACE - Resolving type for handle ctfonts6623type
11:25:45.119 [main] TRACE - Resolving type for handle ctfills2c6ftype
11:25:45.123 [main] TRACE - Resolving type for handle ctborders0d66type
11:25:45.125 [main] TRACE - Resolving type for handle ctcellxfs1322type
11:25:45.127 [main] TRACE - Resolving type for handle ctcellstylexfsa81ftype
11:25:45.145 [main] DEBUG - Save core properties part
11:25:45.146 [main] DEBUG - Save content types part
11:25:45.236 [main] DEBUG - Save package relationships
11:25:45.244 [main] DEBUG - Save part 'docProps/app.xml'
11:25:45.250 [main] DEBUG - Save part 'docProps/core.xml'
11:25:45.255 [main] DEBUG - Save part 'xl/sharedStrings.xml'
11:25:45.256 [main] DEBUG - Save part 'xl/styles.xml'
11:25:45.256 [main] DEBUG - Save part 'xl/workbook.xml'
11:25:45.258 [main] DEBUG - Save part 'xl/worksheets/sheet1.xml'
11:25:45.258 [main] DEBUG - Save part 'xl/worksheets/sheet2.xml'
11:25:45.258 [main] DEBUG - Save part 'xl/worksheets/sheet3.xml'
11:25:45.270 [main] DEBUG - Save content types part
11:25:45.272 [main] DEBUG - Save package relationships
11:25:45.274 [main] DEBUG - Save part 'docProps/app.xml'
11:25:45.274 [main] DEBUG - Save part 'docProps/core.xml'
11:25:45.276 [main] DEBUG - Save part 'xl/sharedStrings.xml'
11:25:45.276 [main] DEBUG - Save part 'xl/styles.xml'
11:25:45.276 [main] DEBUG - Save part 'xl/workbook.xml'
11:25:45.277 [main] DEBUG - Save part 'xl/worksheets/sheet1.xml'
11:25:45.278 [main] DEBUG - Save part 'xl/worksheets/sheet2.xml'
11:25:45.278 [main] DEBUG - Save part 'xl/worksheets/sheet3.xml'
11:25:45.415 [main] INFO  - Moved to Bikes Tab
11:25:45.516 [main] INFO  - Clicked on Upcoming Bikes
11:25:46.366 [main] INFO  - Selected the Brand:Honda
11:25:50.320 [main] INFO  - Clicked on Load More Button
11:25:54.126 [main] DEBUG - Parsing relationship: /xl/_rels/workbook.xml.rels
11:25:54.127 [main] DEBUG - Parsing relationship: /_rels/.rels
11:25:54.156 [main] TRACE - Resolving type for handle workbookec17doctype
11:25:54.159 [main] TRACE - Resolving type for handle worksheetf539doctype
11:25:54.172 [main] DEBUG - Save content types part
11:25:54.174 [main] DEBUG - Save package relationships
11:25:54.175 [main] DEBUG - Save part 'docProps/app.xml'
11:25:54.175 [main] DEBUG - Save part 'docProps/core.xml'
11:25:54.176 [main] DEBUG - Save part 'xl/sharedStrings.xml'
11:25:54.177 [main] DEBUG - Save part 'xl/styles.xml'
11:25:54.177 [main] DEBUG - Save part 'xl/workbook.xml'
11:25:54.178 [main] DEBUG - Save part 'xl/worksheets/sheet1.xml'
11:25:54.178 [main] DEBUG - Save part 'xl/worksheets/sheet2.xml'
11:25:54.179 [main] DEBUG - Save part 'xl/worksheets/sheet3.xml'
11:25:54.203 [main] DEBUG - Parsing relationship: /xl/_rels/workbook.xml.rels
11:25:54.204 [main] DEBUG - Parsing relationship: /_rels/.rels
11:25:54.220 [main] DEBUG - Save content types part
11:25:54.221 [main] DEBUG - Save package relationships
11:25:54.222 [main] DEBUG - Save part 'docProps/app.xml'
11:25:54.222 [main] DEBUG - Save part 'docProps/core.xml'
11:25:54.223 [main] DEBUG - Save part 'xl/sharedStrings.xml'
11:25:54.223 [main] DEBUG - Save part 'xl/styles.xml'
11:25:54.223 [main] DEBUG - Save part 'xl/workbook.xml'
11:25:54.224 [main] DEBUG - Save part 'xl/worksheets/sheet1.xml'
11:25:54.224 [main] DEBUG - Save part 'xl/worksheets/sheet2.xml'
11:25:54.224 [main] DEBUG - Save part 'xl/worksheets/sheet3.xml'
11:25:54.246 [main] DEBUG - Parsing relationship: /xl/_rels/workbook.xml.rels
11:25:54.246 [main] DEBUG - Parsing relationship: /_rels/.rels
11:25:54.262 [main] DEBUG - Save content types part
11:25:54.263 [main] DEBUG - Save package relationships
11:25:54.264 [main] DEBUG - Save part 'docProps/app.xml'
11:25:54.264 [main] DEBUG - Save part 'docProps/core.xml'
11:25:54.265 [main] DEBUG - Save part 'xl/sharedStrings.xml'
11:25:54.265 [main] DEBUG - Save part 'xl/styles.xml'
11:25:54.265 [main] DEBUG - Save part 'xl/workbook.xml'
11:25:54.265 [main] DEBUG - Save part 'xl/worksheets/sheet1.xml'
11:25:54.266 [main] DEBUG - Save part 'xl/worksheets/sheet2.xml'
11:25:54.266 [main] DEBUG - Save part 'xl/worksheets/sheet3.xml'
11:25:54.290 [main] DEBUG - Parsing relationship: /xl/_rels/workbook.xml.rels
11:25:54.291 [main] DEBUG - Parsing relationship: /_rels/.rels
11:25:54.304 [main] DEBUG - Save content types part
11:25:54.306 [main] DEBUG - Save package relationships
11:25:54.307 [main] DEBUG - Save part 'docProps/app.xml'
11:25:54.307 [main] DEBUG - Save part 'docProps/core.xml'
11:25:54.308 [main] DEBUG - Save part 'xl/sharedStrings.xml'
11:25:54.308 [main] DEBUG - Save part 'xl/styles.xml'
11:25:54.308 [main] DEBUG - Save part 'xl/workbook.xml'
11:25:54.309 [main] DEBUG - Save part 'xl/worksheets/sheet1.xml'
11:25:54.309 [main] DEBUG - Save part 'xl/worksheets/sheet2.xml'
11:25:54.309 [main] DEBUG - Save part 'xl/worksheets/sheet3.xml'
11:25:54.362 [main] DEBUG - Parsing relationship: /xl/_rels/workbook.xml.rels
11:25:54.363 [main] DEBUG - Parsing relationship: /_rels/.rels
11:25:54.382 [main] DEBUG - Save content types part
11:25:54.384 [main] DEBUG - Save package relationships
11:25:54.385 [main] DEBUG - Save part 'docProps/app.xml'
11:25:54.385 [main] DEBUG - Save part 'docProps/core.xml'
11:25:54.385 [main] DEBUG - Save part 'xl/sharedStrings.xml'
11:25:54.386 [main] DEBUG - Save part 'xl/styles.xml'
11:25:54.386 [main] DEBUG - Save part 'xl/workbook.xml'
11:25:54.386 [main] DEBUG - Save part 'xl/worksheets/sheet1.xml'
11:25:54.387 [main] DEBUG - Save part 'xl/worksheets/sheet2.xml'
11:25:54.387 [main] DEBUG - Save part 'xl/worksheets/sheet3.xml'
11:25:54.410 [main] DEBUG - Parsing relationship: /xl/_rels/workbook.xml.rels
11:25:54.410 [main] DEBUG - Parsing relationship: /_rels/.rels
11:25:54.424 [main] DEBUG - Save content types part
11:25:54.425 [main] DEBUG - Save package relationships
11:25:54.426 [main] DEBUG - Save part 'docProps/app.xml'
11:25:54.426 [main] DEBUG - Save part 'docProps/core.xml'
11:25:54.427 [main] DEBUG - Save part 'xl/sharedStrings.xml'
11:25:54.427 [main] DEBUG - Save part 'xl/styles.xml'
11:25:54.427 [main] DEBUG - Save part 'xl/workbook.xml'
11:25:54.428 [main] DEBUG - Save part 'xl/worksheets/sheet1.xml'
11:25:54.429 [main] DEBUG - Save part 'xl/worksheets/sheet2.xml'
11:25:54.429 [main] DEBUG - Save part 'xl/worksheets/sheet3.xml'
11:25:54.457 [main] DEBUG - Parsing relationship: /xl/_rels/workbook.xml.rels
11:25:54.457 [main] DEBUG - Parsing relationship: /_rels/.rels
11:25:54.473 [main] DEBUG - Save content types part
11:25:54.474 [main] DEBUG - Save package relationships
11:25:54.475 [main] DEBUG - Save part 'docProps/app.xml'
11:25:54.475 [main] DEBUG - Save part 'docProps/core.xml'
11:25:54.477 [main] DEBUG - Save part 'xl/sharedStrings.xml'
11:25:54.477 [main] DEBUG - Save part 'xl/styles.xml'
11:25:54.477 [main] DEBUG - Save part 'xl/workbook.xml'
11:25:54.478 [main] DEBUG - Save part 'xl/worksheets/sheet1.xml'
11:25:54.478 [main] DEBUG - Save part 'xl/worksheets/sheet2.xml'
11:25:54.478 [main] DEBUG - Save part 'xl/worksheets/sheet3.xml'
11:25:54.500 [main] DEBUG - Parsing relationship: /xl/_rels/workbook.xml.rels
11:25:54.501 [main] DEBUG - Parsing relationship: /_rels/.rels
11:25:54.518 [main] DEBUG - Save content types part
11:25:54.520 [main] DEBUG - Save package relationships
11:25:54.521 [main] DEBUG - Save part 'docProps/app.xml'
11:25:54.521 [main] DEBUG - Save part 'docProps/core.xml'
11:25:54.522 [main] DEBUG - Save part 'xl/sharedStrings.xml'
11:25:54.522 [main] DEBUG - Save part 'xl/styles.xml'
11:25:54.522 [main] DEBUG - Save part 'xl/workbook.xml'
11:25:54.523 [main] DEBUG - Save part 'xl/worksheets/sheet1.xml'
11:25:54.523 [main] DEBUG - Save part 'xl/worksheets/sheet2.xml'
11:25:54.523 [main] DEBUG - Save part 'xl/worksheets/sheet3.xml'
11:25:54.571 [main] DEBUG - Parsing relationship: /xl/_rels/workbook.xml.rels
11:25:54.572 [main] DEBUG - Parsing relationship: /_rels/.rels
11:25:54.583 [main] DEBUG - Save content types part
11:25:54.584 [main] DEBUG - Save package relationships
11:25:54.585 [main] DEBUG - Save part 'docProps/app.xml'
11:25:54.585 [main] DEBUG - Save part 'docProps/core.xml'
11:25:54.585 [main] DEBUG - Save part 'xl/sharedStrings.xml'
11:25:54.585 [main] DEBUG - Save part 'xl/styles.xml'
11:25:54.586 [main] DEBUG - Save part 'xl/workbook.xml'
11:25:54.586 [main] DEBUG - Save part 'xl/worksheets/sheet1.xml'
11:25:54.586 [main] DEBUG - Save part 'xl/worksheets/sheet2.xml'
11:25:54.586 [main] DEBUG - Save part 'xl/worksheets/sheet3.xml'
11:25:54.609 [main] DEBUG - Parsing relationship: /xl/_rels/workbook.xml.rels
11:25:54.609 [main] DEBUG - Parsing relationship: /_rels/.rels
11:25:54.622 [main] DEBUG - Save content types part
11:25:54.624 [main] DEBUG - Save package relationships
11:25:54.625 [main] DEBUG - Save part 'docProps/app.xml'
11:25:54.625 [main] DEBUG - Save part 'docProps/core.xml'
11:25:54.626 [main] DEBUG - Save part 'xl/sharedStrings.xml'
11:25:54.626 [main] DEBUG - Save part 'xl/styles.xml'
11:25:54.627 [main] DEBUG - Save part 'xl/workbook.xml'
11:25:54.628 [main] DEBUG - Save part 'xl/worksheets/sheet1.xml'
11:25:54.629 [main] DEBUG - Save part 'xl/worksheets/sheet2.xml'
11:25:54.629 [main] DEBUG - Save part 'xl/worksheets/sheet3.xml'
11:25:54.655 [main] DEBUG - Parsing relationship: /xl/_rels/workbook.xml.rels
11:25:54.655 [main] DEBUG - Parsing relationship: /_rels/.rels
11:25:54.667 [main] DEBUG - Save content types part
11:25:54.669 [main] DEBUG - Save package relationships
11:25:54.671 [main] DEBUG - Save part 'docProps/app.xml'
11:25:54.671 [main] DEBUG - Save part 'docProps/core.xml'
11:25:54.672 [main] DEBUG - Save part 'xl/sharedStrings.xml'
11:25:54.672 [main] DEBUG - Save part 'xl/styles.xml'
11:25:54.673 [main] DEBUG - Save part 'xl/workbook.xml'
11:25:54.674 [main] DEBUG - Save part 'xl/worksheets/sheet1.xml'
11:25:54.674 [main] DEBUG - Save part 'xl/worksheets/sheet2.xml'
11:25:54.674 [main] DEBUG - Save part 'xl/worksheets/sheet3.xml'
11:25:54.697 [main] DEBUG - Parsing relationship: /xl/_rels/workbook.xml.rels
11:25:54.698 [main] DEBUG - Parsing relationship: /_rels/.rels
11:25:54.710 [main] DEBUG - Save content types part
11:25:54.711 [main] DEBUG - Save package relationships
11:25:54.712 [main] DEBUG - Save part 'docProps/app.xml'
11:25:54.712 [main] DEBUG - Save part 'docProps/core.xml'
11:25:54.713 [main] DEBUG - Save part 'xl/sharedStrings.xml'
11:25:54.713 [main] DEBUG - Save part 'xl/styles.xml'
11:25:54.713 [main] DEBUG - Save part 'xl/workbook.xml'
11:25:54.715 [main] DEBUG - Save part 'xl/worksheets/sheet1.xml'
