14:42:16.889 [main] DEBUG - Save part 'xl/sharedStrings.xml'
14:42:16.909 [main] DEBUG - Save part 'xl/styles.xml'
14:42:16.909 [main] DEBUG - Save part 'xl/workbook.xml'
14:42:16.912 [main] DEBUG - Save part 'xl/worksheets/sheet1.xml'
14:42:16.913 [main] DEBUG - Save part 'xl/worksheets/sheet2.xml'
14:42:16.913 [main] DEBUG - Save part 'xl/worksheets/sheet3.xml'
14:42:17.008 [main] DEBUG - Parsing relationship: /xl/_rels/workbook.xml.rels
14:42:17.009 [main] DEBUG - Parsing relationship: /_rels/.rels
14:42:17.031 [main] DEBUG - Save content types part
14:42:17.032 [main] DEBUG - Save package relationships
14:42:17.036 [main] DEBUG - Save part 'docProps/app.xml'
14:42:17.036 [main] DEBUG - Save part 'docProps/core.xml'
14:42:17.038 [main] DEBUG - Save part 'xl/sharedStrings.xml'
14:42:17.039 [main] DEBUG - Save part 'xl/styles.xml'
14:42:17.039 [main] DEBUG - Save part 'xl/workbook.xml'
14:42:17.040 [main] DEBUG - Save part 'xl/worksheets/sheet1.xml'
14:42:17.041 [main] DEBUG - Save part 'xl/worksheets/sheet2.xml'
14:42:17.042 [main] DEBUG - Save part 'xl/worksheets/sheet3.xml'
14:42:17.080 [main] DEBUG - Parsing relationship: /xl/_rels/workbook.xml.rels
14:42:17.081 [main] DEBUG - Parsing relationship: /_rels/.rels
14:42:17.105 [main] DEBUG - Save content types part
14:42:17.108 [main] DEBUG - Save package relationships
14:42:17.110 [main] DEBUG - Save part 'docProps/app.xml'
14:42:17.110 [main] DEBUG - Save part 'docProps/core.xml'
14:42:17.112 [main] DEBUG - Save part 'xl/sharedStrings.xml'
14:42:17.113 [main] DEBUG - Save part 'xl/styles.xml'
14:42:17.113 [main] DEBUG - Save part 'xl/workbook.xml'
14:42:17.116 [main] DEBUG - Save part 'xl/worksheets/sheet1.xml'
14:42:17.116 [main] DEBUG - Save part 'xl/worksheets/sheet2.xml'
14:42:17.116 [main] DEBUG - Save part 'xl/worksheets/sheet3.xml'
14:42:17.156 [main] DEBUG - Parsing relationship: /xl/_rels/workbook.xml.rels
14:42:17.157 [main] DEBUG - Parsing relationship: /_rels/.rels
14:42:17.186 [main] DEBUG - Save content types part
14:42:17.190 [main] DEBUG - Save package relationships
14:42:17.192 [main] DEBUG - Save part 'docProps/app.xml'
14:42:17.192 [main] DEBUG - Save part 'docProps/core.xml'
14:42:17.202 [main] DEBUG - Save part 'xl/sharedStrings.xml'
14:42:17.202 [main] DEBUG - Save part 'xl/styles.xml'
14:42:17.203 [main] DEBUG - Save part 'xl/workbook.xml'
14:42:17.324 [main] DEBUG - Save part 'xl/worksheets/sheet1.xml'
14:42:17.325 [main] DEBUG - Save part 'xl/worksheets/sheet2.xml'
14:42:17.325 [main] DEBUG - Save part 'xl/worksheets/sheet3.xml'
14:42:17.478 [main] DEBUG - Parsing relationship: /xl/_rels/workbook.xml.rels
14:42:17.486 [main] DEBUG - Parsing relationship: /_rels/.rels
14:42:17.590 [main] DEBUG - Save content types part
14:42:17.592 [main] DEBUG - Save package relationships
14:42:17.682 [main] DEBUG - Save part 'docProps/app.xml'
14:42:17.682 [main] DEBUG - Save part 'docProps/core.xml'
14:42:17.685 [main] DEBUG - Save part 'xl/sharedStrings.xml'
14:42:17.685 [main] DEBUG - Save part 'xl/styles.xml'
14:42:17.686 [main] DEBUG - Save part 'xl/workbook.xml'
14:42:17.688 [main] DEBUG - Save part 'xl/worksheets/sheet1.xml'
14:42:17.688 [main] DEBUG - Save part 'xl/worksheets/sheet2.xml'
14:42:17.689 [main] DEBUG - Save part 'xl/worksheets/sheet3.xml'
14:42:17.856 [main] DEBUG - Parsing relationship: /xl/_rels/workbook.xml.rels
14:42:17.857 [main] DEBUG - Parsing relationship: /_rels/.rels
14:42:17.886 [main] DEBUG - Save content types part
14:42:17.888 [main] DEBUG - Save package relationships
14:42:17.890 [main] DEBUG - Save part 'docProps/app.xml'
14:42:17.891 [main] DEBUG - Save part 'docProps/core.xml'
14:42:17.893 [main] DEBUG - Save part 'xl/sharedStrings.xml'
14:42:17.893 [main] DEBUG - Save part 'xl/styles.xml'
14:42:17.893 [main] DEBUG - Save part 'xl/workbook.xml'
14:42:17.895 [main] DEBUG - Save part 'xl/worksheets/sheet1.xml'
14:42:17.896 [main] DEBUG - Save part 'xl/worksheets/sheet2.xml'
14:42:17.896 [main] DEBUG - Save part 'xl/worksheets/sheet3.xml'
14:42:17.932 [main] DEBUG - Parsing relationship: /xl/_rels/workbook.xml.rels
14:42:17.935 [main] DEBUG - Parsing relationship: /_rels/.rels
14:42:17.958 [main] DEBUG - Save content types part
14:42:17.960 [main] DEBUG - Save package relationships
14:42:17.961 [main] DEBUG - Save part 'docProps/app.xml'
14:42:17.962 [main] DEBUG - Save part 'docProps/core.xml'
14:42:17.964 [main] DEBUG - Save part 'xl/sharedStrings.xml'
14:42:17.964 [main] DEBUG - Save part 'xl/styles.xml'
14:42:17.965 [main] DEBUG - Save part 'xl/workbook.xml'
14:42:17.966 [main] DEBUG - Save part 'xl/worksheets/sheet1.xml'
14:42:17.966 [main] DEBUG - Save part 'xl/worksheets/sheet2.xml'
14:42:17.967 [main] DEBUG - Save part 'xl/worksheets/sheet3.xml'
14:42:18.005 [main] DEBUG - Parsing relationship: /xl/_rels/workbook.xml.rels
14:42:18.006 [main] DEBUG - Parsing relationship: /_rels/.rels
14:42:18.025 [main] DEBUG - Save content types part
14:42:18.027 [main] DEBUG - Save package relationships
14:42:18.029 [main] DEBUG - Save part 'docProps/app.xml'
14:42:18.029 [main] DEBUG - Save part 'docProps/core.xml'
14:42:18.031 [main] DEBUG - Save part 'xl/sharedStrings.xml'
14:42:18.031 [main] DEBUG - Save part 'xl/styles.xml'
14:42:18.032 [main] DEBUG - Save part 'xl/workbook.xml'
14:42:18.033 [main] DEBUG - Save part 'xl/worksheets/sheet1.xml'
14:42:18.034 [main] DEBUG - Save part 'xl/worksheets/sheet2.xml'
14:42:18.034 [main] DEBUG - Save part 'xl/worksheets/sheet3.xml'
14:42:18.075 [main] DEBUG - Parsing relationship: /xl/_rels/workbook.xml.rels
14:42:18.076 [main] DEBUG - Parsing relationship: /_rels/.rels
14:42:18.410 [main] DEBUG - Save content types part
14:42:18.416 [main] DEBUG - Save package relationships
14:42:18.419 [main] DEBUG - Save part 'docProps/app.xml'
14:42:18.419 [main] DEBUG - Save part 'docProps/core.xml'
14:42:18.435 [main] DEBUG - Save part 'xl/sharedStrings.xml'
14:42:18.435 [main] DEBUG - Save part 'xl/styles.xml'
14:42:18.436 [main] DEBUG - Save part 'xl/workbook.xml'
14:42:18.436 [main] DEBUG - Save part 'xl/worksheets/sheet1.xml'
14:42:18.437 [main] DEBUG - Save part 'xl/worksheets/sheet2.xml'
14:42:18.437 [main] DEBUG - Save part 'xl/worksheets/sheet3.xml'
14:42:18.675 [main] DEBUG - Parsing relationship: /xl/_rels/workbook.xml.rels
14:42:18.675 [main] DEBUG - Parsing relationship: /_rels/.rels
14:42:18.715 [main] DEBUG - Save content types part
14:42:18.716 [main] DEBUG - Save package relationships
14:42:18.718 [main] DEBUG - Save part 'docProps/app.xml'
14:42:18.718 [main] DEBUG - Save part 'docProps/core.xml'
14:42:18.720 [main] DEBUG - Save part 'xl/sharedStrings.xml'
14:42:18.720 [main] DEBUG - Save part 'xl/styles.xml'
14:42:18.720 [main] DEBUG - Save part 'xl/workbook.xml'
14:42:18.721 [main] DEBUG - Save part 'xl/worksheets/sheet1.xml'
14:42:18.722 [main] DEBUG - Save part 'xl/worksheets/sheet2.xml'
14:42:18.722 [main] DEBUG - Save part 'xl/worksheets/sheet3.xml'
14:42:18.869 [main] DEBUG - Parsing relationship: /xl/_rels/workbook.xml.rels
14:42:18.871 [main] DEBUG - Parsing relationship: /_rels/.rels
14:42:18.997 [main] DEBUG - Save content types part
14:42:18.999 [main] DEBUG - Save package relationships
14:42:19.001 [main] DEBUG - Save part 'docProps/app.xml'
14:42:19.001 [main] DEBUG - Save part 'docProps/core.xml'
14:42:19.004 [main] DEBUG - Save part 'xl/sharedStrings.xml'
14:42:19.004 [main] DEBUG - Save part 'xl/styles.xml'
14:42:19.004 [main] DEBUG - Save part 'xl/workbook.xml'
14:42:19.012 [main] DEBUG - Save part 'xl/worksheets/sheet1.xml'
14:42:19.012 [main] DEBUG - Save part 'xl/worksheets/sheet2.xml'
14:42:19.013 [main] DEBUG - Save part 'xl/worksheets/sheet3.xml'
14:42:19.301 [main] DEBUG - Parsing relationship: /xl/_rels/workbook.xml.rels
14:42:19.393 [main] DEBUG - Parsing relationship: /_rels/.rels
14:42:19.424 [main] DEBUG - Save content types part
14:42:19.425 [main] DEBUG - Save package relationships
14:42:19.428 [main] DEBUG - Save part 'docProps/app.xml'
14:42:19.428 [main] DEBUG - Save part 'docProps/core.xml'
14:42:19.430 [main] DEBUG - Save part 'xl/sharedStrings.xml'
14:42:19.430 [main] DEBUG - Save part 'xl/styles.xml'
14:42:19.430 [main] DEBUG - Save part 'xl/workbook.xml'
14:42:19.434 [main] DEBUG - Save part 'xl/worksheets/sheet1.xml'
14:42:19.435 [main] DEBUG - Save part 'xl/worksheets/sheet2.xml'
14:42:19.435 [main] DEBUG - Save part 'xl/worksheets/sheet3.xml'
14:42:19.513 [main] DEBUG - Parsing relationship: /xl/_rels/workbook.xml.rels
14:42:19.514 [main] DEBUG - Parsing relationship: /_rels/.rels
14:42:19.536 [main] DEBUG - Save content types part
14:42:19.538 [main] DEBUG - Save package relationships
14:42:19.541 [main] DEBUG - Save part 'docProps/app.xml'
14:42:19.541 [main] DEBUG - Save part 'docProps/core.xml'
14:42:19.543 [main] DEBUG - Save part 'xl/sharedStrings.xml'
14:42:19.544 [main] DEBUG - Save part 'xl/styles.xml'
14:42:19.544 [main] DEBUG - Save part 'xl/workbook.xml'
14:42:19.546 [main] DEBUG - Save part 'xl/worksheets/sheet1.xml'
14:42:19.546 [main] DEBUG - Save part 'xl/worksheets/sheet2.xml'
14:42:19.547 [main] DEBUG - Save part 'xl/worksheets/sheet3.xml'
14:42:19.635 [main] INFO  - Retrived the Upcoming bikes
14:43:11.231 [main] INFO  - Opened Application
14:43:21.615 [main] INFO  - Clicked on May be later
14:43:23.612 [main] INFO  - Navigated to Used Cars in Chennai page
14:43:24.744 [main] INFO  - Clicked on Read More Button
14:43:25.035 [main] DEBUG - Parsing relationship: /xl/_rels/workbook.xml.rels
14:43:25.036 [main] DEBUG - Parsing relationship: /_rels/.rels
14:43:25.060 [main] DEBUG - Save content types part
14:43:25.062 [main] DEBUG - Save package relationships
14:43:25.063 [main] DEBUG - Save part 'docProps/app.xml'
14:43:25.063 [main] DEBUG - Save part 'docProps/core.xml'
14:43:25.066 [main] DEBUG - Save part 'xl/sharedStrings.xml'
14:43:25.066 [main] DEBUG - Save part 'xl/styles.xml'
14:43:25.067 [main] DEBUG - Save part 'xl/workbook.xml'
14:43:25.069 [main] DEBUG - Save part 'xl/worksheets/sheet1.xml'
14:43:25.069 [main] DEBUG - Save part 'xl/worksheets/sheet2.xml'
14:43:25.070 [main] DEBUG - Save part 'xl/worksheets/sheet3.xml'
14:43:25.141 [main] DEBUG - Parsing relationship: /xl/_rels/workbook.xml.rels
14:43:25.145 [main] DEBUG - Parsing relationship: /_rels/.rels
14:43:25.175 [main] DEBUG - Save content types part
14:43:25.178 [main] DEBUG - Save package relationships
14:43:25.180 [main] DEBUG - Save part 'docProps/app.xml'
14:43:25.180 [main] DEBUG - Save part 'docProps/core.xml'
14:43:25.183 [main] DEBUG - Save part 'xl/sharedStrings.xml'
14:43:25.183 [main] DEBUG - Save part 'xl/styles.xml'
14:43:25.184 [main] DEBUG - Save part 'xl/workbook.xml'
14:43:25.187 [main] DEBUG - Save part 'xl/worksheets/sheet1.xml'
14:43:25.188 [main] DEBUG - Save part 'xl/worksheets/sheet2.xml'
14:43:25.188 [main] DEBUG - Save part 'xl/worksheets/sheet3.xml'
14:43:25.257 [main] DEBUG - Parsing relationship: /xl/_rels/workbook.xml.rels
14:43:25.258 [main] DEBUG - Parsing relationship: /_rels/.rels
14:43:25.293 [main] DEBUG - Save content types part
14:43:25.295 [main] DEBUG - Save package relationships
14:43:25.298 [main] DEBUG - Save part 'docProps/app.xml'
14:43:25.299 [main] DEBUG - Save part 'docProps/core.xml'
14:43:25.302 [main] DEBUG - Save part 'xl/sharedStrings.xml'
14:43:25.303 [main] DEBUG - Save part 'xl/styles.xml'
14:43:25.303 [main] DEBUG - Save part 'xl/workbook.xml'
14:43:25.306 [main] DEBUG - Save part 'xl/worksheets/sheet1.xml'
14:43:25.307 [main] DEBUG - Save part 'xl/worksheets/sheet2.xml'
14:43:25.308 [main] DEBUG - Save part 'xl/worksheets/sheet3.xml'
14:43:25.436 [main] DEBUG - Parsing relationship: /xl/_rels/workbook.xml.rels
14:43:25.437 [main] DEBUG - Parsing relationship: /_rels/.rels
14:43:25.464 [main] DEBUG - Save content types part
14:43:25.466 [main] DEBUG - Save package relationships
14:43:25.468 [main] DEBUG - Save part 'docProps/app.xml'
14:43:25.469 [main] DEBUG - Save part 'docProps/core.xml'
14:43:25.471 [main] DEBUG - Save part 'xl/sharedStrings.xml'
14:43:25.471 [main] DEBUG - Save part 'xl/styles.xml'
14:43:25.472 [main] DEBUG - Save part 'xl/workbook.xml'
14:43:25.474 [main] DEBUG - Save part 'xl/worksheets/sheet1.xml'
14:43:25.475 [main] DEBUG - Save part 'xl/worksheets/sheet2.xml'
14:43:25.475 [main] DEBUG - Save part 'xl/worksheets/sheet3.xml'
14:43:25.527 [main] DEBUG - Parsing relationship: /xl/_rels/workbook.xml.rels
14:43:25.528 [main] DEBUG - Parsing relationship: /_rels/.rels
14:43:25.556 [main] DEBUG - Save content types part
14:43:25.558 [main] DEBUG - Save package relationships
14:43:25.560 [main] DEBUG - Save part 'docProps/app.xml'
14:43:25.561 [main] DEBUG - Save part 'docProps/core.xml'
14:43:25.563 [main] DEBUG - Save part 'xl/sharedStrings.xml'
14:43:25.563 [main] DEBUG - Save part 'xl/styles.xml'
14:43:25.564 [main] DEBUG - Save part 'xl/workbook.xml'
14:43:25.566 [main] DEBUG - Save part 'xl/worksheets/sheet1.xml'
14:43:25.567 [main] DEBUG - Save part 'xl/worksheets/sheet2.xml'
14:43:25.567 [main] DEBUG - Save part 'xl/worksheets/sheet3.xml'
14:43:25.621 [main] DEBUG - Parsing relationship: /xl/_rels/workbook.xml.rels
14:43:25.622 [main] DEBUG - Parsing relationship: /_rels/.rels
14:43:25.652 [main] DEBUG - Save content types part
14:43:25.654 [main] DEBUG - Save package relationships
14:43:25.658 [main] DEBUG - Save part 'docProps/app.xml'
14:43:25.658 [main] DEBUG - Save part 'docProps/core.xml'
14:43:25.661 [main] DEBUG - Save part 'xl/sharedStrings.xml'
14:43:25.662 [main] DEBUG - Save part 'xl/styles.xml'
14:43:25.662 [main] DEBUG - Save part 'xl/workbook.xml'
14:43:25.665 [main] DEBUG - Save part 'xl/worksheets/sheet1.xml'
14:43:25.665 [main] DEBUG - Save part 'xl/worksheets/sheet2.xml'
14:43:25.667 [main] DEBUG - Save part 'xl/worksheets/sheet3.xml'
14:43:25.792 [main] DEBUG - Parsing relationship: /xl/_rels/workbook.xml.rels
14:43:25.793 [main] DEBUG - Parsing relationship: /_rels/.rels
14:43:25.824 [main] DEBUG - Save content types part
14:43:25.827 [main] DEBUG - Save package relationships
14:43:25.831 [main] DEBUG - Save part 'docProps/app.xml'
14:43:25.832 [main] DEBUG - Save part 'docProps/core.xml'
14:43:25.834 [main] DEBUG - Save part 'xl/sharedStrings.xml'
14:43:25.836 [main] DEBUG - Save part 'xl/styles.xml'
14:43:25.836 [main] DEBUG - Save part 'xl/workbook.xml'
14:43:25.840 [main] DEBUG - Save part 'xl/worksheets/sheet1.xml'
14:43:25.841 [main] DEBUG - Save part 'xl/worksheets/sheet2.xml'
14:43:25.842 [main] DEBUG - Save part 'xl/worksheets/sheet3.xml'
14:43:25.902 [main] DEBUG - Parsing relationship: /xl/_rels/workbook.xml.rels
14:43:25.903 [main] DEBUG - Parsing relationship: /_rels/.rels
14:43:25.934 [main] DEBUG - Save content types part
14:43:25.936 [main] DEBUG - Save package relationships
14:43:25.938 [main] DEBUG - Save part 'docProps/app.xml'
14:43:25.939 [main] DEBUG - Save part 'docProps/core.xml'
14:43:25.943 [main] DEBUG - Save part 'xl/sharedStrings.xml'
14:43:25.944 [main] DEBUG - Save part 'xl/styles.xml'
14:43:25.944 [main] DEBUG - Save part 'xl/workbook.xml'
14:43:25.947 [main] DEBUG - Save part 'xl/worksheets/sheet1.xml'
14:43:25.947 [main] DEBUG - Save part 'xl/worksheets/sheet2.xml'
14:43:25.948 [main] DEBUG - Save part 'xl/worksheets/sheet3.xml'
14:43:26.012 [main] DEBUG - Parsing relationship: /xl/_rels/workbook.xml.rels
14:43:26.013 [main] DEBUG - Parsing relationship: /_rels/.rels
14:43:26.041 [main] DEBUG - Save content types part
14:43:26.044 [main] DEBUG - Save package relationships
14:43:26.046 [main] DEBUG - Save part 'docProps/app.xml'
14:43:26.046 [main] DEBUG - Save part 'docProps/core.xml'
14:43:26.049 [main] DEBUG - Save part 'xl/sharedStrings.xml'
14:43:26.049 [main] DEBUG - Save part 'xl/styles.xml'
14:43:26.049 [main] DEBUG - Save part 'xl/workbook.xml'
14:43:26.052 [main] DEBUG - Save part 'xl/worksheets/sheet1.xml'
14:43:26.052 [main] DEBUG - Save part 'xl/worksheets/sheet2.xml'
14:43:26.053 [main] DEBUG - Save part 'xl/worksheets/sheet3.xml'
14:43:26.172 [main] DEBUG - Parsing relationship: /xl/_rels/workbook.xml.rels
14:43:26.173 [main] DEBUG - Parsing relationship: /_rels/.rels
14:43:26.201 [main] DEBUG - Save content types part
14:43:26.206 [main] DEBUG - Save package relationships
14:43:26.208 [main] DEBUG - Save part 'docProps/app.xml'
14:43:26.210 [main] DEBUG - Save part 'docProps/core.xml'
14:43:26.212 [main] DEBUG - Save part 'xl/sharedStrings.xml'
14:43:26.213 [main] DEBUG - Save part 'xl/styles.xml'
14:43:26.213 [main] DEBUG - Save part 'xl/workbook.xml'
14:43:26.216 [main] DEBUG - Save part 'xl/worksheets/sheet1.xml'
14:43:26.217 [main] DEBUG - Save part 'xl/worksheets/sheet2.xml'
14:43:26.217 [main] DEBUG - Save part 'xl/worksheets/sheet3.xml'
14:43:26.283 [main] DEBUG - Parsing relationship: /xl/_rels/workbook.xml.rels
14:43:26.284 [main] DEBUG - Parsing relationship: /_rels/.rels
14:43:26.312 [main] DEBUG - Save content types part
14:43:26.315 [main] DEBUG - Save package relationships
14:43:26.316 [main] DEBUG - Save part 'docProps/app.xml'
14:43:26.317 [main] DEBUG - Save part 'docProps/core.xml'
14:43:26.319 [main] DEBUG - Save part 'xl/sharedStrings.xml'
14:43:26.319 [main] DEBUG - Save part 'xl/styles.xml'
14:43:26.321 [main] DEBUG - Save part 'xl/workbook.xml'
14:43:26.323 [main] DEBUG - Save part 'xl/worksheets/sheet1.xml'
14:43:26.323 [main] DEBUG - Save part 'xl/worksheets/sheet2.xml'
14:43:26.324 [main] DEBUG - Save part 'xl/worksheets/sheet3.xml'
14:43:26.385 [main] DEBUG - Parsing relationship: /xl/_rels/workbook.xml.rels
14:43:26.387 [main] DEBUG - Parsing relationship: /_rels/.rels
14:43:26.418 [main] DEBUG - Save content types part
14:43:26.420 [main] DEBUG - Save package relationships
14:43:26.423 [main] DEBUG - Save part 'docProps/app.xml'
14:43:26.423 [main] DEBUG - Save part 'docProps/core.xml'
14:43:26.426 [main] DEBUG - Save part 'xl/sharedStrings.xml'
14:43:26.426 [main] DEBUG - Save part 'xl/styles.xml'
14:43:26.427 [main] DEBUG - Save part 'xl/workbook.xml'
14:43:26.429 [main] DEBUG - Save part 'xl/worksheets/sheet1.xml'
14:43:26.430 [main] DEBUG - Save part 'xl/worksheets/sheet2.xml'
14:43:26.430 [main] DEBUG - Save part 'xl/worksheets/sheet3.xml'
14:43:26.563 [main] DEBUG - Parsing relationship: /xl/_rels/workbook.xml.rels
14:43:26.564 [main] DEBUG - Parsing relationship: /_rels/.rels
14:43:26.592 [main] DEBUG - Save content types part
14:43:26.594 [main] DEBUG - Save package relationships
14:43:26.597 [main] DEBUG - Save part 'docProps/app.xml'
14:43:26.598 [main] DEBUG - Save part 'docProps/core.xml'
14:43:26.600 [main] DEBUG - Save part 'xl/sharedStrings.xml'
14:43:26.601 [main] DEBUG - Save part 'xl/styles.xml'
14:43:26.601 [main] DEBUG - Save part 'xl/workbook.xml'
14:43:26.604 [main] DEBUG - Save part 'xl/worksheets/sheet1.xml'
14:43:26.605 [main] DEBUG - Save part 'xl/worksheets/sheet2.xml'
14:43:26.605 [main] DEBUG - Save part 'xl/worksheets/sheet3.xml'
14:43:26.665 [main] DEBUG - Parsing relationship: /xl/_rels/workbook.xml.rels
14:43:26.666 [main] DEBUG - Parsing relationship: /_rels/.rels
14:43:26.695 [main] DEBUG - Save content types part
14:43:26.697 [main] DEBUG - Save package relationships
14:43:26.700 [main] DEBUG - Save part 'docProps/app.xml'
14:43:26.701 [main] DEBUG - Save part 'docProps/core.xml'
14:43:26.702 [main] DEBUG - Save part 'xl/sharedStrings.xml'
14:43:26.703 [main] DEBUG - Save part 'xl/styles.xml'
14:43:26.704 [main] DEBUG - Save part 'xl/workbook.xml'
14:43:26.706 [main] DEBUG - Save part 'xl/worksheets/sheet1.xml'
14:43:26.707 [main] DEBUG - Save part 'xl/worksheets/sheet2.xml'
14:43:26.708 [main] DEBUG - Save part 'xl/worksheets/sheet3.xml'
14:43:26.769 [main] DEBUG - Parsing relationship: /xl/_rels/workbook.xml.rels
14:43:26.770 [main] DEBUG - Parsing relationship: /_rels/.rels
14:43:26.800 [main] DEBUG - Save content types part
14:43:26.802 [main] DEBUG - Save package relationships
14:43:26.807 [main] DEBUG - Save part 'docProps/app.xml'
14:43:26.808 [main] DEBUG - Save part 'docProps/core.xml'
14:43:26.811 [main] DEBUG - Save part 'xl/sharedStrings.xml'
14:43:26.812 [main] DEBUG - Save part 'xl/styles.xml'
14:43:26.812 [main] DEBUG - Save part 'xl/workbook.xml'
14:43:26.815 [main] DEBUG - Save part 'xl/worksheets/sheet1.xml'
14:43:26.815 [main] DEBUG - Save part 'xl/worksheets/sheet2.xml'
14:43:26.815 [main] DEBUG - Save part 'xl/worksheets/sheet3.xml'
14:43:26.947 [main] INFO  - Retrived Popular Cars in Chennai
14:44:54.307 [main] INFO  - Opened Application
14:45:08.874 [main] INFO  - Clicked on May be later
14:45:09.392 [main] INFO  - Clicked on Login button
14:45:10.037 [main] INFO  - Click on sign in using Google option
14:45:10.440 [main] INFO  - Swithched to Google window
14:45:11.567 [main] INFO  - Entered Email
14:45:12.024 [main] INFO  - Clicked on Next Button
14:45:12.213 [main] DEBUG - Parsing relationship: /xl/_rels/workbook.xml.rels
14:45:12.213 [main] DEBUG - Parsing relationship: /_rels/.rels
14:45:12.228 [main] DEBUG - Save content types part
14:45:12.229 [main] DEBUG - Save package relationships
14:45:12.230 [main] DEBUG - Save part 'docProps/app.xml'
14:45:12.231 [main] DEBUG - Save part 'docProps/core.xml'
14:45:12.232 [main] DEBUG - Save part 'xl/sharedStrings.xml'
14:45:12.232 [main] DEBUG - Save part 'xl/styles.xml'
14:45:12.232 [main] DEBUG - Save part 'xl/workbook.xml'
14:45:12.233 [main] DEBUG - Save part 'xl/worksheets/sheet1.xml'
14:45:12.233 [main] DEBUG - Save part 'xl/worksheets/sheet2.xml'
14:45:12.233 [main] DEBUG - Save part 'xl/worksheets/sheet3.xml'
14:45:12.259 [main] INFO  - Retrived Error Message
10:39:21.831 [main] DEBUG - suiteXmlPath: "C:\Users\2318744\eclipse-workspace\hackprojcucu\testng.xml"
10:39:22.194 [main] INFO  - [TestNG] Running:
  C:\Users\2318744\eclipse-workspace\hackprojcucu\testng.xml

10:40:07.758 [main] DEBUG - suiteXmlPath: "C:\Users\2318744\eclipse-workspace\hackprojcucu\testng.xml"
10:40:08.052 [main] INFO  - [TestNG] Running:
  C:\Users\2318744\eclipse-workspace\hackprojcucu\testng.xml

10:40:57.963 [main] DEBUG - suiteXmlPath: "C:\Users\2318744\AppData\Local\Temp\testng-eclipse--1459869050\testng-customsuite.xml"
10:40:58.277 [main] INFO  - [Utils] MethodGroupsHelper.collectMethodsByGroup() took 0 ms.
10:40:58.281 [main] INFO  - [Utils] MethodGroupsHelper.sortMethods() took 1 ms.
10:40:58.285 [main] INFO  - [Utils] MethodGroupsHelper.collectMethodsByGroup() took 0 ms.
10:40:58.285 [main] INFO  - [Utils] MethodGroupsHelper.sortMethods() took 0 ms.
10:40:58.285 [main] INFO  - [Utils] MethodGroupsHelper.collectMethodsByGroup() took 0 ms.
10:40:58.286 [main] INFO  - [Utils] MethodGroupsHelper.sortMethods() took 0 ms.
10:40:58.286 [main] INFO  - [Utils] MethodGroupsHelper.collectMethodsByGroup() took 0 ms.
10:40:58.286 [main] INFO  - [Utils] MethodGroupsHelper.sortMethods() took 0 ms.
10:40:58.286 [main] INFO  - [Utils] MethodGroupsHelper.collectMethodsByGroup() took 0 ms.
10:40:58.286 [main] INFO  - [Utils] MethodGroupsHelper.sortMethods() took 0 ms.
10:40:58.286 [main] INFO  - [Utils] MethodGroupsHelper.collectMethodsByGroup() took 0 ms.
10:40:58.286 [main] INFO  - [Utils] MethodGroupsHelper.sortMethods() took 0 ms.
10:40:58.287 [main] INFO  - [Utils] MethodGroupsHelper.collectMethodsByGroup() took 0 ms.
10:40:58.287 [main] INFO  - [Utils] MethodGroupsHelper.sortMethods() took 0 ms.
10:40:58.287 [main] INFO  - [Utils] MethodGroupsHelper.collectMethodsByGroup() took 0 ms.
10:40:58.287 [main] INFO  - [Utils] MethodGroupsHelper.sortMethods() took 0 ms.
10:40:58.292 [main] INFO  - [Utils] MethodGroupsHelper.collectMethodsByGroup() took 0 ms.
10:40:58.293 [main] INFO  - [Utils] MethodGroupsHelper.sortMethods() took 0 ms.
10:40:58.293 [main] INFO  - [Utils] MethodGroupsHelper.collectMethodsByGroup() took 0 ms.
10:40:58.293 [main] INFO  - [Utils] MethodGroupsHelper.sortMethods() took 0 ms.
10:40:58.295 [main] INFO  - [Utils] MethodGroupsHelper.collectMethodsByGroup() took 0 ms.
10:40:58.295 [main] INFO  - [Utils] MethodGroupsHelper.sortMethods() took 0 ms.
10:40:58.295 [main] INFO  - [Utils] MethodGroupsHelper.collectMethodsByGroup() took 0 ms.
10:40:58.295 [main] INFO  - [Utils] MethodGroupsHelper.sortMethods() took 0 ms.
10:40:58.296 [main] INFO  - [Utils] MethodGroupsHelper.collectMethodsByGroup() took 0 ms.
10:40:58.296 [main] INFO  - [Utils] MethodGroupsHelper.sortMethods() took 0 ms.
10:40:58.298 [main] INFO  - [Utils] MethodGroupsHelper.collectMethodsByGroup() took 0 ms.
10:40:58.299 [main] INFO  - [Utils] MethodGroupsHelper.sortMethods() took 0 ms.
10:40:58.299 [main] INFO  - [Utils] MethodGroupsHelper.collectMethodsByGroup() took 0 ms.
10:40:58.299 [main] INFO  - [Utils] MethodGroupsHelper.sortMethods() took 0 ms.
10:40:58.311 [main] INFO  - [TestNG] Running:
  C:\Users\2318744\AppData\Local\Temp\testng-eclipse--1459869050\testng-customsuite.xml

10:40:58.338 [main] INFO  - [Utils] DynamicGraphHelper.createDynamicGraph() took 4 ms.
10:40:58.506 [main] INFO  - [TestNG] Time taken by org.testng.reporters.jq.Main@5a021cb9: 102 ms
10:40:58.507 [main] INFO  - [TestNG] Time taken by org.testng.reporters.FailedReporter@51768776: 0 ms
10:40:58.521 [main] INFO  - [TestNG] Time taken by org.testng.reporters.XMLReporter@ecf9049: 14 ms
10:40:58.530 [main] INFO  - [TestNG] Time taken by org.testng.reporters.EmailableReporter2@5bd73d1a: 9 ms
10:40:58.530 [main] INFO  - [TestNG] Time taken by org.testng.reporters.JUnitReportReporter@aec50a1: 0 ms
10:40:58.530 [main] INFO  - [TestNG] Time taken by org.testng.internal.ExitCodeListener@2555fff0: 0 ms
10:42:59.621 [main] DEBUG - suiteXmlPath: "C:\Users\2318744\AppData\Local\Temp\testng-eclipse--1408111839\testng-customsuite.xml"
10:43:00.128 [main] INFO  - [Utils] MethodGroupsHelper.collectMethodsByGroup() took 2 ms.
10:43:00.137 [main] INFO  - [Utils] MethodGroupsHelper.sortMethods() took 4 ms.
10:43:00.141 [main] INFO  - [Utils] MethodGroupsHelper.collectMethodsByGroup() took 0 ms.
10:43:00.141 [main] INFO  - [Utils] MethodGroupsHelper.sortMethods() took 0 ms.
10:43:00.144 [main] INFO  - [Utils] MethodGroupsHelper.collectMethodsByGroup() took 0 ms.
10:43:00.144 [main] INFO  - [Utils] MethodGroupsHelper.sortMethods() took 0 ms.
10:43:00.146 [main] INFO  - [Utils] MethodGroupsHelper.collectMethodsByGroup() took 0 ms.
10:43:00.146 [main] INFO  - [Utils] MethodGroupsHelper.sortMethods() took 0 ms.
10:43:00.147 [main] INFO  - [Utils] MethodGroupsHelper.collectMethodsByGroup() took 0 ms.
10:43:00.167 [main] TRACE - [Graph] ADDING NODE AbstractTestNGCucumberTests.setUpClass(org.testng.ITestContext)[pri:0, instance:null] -393284817
10:43:00.168 [main] TRACE - [Graph] ================ SORTING
10:43:00.179 [main] TRACE - [Graph] =============== DONE SORTING
10:43:00.180 [main] TRACE - [Graph] ====== SORTED NODES
10:43:00.180 [main] TRACE - [Graph] ====== END SORTED NODES
10:43:00.180 [main] INFO  - [Utils] MethodGroupsHelper.sortMethods() took 31 ms.
10:43:00.184 [main] INFO  - [Utils] MethodGroupsHelper.collectMethodsByGroup() took 1 ms.
10:43:00.184 [main] TRACE - [Graph] ADDING NODE AbstractTestNGCucumberTests.tearDownClass()[pri:0, instance:null] 1523153566
10:43:00.184 [main] TRACE - [Graph] ================ SORTING
10:43:00.184 [main] TRACE - [Graph] =============== DONE SORTING
10:43:00.184 [main] TRACE - [Graph] ====== SORTED NODES
10:43:00.184 [main] TRACE - [Graph] ====== END SORTED NODES
10:43:00.185 [main] INFO  - [Utils] MethodGroupsHelper.sortMethods() took 1 ms.
10:43:00.187 [main] INFO  - [Utils] MethodGroupsHelper.collectMethodsByGroup() took 0 ms.
10:43:00.187 [main] INFO  - [Utils] MethodGroupsHelper.sortMethods() took 0 ms.
10:43:00.188 [main] INFO  - [Utils] MethodGroupsHelper.collectMethodsByGroup() took 0 ms.
10:43:00.189 [main] INFO  - [Utils] MethodGroupsHelper.sortMethods() took 0 ms.
10:43:00.193 [main] INFO  - [Utils] MethodGroupsHelper.collectMethodsByGroup() took 0 ms.
10:43:00.194 [main] INFO  - [Utils] MethodGroupsHelper.sortMethods() took 0 ms.
10:43:00.195 [main] INFO  - [Utils] MethodGroupsHelper.collectMethodsByGroup() took 0 ms.
10:43:00.195 [main] INFO  - [Utils] MethodGroupsHelper.sortMethods() took 0 ms.
10:43:00.197 [main] INFO  - [Utils] MethodGroupsHelper.collectMethodsByGroup() took 0 ms.
10:43:00.197 [main] INFO  - [Utils] MethodGroupsHelper.sortMethods() took 0 ms.
10:43:00.197 [main] INFO  - [Utils] MethodGroupsHelper.collectMethodsByGroup() took 0 ms.
10:43:00.198 [main] INFO  - [Utils] MethodGroupsHelper.sortMethods() took 0 ms.
10:43:00.205 [main] INFO  - [Utils] MethodGroupsHelper.collectMethodsByGroup() took 6 ms.
10:43:00.205 [main] TRACE - [Graph] ADDING NODE AbstractTestNGCucumberTests.runScenario(io.cucumber.testng.PickleWrapper,io.cucumber.testng.FeatureWrapper)[pri:0, instance:TestRunner.TestRunner@59aa20b3] 353962372
10:43:00.206 [main] TRACE - [Graph] ================ SORTING
10:43:00.206 [main] TRACE - [Graph] =============== DONE SORTING
10:43:00.206 [main] TRACE - [Graph] ====== SORTED NODES
10:43:00.206 [main] TRACE - [Graph] ====== END SORTED NODES
10:43:00.206 [main] INFO  - [Utils] MethodGroupsHelper.sortMethods() took 0 ms.
10:43:00.208 [main] INFO  - [Utils] MethodGroupsHelper.collectMethodsByGroup() took 0 ms.
10:43:00.209 [main] INFO  - [Utils] MethodGroupsHelper.sortMethods() took 0 ms.
10:43:00.209 [main] INFO  - [Utils] MethodGroupsHelper.collectMethodsByGroup() took 0 ms.
10:43:00.209 [main] INFO  - [Utils] MethodGroupsHelper.sortMethods() took 0 ms.
10:43:00.224 [main] INFO  - [TestNG] Running:
  C:\Users\2318744\AppData\Local\Temp\testng-eclipse--1408111839\testng-customsuite.xml

10:43:00.256 [main] INFO  - [Utils] DynamicGraphHelper.createDynamicGraph() took 7 ms.
10:44:11.622 [main] DEBUG - suiteXmlPath: "C:\Users\2318744\eclipse-workspace\hackprojcucu\testng.xml"
10:44:12.018 [main] TRACE - [Graph] ADDING NODE AbstractTestNGCucumberTests.setUpClass(org.testng.ITestContext)[pri:0, instance:null] -393284817
10:44:12.019 [main] TRACE - [Graph] ================ SORTING
10:44:12.025 [main] TRACE - [Graph] =============== DONE SORTING
10:44:12.025 [main] TRACE - [Graph] ====== SORTED NODES
10:44:12.025 [main] TRACE - [Graph] ====== END SORTED NODES
10:44:12.027 [main] TRACE - [Graph] ADDING NODE AbstractTestNGCucumberTests.tearDownClass()[pri:0, instance:null] 1523153566
10:44:12.027 [main] TRACE - [Graph] ================ SORTING
10:44:12.028 [main] TRACE - [Graph] =============== DONE SORTING
10:44:12.028 [main] TRACE - [Graph] ====== SORTED NODES
10:44:12.028 [main] TRACE - [Graph] ====== END SORTED NODES
10:44:12.042 [main] TRACE - [Graph] ADDING NODE AbstractTestNGCucumberTests.runScenario(io.cucumber.testng.PickleWrapper,io.cucumber.testng.FeatureWrapper)[pri:0, instance:TestRunner.TestRunner@299321e2] -452851021
10:44:12.042 [main] TRACE - [Graph] ================ SORTING
10:44:12.043 [main] TRACE - [Graph] =============== DONE SORTING
10:44:12.043 [main] TRACE - [Graph] ====== SORTED NODES
10:44:12.043 [main] TRACE - [Graph] ====== END SORTED NODES
10:45:13.639 [main] INFO  - Opened Application
10:45:24.069 [main] INFO  - Clicked on May be later
10:45:26.092 [main] TRACE - Loading type system org.apache.poi.schemas.ooxml.system.ooxml
10:45:26.101 [main] TRACE - Loading type system org.apache.xmlbeans.metadata.system.sXMLCONFIG
10:45:26.103 [main] TRACE - Loading type system org.apache.xmlbeans.metadata.system.sXMLLANG
10:45:26.104 [main] TRACE - Loading type system org.apache.xmlbeans.metadata.system.sXMLSCHEMA
10:45:26.106 [main] TRACE - Loading type system org.apache.xmlbeans.metadata.system.sXMLTOOLS
10:45:26.110 [main] TRACE - Reading unresolved handles for type system org.apache.xmlbeans.metadata.system.sXMLTOOLS
10:45:26.153 [main] TRACE - Finished loading type system org.apache.xmlbeans.metadata.system.sXMLTOOLS
10:45:26.155 [main] TRACE - Reading unresolved handles for type system org.apache.xmlbeans.metadata.system.sXMLSCHEMA
10:45:26.170 [main] TRACE - Finished loading type system org.apache.xmlbeans.metadata.system.sXMLSCHEMA
10:45:26.173 [main] TRACE - Reading unresolved handles for type system org.apache.xmlbeans.metadata.system.sXMLLANG
10:45:26.175 [main] TRACE - Finished loading type system org.apache.xmlbeans.metadata.system.sXMLLANG
10:45:26.178 [main] TRACE - Reading unresolved handles for type system org.apache.xmlbeans.metadata.system.sXMLCONFIG
10:45:26.182 [main] TRACE - Finished loading type system org.apache.xmlbeans.metadata.system.sXMLCONFIG
10:45:26.185 [main] TRACE - Reading unresolved handles for type system org.apache.poi.schemas.ooxml.system.ooxml
10:45:26.390 [main] TRACE - Finished loading type system org.apache.poi.schemas.ooxml.system.ooxml
10:45:26.393 [main] TRACE - Resolving type for handle ctworkbook83c3type
10:45:26.530 [main] TRACE - Resolving type for handle ctworkbookpr03a5type
10:45:26.564 [main] TRACE - Resolving type for handle ctbookviewsb864type
10:45:26.573 [main] TRACE - Resolving type for handle ctbookviewf677type
10:45:26.607 [main] TRACE - Resolving type for handle ctsheets49fdtype
10:45:26.617 [main] TRACE - Resolving type for handle propertiesee84doctype
10:45:26.622 [main] TRACE - Resolving type for handle ctproperties3f10type
10:45:26.637 [main] TRACE - Resolving type for handle properties288cdoctype
10:45:26.643 [main] TRACE - Resolving type for handle ctproperties2c18type
10:45:26.660 [main] TRACE - Resolving type for handle sstf81fdoctype
10:45:26.665 [main] TRACE - Resolving type for handle ctsst44f3type
10:45:26.681 [main] TRACE - Resolving type for handle stylesheet5d8bdoctype
10:45:26.685 [main] TRACE - Resolving type for handle ctstylesheet4257type
10:45:26.698 [main] TRACE - Resolving type for handle ctfont14d8type
10:45:26.713 [main] TRACE - Resolving type for handle ctfontsizeb3b9type
10:45:26.723 [main] TRACE - Resolving type for handle ctcolord2c2type
10:45:26.738 [main] TRACE - Resolving type for handle ctfontname2dc3type
10:45:26.745 [main] TRACE - Resolving type for handle stxstringf179type
10:45:26.753 [main] TRACE - Resolving type for handle ctfontfamily685ctype
10:45:26.760 [main] TRACE - Resolving type for handle stfontfamily9c6ctype
10:45:26.769 [main] TRACE - Resolving type for handle ctfontschemebf5dtype
10:45:26.779 [main] TRACE - Resolving type for handle stfontschemef36dtype
10:45:26.789 [main] TRACE - Resolving type for handle ctfill550ctype
10:45:26.794 [main] TRACE - Resolving type for handle ctpatternfill7452type
10:45:26.815 [main] TRACE - Resolving type for handle stpatterntype7939type
10:45:26.826 [main] TRACE - Resolving type for handle ctborderf935type
10:45:26.834 [main] TRACE - Resolving type for handle ctborderpre497type
10:45:26.849 [main] TRACE - Resolving type for handle ctxf97f7type
10:45:26.856 [main] TRACE - Resolving type for handle stnumfmtid76fbtype
10:45:26.862 [main] TRACE - Resolving type for handle stfontid9d63type
10:45:26.867 [main] TRACE - Resolving type for handle stfillida097type
10:45:26.872 [main] TRACE - Resolving type for handle stborderid1a80type
10:45:26.879 [main] TRACE - Resolving type for handle stcellstylexfid70c7type
10:45:26.897 [main] TRACE - Resolving type for handle ctsheet4dbetype
10:45:26.912 [main] TRACE - Resolving type for handle ctworksheet530dtype
10:45:26.925 [main] TRACE - Resolving type for handle ctsheetformatprdef7type
10:45:26.940 [main] TRACE - Resolving type for handle ctsheetviewsb918type
10:45:26.949 [main] TRACE - Resolving type for handle ctsheetview0f43type
10:45:26.962 [main] TRACE - Resolving type for handle ctsheetdimensiond310type
10:45:26.966 [main] TRACE - Resolving type for handle stref90a2type
10:45:26.971 [main] TRACE - Resolving type for handle ctsheetdata8408type
10:45:26.977 [main] TRACE - Resolving type for handle ctpagemargins5455type
10:45:26.993 [main] TRACE - Resolving type for handle ctcols627ctype
10:45:27.000 [main] TRACE - Resolving type for handle strelationshipid1e94type
10:45:27.015 [main] TRACE - Resolving type for handle ctrowdd39type
10:45:27.030 [main] TRACE - Resolving type for handle ctcell842btype
10:45:27.054 [main] TRACE - Resolving type for handle stcellrefe4e0type
10:45:27.065 [main] TRACE - Resolving type for handle ctrsta472type
10:45:27.070 [main] TRACE - Resolving type for handle stcelltypebf95type
10:45:27.151 [main] TRACE - Resolving type for handle ctnumfmtsb58btype
10:45:27.160 [main] TRACE - Resolving type for handle ctfonts6623type
10:45:27.169 [main] TRACE - Resolving type for handle ctfills2c6ftype
10:45:27.176 [main] TRACE - Resolving type for handle ctborders0d66type
10:45:27.183 [main] TRACE - Resolving type for handle ctcellxfs1322type
10:45:27.189 [main] TRACE - Resolving type for handle ctcellstylexfsa81ftype
10:45:27.254 [main] DEBUG - Save core properties part
10:45:27.255 [main] DEBUG - Save content types part
10:45:27.533 [main] DEBUG - Save package relationships
10:45:27.556 [main] DEBUG - Save part 'docProps/app.xml'
10:45:27.571 [main] DEBUG - Save part 'docProps/core.xml'
10:45:27.590 [main] DEBUG - Save part 'xl/sharedStrings.xml'
10:45:27.591 [main] DEBUG - Save part 'xl/styles.xml'
10:45:27.592 [main] DEBUG - Save part 'xl/workbook.xml'
10:45:27.596 [main] DEBUG - Save part 'xl/worksheets/sheet1.xml'
10:45:27.598 [main] DEBUG - Save part 'xl/worksheets/sheet2.xml'
10:45:27.599 [main] DEBUG - Save part 'xl/worksheets/sheet3.xml'
10:45:27.639 [main] DEBUG - Save content types part
10:45:27.646 [main] DEBUG - Save package relationships
10:45:27.652 [main] DEBUG - Save part 'docProps/app.xml'
10:45:27.653 [main] DEBUG - Save part 'docProps/core.xml'
10:45:27.661 [main] DEBUG - Save part 'xl/sharedStrings.xml'
10:45:27.662 [main] DEBUG - Save part 'xl/styles.xml'
10:45:27.662 [main] DEBUG - Save part 'xl/workbook.xml'
10:45:27.667 [main] DEBUG - Save part 'xl/worksheets/sheet1.xml'
10:45:27.668 [main] DEBUG - Save part 'xl/worksheets/sheet2.xml'
10:45:27.668 [main] DEBUG - Save part 'xl/worksheets/sheet3.xml'
10:45:27.970 [main] INFO  - Moved to Bikes Tab
10:45:28.394 [main] INFO  - Clicked on Upcoming Bikes
10:45:29.895 [main] INFO  - Selected the Brand:Honda
10:45:37.344 [main] INFO  - Clicked on Load More Button
10:45:42.724 [main] DEBUG - Parsing relationship: /xl/_rels/workbook.xml.rels
10:45:42.727 [main] DEBUG - Parsing relationship: /_rels/.rels
10:45:42.829 [main] TRACE - Resolving type for handle workbookec17doctype
10:45:42.841 [main] TRACE - Resolving type for handle worksheetf539doctype
10:45:42.887 [main] DEBUG - Save content types part
10:45:42.891 [main] DEBUG - Save package relationships
10:45:42.893 [main] DEBUG - Save part 'docProps/app.xml'
10:45:42.894 [main] DEBUG - Save part 'docProps/core.xml'
10:45:42.897 [main] DEBUG - Save part 'xl/sharedStrings.xml'
10:45:42.897 [main] DEBUG - Save part 'xl/styles.xml'
10:45:42.898 [main] DEBUG - Save part 'xl/workbook.xml'
10:45:42.901 [main] DEBUG - Save part 'xl/worksheets/sheet1.xml'
10:45:42.901 [main] DEBUG - Save part 'xl/worksheets/sheet2.xml'
10:45:42.903 [main] DEBUG - Save part 'xl/worksheets/sheet3.xml'
10:45:42.973 [main] DEBUG - Parsing relationship: /xl/_rels/workbook.xml.rels
10:45:42.976 [main] DEBUG - Parsing relationship: /_rels/.rels
10:45:43.038 [main] DEBUG - Save content types part
10:45:43.044 [main] DEBUG - Save package relationships
10:45:43.048 [main] DEBUG - Save part 'docProps/app.xml'
10:45:43.049 [main] DEBUG - Save part 'docProps/core.xml'
10:45:43.053 [main] DEBUG - Save part 'xl/sharedStrings.xml'
10:45:43.054 [main] DEBUG - Save part 'xl/styles.xml'
10:45:43.056 [main] DEBUG - Save part 'xl/workbook.xml'
10:45:43.062 [main] DEBUG - Save part 'xl/worksheets/sheet1.xml'
10:45:43.063 [main] DEBUG - Save part 'xl/worksheets/sheet2.xml'
10:45:43.064 [main] DEBUG - Save part 'xl/worksheets/sheet3.xml'
10:45:43.180 [main] DEBUG - Parsing relationship: /xl/_rels/workbook.xml.rels
10:45:43.186 [main] DEBUG - Parsing relationship: /_rels/.rels
10:45:43.281 [main] DEBUG - Save content types part
10:45:43.284 [main] DEBUG - Save package relationships
10:45:43.289 [main] DEBUG - Save part 'docProps/app.xml'
10:45:43.290 [main] DEBUG - Save part 'docProps/core.xml'
10:45:43.295 [main] DEBUG - Save part 'xl/sharedStrings.xml'
10:45:43.296 [main] DEBUG - Save part 'xl/styles.xml'
10:45:43.297 [main] DEBUG - Save part 'xl/workbook.xml'
10:45:43.301 [main] DEBUG - Save part 'xl/worksheets/sheet1.xml'
10:45:43.301 [main] DEBUG - Save part 'xl/worksheets/sheet2.xml'
10:45:43.302 [main] DEBUG - Save part 'xl/worksheets/sheet3.xml'
10:45:43.373 [main] DEBUG - Parsing relationship: /xl/_rels/workbook.xml.rels
10:45:43.376 [main] DEBUG - Parsing relationship: /_rels/.rels
10:45:43.431 [main] DEBUG - Save content types part
10:45:43.434 [main] DEBUG - Save package relationships
10:45:43.438 [main] DEBUG - Save part 'docProps/app.xml'
10:45:43.438 [main] DEBUG - Save part 'docProps/core.xml'
10:45:43.441 [main] DEBUG - Save part 'xl/sharedStrings.xml'
10:45:43.442 [main] DEBUG - Save part 'xl/styles.xml'
10:45:43.442 [main] DEBUG - Save part 'xl/workbook.xml'
10:45:43.446 [main] DEBUG - Save part 'xl/worksheets/sheet1.xml'
10:45:43.446 [main] DEBUG - Save part 'xl/worksheets/sheet2.xml'
10:45:43.447 [main] DEBUG - Save part 'xl/worksheets/sheet3.xml'
10:45:43.628 [main] DEBUG - Parsing relationship: /xl/_rels/workbook.xml.rels
10:45:43.630 [main] DEBUG - Parsing relationship: /_rels/.rels
10:45:43.682 [main] DEBUG - Save content types part
10:45:43.686 [main] DEBUG - Save package relationships
10:45:43.690 [main] DEBUG - Save part 'docProps/app.xml'
10:45:43.691 [main] DEBUG - Save part 'docProps/core.xml'
10:45:43.695 [main] DEBUG - Save part 'xl/sharedStrings.xml'
10:45:43.695 [main] DEBUG - Save part 'xl/styles.xml'
10:45:43.697 [main] DEBUG - Save part 'xl/workbook.xml'
10:45:43.701 [main] DEBUG - Save part 'xl/worksheets/sheet1.xml'
10:45:43.701 [main] DEBUG - Save part 'xl/worksheets/sheet2.xml'
10:45:43.702 [main] DEBUG - Save part 'xl/worksheets/sheet3.xml'
10:45:43.781 [main] DEBUG - Parsing relationship: /xl/_rels/workbook.xml.rels
10:45:43.783 [main] DEBUG - Parsing relationship: /_rels/.rels
10:45:43.835 [main] DEBUG - Save content types part
10:45:43.839 [main] DEBUG - Save package relationships
10:45:43.843 [main] DEBUG - Save part 'docProps/app.xml'
10:45:43.843 [main] DEBUG - Save part 'docProps/core.xml'
10:45:43.847 [main] DEBUG - Save part 'xl/sharedStrings.xml'
10:45:43.848 [main] DEBUG - Save part 'xl/styles.xml'
10:45:43.849 [main] DEBUG - Save part 'xl/workbook.xml'
10:45:43.852 [main] DEBUG - Save part 'xl/worksheets/sheet1.xml'
10:45:43.853 [main] DEBUG - Save part 'xl/worksheets/sheet2.xml'
10:45:43.854 [main] DEBUG - Save part 'xl/worksheets/sheet3.xml'
10:45:43.927 [main] DEBUG - Parsing relationship: /xl/_rels/workbook.xml.rels
10:45:43.929 [main] DEBUG - Parsing relationship: /_rels/.rels
10:45:43.976 [main] DEBUG - Save content types part
10:45:43.980 [main] DEBUG - Save package relationships
10:45:43.982 [main] DEBUG - Save part 'docProps/app.xml'
10:45:43.983 [main] DEBUG - Save part 'docProps/core.xml'
10:45:43.987 [main] DEBUG - Save part 'xl/sharedStrings.xml'
10:45:43.989 [main] DEBUG - Save part 'xl/styles.xml'
10:45:43.989 [main] DEBUG - Save part 'xl/workbook.xml'
10:45:43.994 [main] DEBUG - Save part 'xl/worksheets/sheet1.xml'
10:45:43.995 [main] DEBUG - Save part 'xl/worksheets/sheet2.xml'
10:45:43.995 [main] DEBUG - Save part 'xl/worksheets/sheet3.xml'
10:45:44.078 [main] DEBUG - Parsing relationship: /xl/_rels/workbook.xml.rels
10:45:44.080 [main] DEBUG - Parsing relationship: /_rels/.rels
10:45:44.133 [main] DEBUG - Save content types part
10:45:44.137 [main] DEBUG - Save package relationships
10:45:44.140 [main] DEBUG - Save part 'docProps/app.xml'
10:45:44.142 [main] DEBUG - Save part 'docProps/core.xml'
10:45:44.145 [main] DEBUG - Save part 'xl/sharedStrings.xml'
10:45:44.145 [main] DEBUG - Save part 'xl/styles.xml'
10:45:44.146 [main] DEBUG - Save part 'xl/workbook.xml'
10:45:44.149 [main] DEBUG - Save part 'xl/worksheets/sheet1.xml'
10:45:44.149 [main] DEBUG - Save part 'xl/worksheets/sheet2.xml'
10:45:44.150 [main] DEBUG - Save part 'xl/worksheets/sheet3.xml'
10:45:44.326 [main] DEBUG - Parsing relationship: /xl/_rels/workbook.xml.rels
10:45:44.328 [main] DEBUG - Parsing relationship: /_rels/.rels
10:45:44.373 [main] DEBUG - Save content types part
10:45:44.376 [main] DEBUG - Save package relationships
10:45:44.379 [main] DEBUG - Save part 'docProps/app.xml'
10:45:44.380 [main] DEBUG - Save part 'docProps/core.xml'
10:45:44.384 [main] DEBUG - Save part 'xl/sharedStrings.xml'
10:45:44.384 [main] DEBUG - Save part 'xl/styles.xml'
10:45:44.385 [main] DEBUG - Save part 'xl/workbook.xml'
10:45:44.389 [main] DEBUG - Save part 'xl/worksheets/sheet1.xml'
10:45:44.391 [main] DEBUG - Save part 'xl/worksheets/sheet2.xml'
10:45:44.392 [main] DEBUG - Save part 'xl/worksheets/sheet3.xml'
10:45:44.466 [main] DEBUG - Parsing relationship: /xl/_rels/workbook.xml.rels
10:45:44.469 [main] DEBUG - Parsing relationship: /_rels/.rels
10:45:44.521 [main] DEBUG - Save content types part
10:45:44.524 [main] DEBUG - Save package relationships
10:45:44.527 [main] DEBUG - Save part 'docProps/app.xml'
10:45:44.528 [main] DEBUG - Save part 'docProps/core.xml'
10:45:44.533 [main] DEBUG - Save part 'xl/sharedStrings.xml'
10:45:44.534 [main] DEBUG - Save part 'xl/styles.xml'
10:45:44.534 [main] DEBUG - Save part 'xl/workbook.xml'
10:45:44.539 [main] DEBUG - Save part 'xl/worksheets/sheet1.xml'
10:45:44.540 [main] DEBUG - Save part 'xl/worksheets/sheet2.xml'
10:45:44.541 [main] DEBUG - Save part 'xl/worksheets/sheet3.xml'
10:45:44.609 [main] DEBUG - Parsing relationship: /xl/_rels/workbook.xml.rels
10:45:44.610 [main] DEBUG - Parsing relationship: /_rels/.rels
10:45:44.654 [main] DEBUG - Save content types part
10:45:44.657 [main] DEBUG - Save package relationships
10:45:44.661 [main] DEBUG - Save part 'docProps/app.xml'
10:45:44.661 [main] DEBUG - Save part 'docProps/core.xml'
10:45:44.664 [main] DEBUG - Save part 'xl/sharedStrings.xml'
10:45:44.665 [main] DEBUG - Save part 'xl/styles.xml'
10:45:44.666 [main] DEBUG - Save part 'xl/workbook.xml'
10:45:44.670 [main] DEBUG - Save part 'xl/worksheets/sheet1.xml'
10:45:44.670 [main] DEBUG - Save part 'xl/worksheets/sheet2.xml'
10:45:44.671 [main] DEBUG - Save part 'xl/worksheets/sheet3.xml'
10:45:44.734 [main] DEBUG - Parsing relationship: /xl/_rels/workbook.xml.rels
10:45:44.737 [main] DEBUG - Parsing relationship: /_rels/.rels
10:45:44.798 [main] DEBUG - Save content types part
10:45:44.802 [main] DEBUG - Save package relationships
10:45:44.805 [main] DEBUG - Save part 'docProps/app.xml'
10:45:44.806 [main] DEBUG - Save part 'docProps/core.xml'
10:45:44.809 [main] DEBUG - Save part 'xl/sharedStrings.xml'
10:45:44.810 [main] DEBUG - Save part 'xl/styles.xml'
10:45:44.811 [main] DEBUG - Save part 'xl/workbook.xml'
10:45:44.817 [main] DEBUG - Save part 'xl/worksheets/sheet1.xml'
10:45:44.819 [main] DEBUG - Save part 'xl/worksheets/sheet2.xml'
10:45:44.820 [main] DEBUG - Save part 'xl/worksheets/sheet3.xml'
10:45:45.033 [main] DEBUG - Parsing relationship: /xl/_rels/workbook.xml.rels
10:45:45.036 [main] DEBUG - Parsing relationship: /_rels/.rels
10:45:45.080 [main] DEBUG - Save content types part
10:45:45.084 [main] DEBUG - Save package relationships
10:45:45.088 [main] DEBUG - Save part 'docProps/app.xml'
10:45:45.088 [main] DEBUG - Save part 'docProps/core.xml'
10:45:45.092 [main] DEBUG - Save part 'xl/sharedStrings.xml'
10:45:45.092 [main] DEBUG - Save part 'xl/styles.xml'
10:45:45.093 [main] DEBUG - Save part 'xl/workbook.xml'
10:45:45.098 [main] DEBUG - Save part 'xl/worksheets/sheet1.xml'
10:45:45.099 [main] DEBUG - Save part 'xl/worksheets/sheet2.xml'
10:45:45.099 [main] DEBUG - Save part 'xl/worksheets/sheet3.xml'
10:45:45.168 [main] DEBUG - Parsing relationship: /xl/_rels/workbook.xml.rels
10:45:45.170 [main] DEBUG - Parsing relationship: /_rels/.rels
10:45:45.230 [main] DEBUG - Save content types part
10:45:45.233 [main] DEBUG - Save package relationships
10:45:45.236 [main] DEBUG - Save part 'docProps/app.xml'
10:45:45.237 [main] DEBUG - Save part 'docProps/core.xml'
10:45:45.240 [main] DEBUG - Save part 'xl/sharedStrings.xml'
10:45:45.240 [main] DEBUG - Save part 'xl/styles.xml'
10:45:45.241 [main] DEBUG - Save part 'xl/workbook.xml'
10:45:45.244 [main] DEBUG - Save part 'xl/worksheets/sheet1.xml'
10:45:45.244 [main] DEBUG - Save part 'xl/worksheets/sheet2.xml'
10:45:45.245 [main] DEBUG - Save part 'xl/worksheets/sheet3.xml'
10:45:45.307 [main] DEBUG - Parsing relationship: /xl/_rels/workbook.xml.rels
10:45:45.309 [main] DEBUG - Parsing relationship: /_rels/.rels
10:45:45.357 [main] DEBUG - Save content types part
10:45:45.361 [main] DEBUG - Save package relationships
10:45:45.364 [main] DEBUG - Save part 'docProps/app.xml'
10:45:45.365 [main] DEBUG - Save part 'docProps/core.xml'
10:45:45.374 [main] DEBUG - Save part 'xl/sharedStrings.xml'
10:45:45.375 [main] DEBUG - Save part 'xl/styles.xml'
10:45:45.375 [main] DEBUG - Save part 'xl/workbook.xml'
10:45:45.381 [main] DEBUG - Save part 'xl/worksheets/sheet1.xml'
10:45:45.382 [main] DEBUG - Save part 'xl/worksheets/sheet2.xml'
10:45:45.383 [main] DEBUG - Save part 'xl/worksheets/sheet3.xml'
10:45:45.474 [main] DEBUG - Parsing relationship: /xl/_rels/workbook.xml.rels
10:45:45.476 [main] DEBUG - Parsing relationship: /_rels/.rels
10:45:45.544 [main] DEBUG - Save content types part
