11:27:37.229 [main] INFO  - Opened Application
11:31:32.606 [main] INFO  - Opened Application
11:31:42.672 [main] INFO  - Clicked on May be later
11:31:43.252 [main] TRACE - Loading type system org.apache.poi.schemas.ooxml.system.ooxml
11:31:43.255 [main] TRACE - Loading type system org.apache.xmlbeans.metadata.system.sXMLCONFIG
11:31:43.256 [main] TRACE - Loading type system org.apache.xmlbeans.metadata.system.sXMLLANG
11:31:43.257 [main] TRACE - Loading type system org.apache.xmlbeans.metadata.system.sXMLSCHEMA
11:31:43.257 [main] TRACE - Loading type system org.apache.xmlbeans.metadata.system.sXMLTOOLS
11:31:43.259 [main] TRACE - Reading unresolved handles for type system org.apache.xmlbeans.metadata.system.sXMLTOOLS
11:31:43.274 [main] TRACE - Finished loading type system org.apache.xmlbeans.metadata.system.sXMLTOOLS
11:31:43.275 [main] TRACE - Reading unresolved handles for type system org.apache.xmlbeans.metadata.system.sXMLSCHEMA
11:31:43.282 [main] TRACE - Finished loading type system org.apache.xmlbeans.metadata.system.sXMLSCHEMA
11:31:43.283 [main] TRACE - Reading unresolved handles for type system org.apache.xmlbeans.metadata.system.sXMLLANG
11:31:43.285 [main] TRACE - Finished loading type system org.apache.xmlbeans.metadata.system.sXMLLANG
11:31:43.286 [main] TRACE - Reading unresolved handles for type system org.apache.xmlbeans.metadata.system.sXMLCONFIG
11:31:43.287 [main] TRACE - Finished loading type system org.apache.xmlbeans.metadata.system.sXMLCONFIG
11:31:43.289 [main] TRACE - Reading unresolved handles for type system org.apache.poi.schemas.ooxml.system.ooxml
11:31:43.327 [main] TRACE - Finished loading type system org.apache.poi.schemas.ooxml.system.ooxml
11:31:43.329 [main] TRACE - Resolving type for handle ctworkbook83c3type
11:31:43.383 [main] TRACE - Resolving type for handle ctworkbookpr03a5type
11:31:43.392 [main] TRACE - Resolving type for handle ctbookviewsb864type
11:31:43.395 [main] TRACE - Resolving type for handle ctbookviewf677type
11:31:43.401 [main] TRACE - Resolving type for handle ctsheets49fdtype
11:31:43.405 [main] TRACE - Resolving type for handle propertiesee84doctype
11:31:43.407 [main] TRACE - Resolving type for handle ctproperties3f10type
11:31:43.412 [main] TRACE - Resolving type for handle properties288cdoctype
11:31:43.414 [main] TRACE - Resolving type for handle ctproperties2c18type
11:31:43.423 [main] TRACE - Resolving type for handle sstf81fdoctype
11:31:43.425 [main] TRACE - Resolving type for handle ctsst44f3type
11:31:43.430 [main] TRACE - Resolving type for handle stylesheet5d8bdoctype
11:31:43.431 [main] TRACE - Resolving type for handle ctstylesheet4257type
11:31:43.438 [main] TRACE - Resolving type for handle ctfont14d8type
11:31:43.443 [main] TRACE - Resolving type for handle ctfontsizeb3b9type
11:31:43.448 [main] TRACE - Resolving type for handle ctcolord2c2type
11:31:43.451 [main] TRACE - Resolving type for handle ctfontname2dc3type
11:31:43.454 [main] TRACE - Resolving type for handle stxstringf179type
11:31:43.457 [main] TRACE - Resolving type for handle ctfontfamily685ctype
11:31:43.459 [main] TRACE - Resolving type for handle stfontfamily9c6ctype
11:31:43.464 [main] TRACE - Resolving type for handle ctfontschemebf5dtype
11:31:43.470 [main] TRACE - Resolving type for handle stfontschemef36dtype
11:31:43.475 [main] TRACE - Resolving type for handle ctfill550ctype
11:31:43.477 [main] TRACE - Resolving type for handle ctpatternfill7452type
11:31:43.481 [main] TRACE - Resolving type for handle stpatterntype7939type
11:31:43.484 [main] TRACE - Resolving type for handle ctborderf935type
11:31:43.487 [main] TRACE - Resolving type for handle ctborderpre497type
11:31:43.492 [main] TRACE - Resolving type for handle ctxf97f7type
11:31:43.495 [main] TRACE - Resolving type for handle stnumfmtid76fbtype
11:31:43.497 [main] TRACE - Resolving type for handle stfontid9d63type
11:31:43.500 [main] TRACE - Resolving type for handle stfillida097type
11:31:43.502 [main] TRACE - Resolving type for handle stborderid1a80type
11:31:43.505 [main] TRACE - Resolving type for handle stcellstylexfid70c7type
11:31:43.514 [main] TRACE - Resolving type for handle ctsheet4dbetype
11:31:43.523 [main] TRACE - Resolving type for handle ctworksheet530dtype
11:31:43.528 [main] TRACE - Resolving type for handle ctsheetformatprdef7type
11:31:43.533 [main] TRACE - Resolving type for handle ctsheetviewsb918type
11:31:43.536 [main] TRACE - Resolving type for handle ctsheetview0f43type
11:31:43.543 [main] TRACE - Resolving type for handle ctsheetdimensiond310type
11:31:43.545 [main] TRACE - Resolving type for handle stref90a2type
11:31:43.547 [main] TRACE - Resolving type for handle ctsheetdata8408type
11:31:43.549 [main] TRACE - Resolving type for handle ctpagemargins5455type
11:31:43.557 [main] TRACE - Resolving type for handle ctcols627ctype
11:31:43.563 [main] TRACE - Resolving type for handle strelationshipid1e94type
11:31:43.571 [main] TRACE - Resolving type for handle ctrowdd39type
11:31:43.577 [main] TRACE - Resolving type for handle ctcell842btype
11:31:43.587 [main] TRACE - Resolving type for handle stcellrefe4e0type
11:31:43.592 [main] TRACE - Resolving type for handle ctrsta472type
11:31:43.595 [main] TRACE - Resolving type for handle stcelltypebf95type
11:31:43.624 [main] TRACE - Resolving type for handle ctnumfmtsb58btype
11:31:43.628 [main] TRACE - Resolving type for handle ctfonts6623type
11:31:43.633 [main] TRACE - Resolving type for handle ctfills2c6ftype
11:31:43.637 [main] TRACE - Resolving type for handle ctborders0d66type
11:31:43.640 [main] TRACE - Resolving type for handle ctcellxfs1322type
11:31:43.644 [main] TRACE - Resolving type for handle ctcellstylexfsa81ftype
11:31:43.666 [main] DEBUG - Save core properties part
11:31:43.666 [main] DEBUG - Save content types part
11:31:43.765 [main] DEBUG - Save package relationships
11:31:43.774 [main] DEBUG - Save part 'docProps/app.xml'
11:31:43.780 [main] DEBUG - Save part 'docProps/core.xml'
11:31:43.786 [main] DEBUG - Save part 'xl/sharedStrings.xml'
11:31:43.787 [main] DEBUG - Save part 'xl/styles.xml'
11:31:43.788 [main] DEBUG - Save part 'xl/workbook.xml'
11:31:43.790 [main] DEBUG - Save part 'xl/worksheets/sheet1.xml'
11:31:43.790 [main] DEBUG - Save part 'xl/worksheets/sheet2.xml'
11:31:43.790 [main] DEBUG - Save part 'xl/worksheets/sheet3.xml'
11:31:43.803 [main] DEBUG - Save content types part
11:31:43.805 [main] DEBUG - Save package relationships
11:31:43.806 [main] DEBUG - Save part 'docProps/app.xml'
11:31:43.806 [main] DEBUG - Save part 'docProps/core.xml'
11:31:43.808 [main] DEBUG - Save part 'xl/sharedStrings.xml'
11:31:43.809 [main] DEBUG - Save part 'xl/styles.xml'
11:31:43.809 [main] DEBUG - Save part 'xl/workbook.xml'
11:31:43.811 [main] DEBUG - Save part 'xl/worksheets/sheet1.xml'
11:31:43.811 [main] DEBUG - Save part 'xl/worksheets/sheet2.xml'
11:31:43.811 [main] DEBUG - Save part 'xl/worksheets/sheet3.xml'
11:31:43.967 [main] INFO  - Moved to Bikes Tab
11:31:44.082 [main] INFO  - Clicked on Upcoming Bikes
11:31:44.648 [main] INFO  - Selected the Brand:Honda
11:31:48.915 [main] INFO  - Clicked on Load More Button
11:31:52.584 [main] DEBUG - Parsing relationship: /xl/_rels/workbook.xml.rels
11:31:52.585 [main] DEBUG - Parsing relationship: /_rels/.rels
11:31:52.611 [main] TRACE - Resolving type for handle workbookec17doctype
11:31:52.614 [main] TRACE - Resolving type for handle worksheetf539doctype
11:31:52.625 [main] DEBUG - Save content types part
11:31:52.626 [main] DEBUG - Save package relationships
11:31:52.627 [main] DEBUG - Save part 'docProps/app.xml'
11:31:52.627 [main] DEBUG - Save part 'docProps/core.xml'
11:31:52.628 [main] DEBUG - Save part 'xl/sharedStrings.xml'
11:31:52.628 [main] DEBUG - Save part 'xl/styles.xml'
11:31:52.628 [main] DEBUG - Save part 'xl/workbook.xml'
11:31:52.629 [main] DEBUG - Save part 'xl/worksheets/sheet1.xml'
11:31:52.629 [main] DEBUG - Save part 'xl/worksheets/sheet2.xml'
11:31:52.629 [main] DEBUG - Save part 'xl/worksheets/sheet3.xml'
11:31:52.671 [main] DEBUG - Parsing relationship: /xl/_rels/workbook.xml.rels
11:31:52.671 [main] DEBUG - Parsing relationship: /_rels/.rels
11:31:52.685 [main] DEBUG - Save content types part
11:31:52.686 [main] DEBUG - Save package relationships
11:31:52.686 [main] DEBUG - Save part 'docProps/app.xml'
11:31:52.687 [main] DEBUG - Save part 'docProps/core.xml'
11:31:52.687 [main] DEBUG - Save part 'xl/sharedStrings.xml'
11:31:52.687 [main] DEBUG - Save part 'xl/styles.xml'
11:31:52.688 [main] DEBUG - Save part 'xl/workbook.xml'
11:31:52.689 [main] DEBUG - Save part 'xl/worksheets/sheet1.xml'
11:31:52.689 [main] DEBUG - Save part 'xl/worksheets/sheet2.xml'
11:31:52.689 [main] DEBUG - Save part 'xl/worksheets/sheet3.xml'
11:31:52.711 [main] DEBUG - Parsing relationship: /xl/_rels/workbook.xml.rels
11:31:52.712 [main] DEBUG - Parsing relationship: /_rels/.rels
11:31:52.726 [main] DEBUG - Save content types part
11:31:52.727 [main] DEBUG - Save package relationships
11:31:52.728 [main] DEBUG - Save part 'docProps/app.xml'
11:31:52.728 [main] DEBUG - Save part 'docProps/core.xml'
11:31:52.729 [main] DEBUG - Save part 'xl/sharedStrings.xml'
11:31:52.729 [main] DEBUG - Save part 'xl/styles.xml'
11:31:52.729 [main] DEBUG - Save part 'xl/workbook.xml'
11:31:52.730 [main] DEBUG - Save part 'xl/worksheets/sheet1.xml'
11:31:52.730 [main] DEBUG - Save part 'xl/worksheets/sheet2.xml'
11:31:52.730 [main] DEBUG - Save part 'xl/worksheets/sheet3.xml'
11:31:52.754 [main] DEBUG - Parsing relationship: /xl/_rels/workbook.xml.rels
11:31:52.755 [main] DEBUG - Parsing relationship: /_rels/.rels
11:31:52.769 [main] DEBUG - Save content types part
11:31:52.770 [main] DEBUG - Save package relationships
11:31:52.771 [main] DEBUG - Save part 'docProps/app.xml'
11:31:52.771 [main] DEBUG - Save part 'docProps/core.xml'
11:31:52.771 [main] DEBUG - Save part 'xl/sharedStrings.xml'
11:31:52.771 [main] DEBUG - Save part 'xl/styles.xml'
11:31:52.772 [main] DEBUG - Save part 'xl/workbook.xml'
11:31:52.772 [main] DEBUG - Save part 'xl/worksheets/sheet1.xml'
11:31:52.772 [main] DEBUG - Save part 'xl/worksheets/sheet2.xml'
11:31:52.773 [main] DEBUG - Save part 'xl/worksheets/sheet3.xml'
11:31:52.822 [main] DEBUG - Parsing relationship: /xl/_rels/workbook.xml.rels
11:31:52.823 [main] DEBUG - Parsing relationship: /_rels/.rels
11:31:52.838 [main] DEBUG - Save content types part
11:31:52.839 [main] DEBUG - Save package relationships
11:31:52.840 [main] DEBUG - Save part 'docProps/app.xml'
11:31:52.840 [main] DEBUG - Save part 'docProps/core.xml'
11:31:52.840 [main] DEBUG - Save part 'xl/sharedStrings.xml'
11:31:52.841 [main] DEBUG - Save part 'xl/styles.xml'
11:31:52.841 [main] DEBUG - Save part 'xl/workbook.xml'
11:31:52.841 [main] DEBUG - Save part 'xl/worksheets/sheet1.xml'
11:31:52.842 [main] DEBUG - Save part 'xl/worksheets/sheet2.xml'
11:31:52.842 [main] DEBUG - Save part 'xl/worksheets/sheet3.xml'
11:31:52.865 [main] DEBUG - Parsing relationship: /xl/_rels/workbook.xml.rels
11:31:52.866 [main] DEBUG - Parsing relationship: /_rels/.rels
11:31:52.879 [main] DEBUG - Save content types part
11:31:52.880 [main] DEBUG - Save package relationships
11:31:52.881 [main] DEBUG - Save part 'docProps/app.xml'
11:31:52.881 [main] DEBUG - Save part 'docProps/core.xml'
11:31:52.881 [main] DEBUG - Save part 'xl/sharedStrings.xml'
11:31:52.881 [main] DEBUG - Save part 'xl/styles.xml'
11:31:52.882 [main] DEBUG - Save part 'xl/workbook.xml'
11:31:52.882 [main] DEBUG - Save part 'xl/worksheets/sheet1.xml'
11:31:52.883 [main] DEBUG - Save part 'xl/worksheets/sheet2.xml'
11:31:52.883 [main] DEBUG - Save part 'xl/worksheets/sheet3.xml'
11:31:52.908 [main] DEBUG - Parsing relationship: /xl/_rels/workbook.xml.rels
11:31:52.909 [main] DEBUG - Parsing relationship: /_rels/.rels
11:31:52.924 [main] DEBUG - Save content types part
11:31:52.927 [main] DEBUG - Save package relationships
11:31:52.928 [main] DEBUG - Save part 'docProps/app.xml'
11:31:52.928 [main] DEBUG - Save part 'docProps/core.xml'
11:31:52.929 [main] DEBUG - Save part 'xl/sharedStrings.xml'
11:31:52.929 [main] DEBUG - Save part 'xl/styles.xml'
11:31:52.929 [main] DEBUG - Save part 'xl/workbook.xml'
11:31:52.930 [main] DEBUG - Save part 'xl/worksheets/sheet1.xml'
11:31:52.930 [main] DEBUG - Save part 'xl/worksheets/sheet2.xml'
11:31:52.930 [main] DEBUG - Save part 'xl/worksheets/sheet3.xml'
11:31:52.951 [main] DEBUG - Parsing relationship: /xl/_rels/workbook.xml.rels
11:31:52.951 [main] DEBUG - Parsing relationship: /_rels/.rels
11:31:52.961 [main] DEBUG - Save content types part
11:31:52.962 [main] DEBUG - Save package relationships
11:31:52.963 [main] DEBUG - Save part 'docProps/app.xml'
11:31:52.963 [main] DEBUG - Save part 'docProps/core.xml'
11:31:52.964 [main] DEBUG - Save part 'xl/sharedStrings.xml'
11:31:52.964 [main] DEBUG - Save part 'xl/styles.xml'
11:31:52.964 [main] DEBUG - Save part 'xl/workbook.xml'
11:31:52.964 [main] DEBUG - Save part 'xl/worksheets/sheet1.xml'
11:31:52.965 [main] DEBUG - Save part 'xl/worksheets/sheet2.xml'
11:31:52.965 [main] DEBUG - Save part 'xl/worksheets/sheet3.xml'
11:31:53.012 [main] DEBUG - Parsing relationship: /xl/_rels/workbook.xml.rels
11:31:53.013 [main] DEBUG - Parsing relationship: /_rels/.rels
11:31:53.026 [main] DEBUG - Save content types part
11:31:53.028 [main] DEBUG - Save package relationships
11:31:53.029 [main] DEBUG - Save part 'docProps/app.xml'
11:31:53.029 [main] DEBUG - Save part 'docProps/core.xml'
11:31:53.030 [main] DEBUG - Save part 'xl/sharedStrings.xml'
11:31:53.030 [main] DEBUG - Save part 'xl/styles.xml'
11:31:53.030 [main] DEBUG - Save part 'xl/workbook.xml'
11:31:53.031 [main] DEBUG - Save part 'xl/worksheets/sheet1.xml'
11:31:53.031 [main] DEBUG - Save part 'xl/worksheets/sheet2.xml'
11:31:53.031 [main] DEBUG - Save part 'xl/worksheets/sheet3.xml'
11:31:53.068 [main] DEBUG - Parsing relationship: /xl/_rels/workbook.xml.rels
11:31:53.068 [main] DEBUG - Parsing relationship: /_rels/.rels
11:31:53.080 [main] DEBUG - Save content types part
11:31:53.081 [main] DEBUG - Save package relationships
11:31:53.084 [main] DEBUG - Save part 'docProps/app.xml'
11:31:53.084 [main] DEBUG - Save part 'docProps/core.xml'
11:31:53.085 [main] DEBUG - Save part 'xl/sharedStrings.xml'
11:31:53.085 [main] DEBUG - Save part 'xl/styles.xml'
11:31:53.085 [main] DEBUG - Save part 'xl/workbook.xml'
11:31:53.086 [main] DEBUG - Save part 'xl/worksheets/sheet1.xml'
11:31:53.086 [main] DEBUG - Save part 'xl/worksheets/sheet2.xml'
11:31:53.087 [main] DEBUG - Save part 'xl/worksheets/sheet3.xml'
11:31:53.111 [main] DEBUG - Parsing relationship: /xl/_rels/workbook.xml.rels
11:31:53.111 [main] DEBUG - Parsing relationship: /_rels/.rels
11:31:53.123 [main] DEBUG - Save content types part
11:31:53.124 [main] DEBUG - Save package relationships
11:31:53.124 [main] DEBUG - Save part 'docProps/app.xml'
11:31:53.124 [main] DEBUG - Save part 'docProps/core.xml'
11:31:53.125 [main] DEBUG - Save part 'xl/sharedStrings.xml'
11:31:53.125 [main] DEBUG - Save part 'xl/styles.xml'
11:31:53.125 [main] DEBUG - Save part 'xl/workbook.xml'
11:31:53.126 [main] DEBUG - Save part 'xl/worksheets/sheet1.xml'
11:31:53.126 [main] DEBUG - Save part 'xl/worksheets/sheet2.xml'
11:31:53.126 [main] DEBUG - Save part 'xl/worksheets/sheet3.xml'
11:31:53.150 [main] DEBUG - Parsing relationship: /xl/_rels/workbook.xml.rels
11:31:53.150 [main] DEBUG - Parsing relationship: /_rels/.rels
11:31:53.163 [main] DEBUG - Save content types part
11:31:53.164 [main] DEBUG - Save package relationships
11:31:53.166 [main] DEBUG - Save part 'docProps/app.xml'
11:31:53.166 [main] DEBUG - Save part 'docProps/core.xml'
11:31:53.168 [main] DEBUG - Save part 'xl/sharedStrings.xml'
11:31:53.168 [main] DEBUG - Save part 'xl/styles.xml'
11:31:53.168 [main] DEBUG - Save part 'xl/workbook.xml'
11:31:53.170 [main] DEBUG - Save part 'xl/worksheets/sheet1.xml'
11:31:53.170 [main] DEBUG - Save part 'xl/worksheets/sheet2.xml'
11:31:53.170 [main] DEBUG - Save part 'xl/worksheets/sheet3.xml'
11:31:53.232 [main] DEBUG - Parsing relationship: /xl/_rels/workbook.xml.rels
11:31:53.233 [main] DEBUG - Parsing relationship: /_rels/.rels
11:31:53.245 [main] DEBUG - Save content types part
11:31:53.246 [main] DEBUG - Save package relationships
11:31:53.247 [main] DEBUG - Save part 'docProps/app.xml'
11:31:53.247 [main] DEBUG - Save part 'docProps/core.xml'
11:31:53.247 [main] DEBUG - Save part 'xl/sharedStrings.xml'
11:31:53.247 [main] DEBUG - Save part 'xl/styles.xml'
11:31:53.248 [main] DEBUG - Save part 'xl/workbook.xml'
11:31:53.248 [main] DEBUG - Save part 'xl/worksheets/sheet1.xml'
11:31:53.248 [main] DEBUG - Save part 'xl/worksheets/sheet2.xml'
11:31:53.248 [main] DEBUG - Save part 'xl/worksheets/sheet3.xml'
11:31:53.271 [main] DEBUG - Parsing relationship: /xl/_rels/workbook.xml.rels
11:31:53.271 [main] DEBUG - Parsing relationship: /_rels/.rels
11:31:53.286 [main] DEBUG - Save content types part
11:31:53.288 [main] DEBUG - Save package relationships
11:31:53.289 [main] DEBUG - Save part 'docProps/app.xml'
11:31:53.289 [main] DEBUG - Save part 'docProps/core.xml'
11:31:53.289 [main] DEBUG - Save part 'xl/sharedStrings.xml'
11:31:53.289 [main] DEBUG - Save part 'xl/styles.xml'
11:31:53.290 [main] DEBUG - Save part 'xl/workbook.xml'
11:31:53.290 [main] DEBUG - Save part 'xl/worksheets/sheet1.xml'
11:31:53.291 [main] DEBUG - Save part 'xl/worksheets/sheet2.xml'
11:31:53.291 [main] DEBUG - Save part 'xl/worksheets/sheet3.xml'
11:31:53.314 [main] DEBUG - Parsing relationship: /xl/_rels/workbook.xml.rels
11:31:53.314 [main] DEBUG - Parsing relationship: /_rels/.rels
11:31:53.326 [main] DEBUG - Save content types part
11:31:53.327 [main] DEBUG - Save package relationships
11:31:53.329 [main] DEBUG - Save part 'docProps/app.xml'
11:31:53.329 [main] DEBUG - Save part 'docProps/core.xml'
11:31:53.330 [main] DEBUG - Save part 'xl/sharedStrings.xml'
11:31:53.331 [main] DEBUG - Save part 'xl/styles.xml'
11:31:53.331 [main] DEBUG - Save part 'xl/workbook.xml'
11:31:53.332 [main] DEBUG - Save part 'xl/worksheets/sheet1.xml'
11:31:53.332 [main] DEBUG - Save part 'xl/worksheets/sheet2.xml'
11:31:53.332 [main] DEBUG - Save part 'xl/worksheets/sheet3.xml'
11:31:53.358 [main] DEBUG - Parsing relationship: /xl/_rels/workbook.xml.rels
11:31:53.358 [main] DEBUG - Parsing relationship: /_rels/.rels
11:31:53.370 [main] DEBUG - Save content types part
11:31:53.371 [main] DEBUG - Save package relationships
11:31:53.371 [main] DEBUG - Save part 'docProps/app.xml'
11:31:53.371 [main] DEBUG - Save part 'docProps/core.xml'
11:31:53.372 [main] DEBUG - Save part 'xl/sharedStrings.xml'
11:31:53.372 [main] DEBUG - Save part 'xl/styles.xml'
11:31:53.372 [main] DEBUG - Save part 'xl/workbook.xml'
11:31:53.373 [main] DEBUG - Save part 'xl/worksheets/sheet1.xml'
11:31:53.373 [main] DEBUG - Save part 'xl/worksheets/sheet2.xml'
11:31:53.373 [main] DEBUG - Save part 'xl/worksheets/sheet3.xml'
11:31:53.434 [main] DEBUG - Parsing relationship: /xl/_rels/workbook.xml.rels
11:31:53.435 [main] DEBUG - Parsing relationship: /_rels/.rels
11:31:53.445 [main] DEBUG - Save content types part
11:31:53.446 [main] DEBUG - Save package relationships
11:31:53.447 [main] DEBUG - Save part 'docProps/app.xml'
11:31:53.447 [main] DEBUG - Save part 'docProps/core.xml'
11:31:53.448 [main] DEBUG - Save part 'xl/sharedStrings.xml'
11:31:53.448 [main] DEBUG - Save part 'xl/styles.xml'
11:31:53.448 [main] DEBUG - Save part 'xl/workbook.xml'
11:31:53.449 [main] DEBUG - Save part 'xl/worksheets/sheet1.xml'
11:31:53.449 [main] DEBUG - Save part 'xl/worksheets/sheet2.xml'
11:31:53.449 [main] DEBUG - Save part 'xl/worksheets/sheet3.xml'
11:31:53.471 [main] DEBUG - Parsing relationship: /xl/_rels/workbook.xml.rels
11:31:53.472 [main] DEBUG - Parsing relationship: /_rels/.rels
11:31:53.487 [main] DEBUG - Save content types part
11:31:53.489 [main] DEBUG - Save package relationships
11:31:53.489 [main] DEBUG - Save part 'docProps/app.xml'
11:31:53.490 [main] DEBUG - Save part 'docProps/core.xml'
11:31:53.491 [main] DEBUG - Save part 'xl/sharedStrings.xml'
11:31:53.491 [main] DEBUG - Save part 'xl/styles.xml'
11:31:53.491 [main] DEBUG - Save part 'xl/workbook.xml'
11:31:53.492 [main] DEBUG - Save part 'xl/worksheets/sheet1.xml'
11:31:53.492 [main] DEBUG - Save part 'xl/worksheets/sheet2.xml'
11:31:53.492 [main] DEBUG - Save part 'xl/worksheets/sheet3.xml'
11:31:53.525 [main] DEBUG - Parsing relationship: /xl/_rels/workbook.xml.rels
11:31:53.526 [main] DEBUG - Parsing relationship: /_rels/.rels
11:31:53.537 [main] DEBUG - Save content types part
11:31:53.538 [main] DEBUG - Save package relationships
11:31:53.539 [main] DEBUG - Save part 'docProps/app.xml'
11:31:53.539 [main] DEBUG - Save part 'docProps/core.xml'
11:31:53.541 [main] DEBUG - Save part 'xl/sharedStrings.xml'
11:31:53.541 [main] DEBUG - Save part 'xl/styles.xml'
11:31:53.542 [main] DEBUG - Save part 'xl/workbook.xml'
11:31:53.543 [main] DEBUG - Save part 'xl/worksheets/sheet1.xml'
11:31:53.543 [main] DEBUG - Save part 'xl/worksheets/sheet2.xml'
11:31:53.543 [main] DEBUG - Save part 'xl/worksheets/sheet3.xml'
11:31:53.566 [main] DEBUG - Parsing relationship: /xl/_rels/workbook.xml.rels
11:31:53.566 [main] DEBUG - Parsing relationship: /_rels/.rels
11:31:53.583 [main] DEBUG - Save content types part
11:31:53.585 [main] DEBUG - Save package relationships
11:31:53.586 [main] DEBUG - Save part 'docProps/app.xml'
11:31:53.587 [main] DEBUG - Save part 'docProps/core.xml'
11:31:53.590 [main] DEBUG - Save part 'xl/sharedStrings.xml'
11:31:53.590 [main] DEBUG - Save part 'xl/styles.xml'
11:31:53.590 [main] DEBUG - Save part 'xl/workbook.xml'
11:31:53.592 [main] DEBUG - Save part 'xl/worksheets/sheet1.xml'
11:31:53.592 [main] DEBUG - Save part 'xl/worksheets/sheet2.xml'
11:31:53.592 [main] DEBUG - Save part 'xl/worksheets/sheet3.xml'
11:31:53.659 [main] DEBUG - Parsing relationship: /xl/_rels/workbook.xml.rels
11:31:53.660 [main] DEBUG - Parsing relationship: /_rels/.rels
11:31:53.669 [main] DEBUG - Save content types part
11:31:53.670 [main] DEBUG - Save package relationships
11:31:53.670 [main] DEBUG - Save part 'docProps/app.xml'
11:31:53.670 [main] DEBUG - Save part 'docProps/core.xml'
11:31:53.671 [main] DEBUG - Save part 'xl/sharedStrings.xml'
11:31:53.671 [main] DEBUG - Save part 'xl/styles.xml'
11:31:53.671 [main] DEBUG - Save part 'xl/workbook.xml'
11:31:53.672 [main] DEBUG - Save part 'xl/worksheets/sheet1.xml'
11:31:53.672 [main] DEBUG - Save part 'xl/worksheets/sheet2.xml'
11:31:53.672 [main] DEBUG - Save part 'xl/worksheets/sheet3.xml'
11:31:53.701 [main] DEBUG - Parsing relationship: /xl/_rels/workbook.xml.rels
11:31:53.701 [main] DEBUG - Parsing relationship: /_rels/.rels
11:31:53.710 [main] DEBUG - Save content types part
11:31:53.711 [main] DEBUG - Save package relationships
11:31:53.712 [main] DEBUG - Save part 'docProps/app.xml'
11:31:53.712 [main] DEBUG - Save part 'docProps/core.xml'
11:31:53.713 [main] DEBUG - Save part 'xl/sharedStrings.xml'
11:31:53.713 [main] DEBUG - Save part 'xl/styles.xml'
11:31:53.713 [main] DEBUG - Save part 'xl/workbook.xml'
11:31:53.716 [main] DEBUG - Save part 'xl/worksheets/sheet1.xml'
11:31:53.716 [main] DEBUG - Save part 'xl/worksheets/sheet2.xml'
11:31:53.716 [main] DEBUG - Save part 'xl/worksheets/sheet3.xml'
11:31:53.738 [main] DEBUG - Parsing relationship: /xl/_rels/workbook.xml.rels
11:31:53.738 [main] DEBUG - Parsing relationship: /_rels/.rels
11:31:53.749 [main] DEBUG - Save content types part
11:31:53.750 [main] DEBUG - Save package relationships
11:31:53.751 [main] DEBUG - Save part 'docProps/app.xml'
11:31:53.751 [main] DEBUG - Save part 'docProps/core.xml'
11:31:53.752 [main] DEBUG - Save part 'xl/sharedStrings.xml'
11:31:53.752 [main] DEBUG - Save part 'xl/styles.xml'
11:31:53.753 [main] DEBUG - Save part 'xl/workbook.xml'
11:31:53.754 [main] DEBUG - Save part 'xl/worksheets/sheet1.xml'
11:31:53.754 [main] DEBUG - Save part 'xl/worksheets/sheet2.xml'
11:31:53.756 [main] DEBUG - Save part 'xl/worksheets/sheet3.xml'
11:31:53.785 [main] DEBUG - Parsing relationship: /xl/_rels/workbook.xml.rels
11:31:53.786 [main] DEBUG - Parsing relationship: /_rels/.rels
11:31:53.805 [main] DEBUG - Save content types part
11:31:53.805 [main] DEBUG - Save package relationships
11:31:53.806 [main] DEBUG - Save part 'docProps/app.xml'
11:31:53.806 [main] DEBUG - Save part 'docProps/core.xml'
11:31:53.807 [main] DEBUG - Save part 'xl/sharedStrings.xml'
11:31:53.807 [main] DEBUG - Save part 'xl/styles.xml'
11:31:53.807 [main] DEBUG - Save part 'xl/workbook.xml'
11:31:53.808 [main] DEBUG - Save part 'xl/worksheets/sheet1.xml'
11:31:53.808 [main] DEBUG - Save part 'xl/worksheets/sheet2.xml'
11:31:53.808 [main] DEBUG - Save part 'xl/worksheets/sheet3.xml'
11:31:53.852 [main] DEBUG - Parsing relationship: /xl/_rels/workbook.xml.rels
11:31:53.853 [main] DEBUG - Parsing relationship: /_rels/.rels
11:31:53.862 [main] DEBUG - Save content types part
11:31:53.862 [main] DEBUG - Save package relationships
11:31:53.863 [main] DEBUG - Save part 'docProps/app.xml'
11:31:53.863 [main] DEBUG - Save part 'docProps/core.xml'
11:31:53.864 [main] DEBUG - Save part 'xl/sharedStrings.xml'
11:31:53.864 [main] DEBUG - Save part 'xl/styles.xml'
11:31:53.864 [main] DEBUG - Save part 'xl/workbook.xml'
11:31:53.864 [main] DEBUG - Save part 'xl/worksheets/sheet1.xml'
11:31:53.865 [main] DEBUG - Save part 'xl/worksheets/sheet2.xml'
11:31:53.865 [main] DEBUG - Save part 'xl/worksheets/sheet3.xml'
11:31:53.885 [main] DEBUG - Parsing relationship: /xl/_rels/workbook.xml.rels
11:31:53.886 [main] DEBUG - Parsing relationship: /_rels/.rels
11:31:53.893 [main] DEBUG - Save content types part
11:31:53.894 [main] DEBUG - Save package relationships
11:31:53.895 [main] DEBUG - Save part 'docProps/app.xml'
11:31:53.896 [main] DEBUG - Save part 'docProps/core.xml'
11:31:53.897 [main] DEBUG - Save part 'xl/sharedStrings.xml'
11:31:53.897 [main] DEBUG - Save part 'xl/styles.xml'
11:31:53.897 [main] DEBUG - Save part 'xl/workbook.xml'
11:31:53.898 [main] DEBUG - Save part 'xl/worksheets/sheet1.xml'
11:31:53.898 [main] DEBUG - Save part 'xl/worksheets/sheet2.xml'
11:31:53.898 [main] DEBUG - Save part 'xl/worksheets/sheet3.xml'
11:31:53.927 [main] DEBUG - Parsing relationship: /xl/_rels/workbook.xml.rels
11:31:53.928 [main] DEBUG - Parsing relationship: /_rels/.rels
11:31:53.938 [main] DEBUG - Save content types part
11:31:53.938 [main] DEBUG - Save package relationships
11:31:53.939 [main] DEBUG - Save part 'docProps/app.xml'
11:31:53.939 [main] DEBUG - Save part 'docProps/core.xml'
11:31:53.940 [main] DEBUG - Save part 'xl/sharedStrings.xml'
11:31:53.940 [main] DEBUG - Save part 'xl/styles.xml'
11:31:53.940 [main] DEBUG - Save part 'xl/workbook.xml'
11:31:53.940 [main] DEBUG - Save part 'xl/worksheets/sheet1.xml'
11:31:53.941 [main] DEBUG - Save part 'xl/worksheets/sheet2.xml'
11:31:53.941 [main] DEBUG - Save part 'xl/worksheets/sheet3.xml'
11:31:53.979 [main] DEBUG - Parsing relationship: /xl/_rels/workbook.xml.rels
11:31:53.979 [main] DEBUG - Parsing relationship: /_rels/.rels
11:31:53.987 [main] DEBUG - Save content types part
11:31:53.988 [main] DEBUG - Save package relationships
11:31:53.990 [main] DEBUG - Save part 'docProps/app.xml'
11:31:53.990 [main] DEBUG - Save part 'docProps/core.xml'
11:31:53.991 [main] DEBUG - Save part 'xl/sharedStrings.xml'
11:31:53.991 [main] DEBUG - Save part 'xl/styles.xml'
11:31:53.991 [main] DEBUG - Save part 'xl/workbook.xml'
11:31:53.992 [main] DEBUG - Save part 'xl/worksheets/sheet1.xml'
11:31:53.992 [main] DEBUG - Save part 'xl/worksheets/sheet2.xml'
11:31:53.992 [main] DEBUG - Save part 'xl/worksheets/sheet3.xml'
11:31:54.034 [main] DEBUG - Parsing relationship: /xl/_rels/workbook.xml.rels
11:31:54.034 [main] DEBUG - Parsing relationship: /_rels/.rels
11:31:54.047 [main] DEBUG - Save content types part
11:31:54.048 [main] DEBUG - Save package relationships
11:31:54.049 [main] DEBUG - Save part 'docProps/app.xml'
11:31:54.049 [main] DEBUG - Save part 'docProps/core.xml'
11:31:54.049 [main] DEBUG - Save part 'xl/sharedStrings.xml'
11:31:54.050 [main] DEBUG - Save part 'xl/styles.xml'
11:31:54.050 [main] DEBUG - Save part 'xl/workbook.xml'
11:31:54.050 [main] DEBUG - Save part 'xl/worksheets/sheet1.xml'
11:31:54.050 [main] DEBUG - Save part 'xl/worksheets/sheet2.xml'
11:31:54.050 [main] DEBUG - Save part 'xl/worksheets/sheet3.xml'
11:31:54.076 [main] DEBUG - Parsing relationship: /xl/_rels/workbook.xml.rels
11:31:54.076 [main] DEBUG - Parsing relationship: /_rels/.rels
11:31:54.087 [main] DEBUG - Save content types part
11:31:54.088 [main] DEBUG - Save package relationships
11:31:54.089 [main] DEBUG - Save part 'docProps/app.xml'
11:31:54.089 [main] DEBUG - Save part 'docProps/core.xml'
11:31:54.091 [main] DEBUG - Save part 'xl/sharedStrings.xml'
11:31:54.091 [main] DEBUG - Save part 'xl/styles.xml'
11:31:54.091 [main] DEBUG - Save part 'xl/workbook.xml'
11:31:54.091 [main] DEBUG - Save part 'xl/worksheets/sheet1.xml'
11:31:54.092 [main] DEBUG - Save part 'xl/worksheets/sheet2.xml'
11:31:54.092 [main] DEBUG - Save part 'xl/worksheets/sheet3.xml'
11:31:54.115 [main] DEBUG - Parsing relationship: /xl/_rels/workbook.xml.rels
11:31:54.115 [main] DEBUG - Parsing relationship: /_rels/.rels
11:31:54.126 [main] DEBUG - Save content types part
11:31:54.128 [main] DEBUG - Save package relationships
11:31:54.129 [main] DEBUG - Save part 'docProps/app.xml'
11:31:54.129 [main] DEBUG - Save part 'docProps/core.xml'
11:31:54.130 [main] DEBUG - Save part 'xl/sharedStrings.xml'
11:31:54.131 [main] DEBUG - Save part 'xl/styles.xml'
11:31:54.131 [main] DEBUG - Save part 'xl/workbook.xml'
11:31:54.132 [main] DEBUG - Save part 'xl/worksheets/sheet1.xml'
11:31:54.133 [main] DEBUG - Save part 'xl/worksheets/sheet2.xml'
11:31:54.133 [main] DEBUG - Save part 'xl/worksheets/sheet3.xml'
11:31:54.158 [main] DEBUG - Parsing relationship: /xl/_rels/workbook.xml.rels
11:31:54.159 [main] DEBUG - Parsing relationship: /_rels/.rels
11:31:54.166 [main] DEBUG - Save content types part
11:31:54.167 [main] DEBUG - Save package relationships
11:31:54.168 [main] DEBUG - Save part 'docProps/app.xml'
11:31:54.168 [main] DEBUG - Save part 'docProps/core.xml'
11:31:54.169 [main] DEBUG - Save part 'xl/sharedStrings.xml'
11:31:54.169 [main] DEBUG - Save part 'xl/styles.xml'
11:31:54.169 [main] DEBUG - Save part 'xl/workbook.xml'
11:31:54.169 [main] DEBUG - Save part 'xl/worksheets/sheet1.xml'
11:31:54.169 [main] DEBUG - Save part 'xl/worksheets/sheet2.xml'
11:31:54.169 [main] DEBUG - Save part 'xl/worksheets/sheet3.xml'
11:31:54.230 [main] DEBUG - Parsing relationship: /xl/_rels/workbook.xml.rels
11:31:54.230 [main] DEBUG - Parsing relationship: /_rels/.rels
11:31:54.239 [main] DEBUG - Save content types part
11:31:54.240 [main] DEBUG - Save package relationships
11:31:54.240 [main] DEBUG - Save part 'docProps/app.xml'
11:31:54.240 [main] DEBUG - Save part 'docProps/core.xml'
11:31:54.241 [main] DEBUG - Save part 'xl/sharedStrings.xml'
11:31:54.241 [main] DEBUG - Save part 'xl/styles.xml'
11:31:54.241 [main] DEBUG - Save part 'xl/workbook.xml'
11:31:54.241 [main] DEBUG - Save part 'xl/worksheets/sheet1.xml'
11:31:54.242 [main] DEBUG - Save part 'xl/worksheets/sheet2.xml'
11:31:54.242 [main] DEBUG - Save part 'xl/worksheets/sheet3.xml'
11:31:54.264 [main] DEBUG - Parsing relationship: /xl/_rels/workbook.xml.rels
11:31:54.264 [main] DEBUG - Parsing relationship: /_rels/.rels
11:31:54.272 [main] DEBUG - Save content types part
11:31:54.272 [main] DEBUG - Save package relationships
11:31:54.273 [main] DEBUG - Save part 'docProps/app.xml'
11:31:54.273 [main] DEBUG - Save part 'docProps/core.xml'
11:31:54.274 [main] DEBUG - Save part 'xl/sharedStrings.xml'
11:31:54.274 [main] DEBUG - Save part 'xl/styles.xml'
11:31:54.274 [main] DEBUG - Save part 'xl/workbook.xml'
11:31:54.275 [main] DEBUG - Save part 'xl/worksheets/sheet1.xml'
11:31:54.275 [main] DEBUG - Save part 'xl/worksheets/sheet2.xml'
11:31:54.275 [main] DEBUG - Save part 'xl/worksheets/sheet3.xml'
11:31:54.304 [main] DEBUG - Parsing relationship: /xl/_rels/workbook.xml.rels
11:31:54.305 [main] DEBUG - Parsing relationship: /_rels/.rels
11:31:54.314 [main] DEBUG - Save content types part
11:31:54.315 [main] DEBUG - Save package relationships
11:31:54.316 [main] DEBUG - Save part 'docProps/app.xml'
11:31:54.316 [main] DEBUG - Save part 'docProps/core.xml'
11:31:54.317 [main] DEBUG - Save part 'xl/sharedStrings.xml'
11:31:54.317 [main] DEBUG - Save part 'xl/styles.xml'
11:31:54.317 [main] DEBUG - Save part 'xl/workbook.xml'
11:31:54.317 [main] DEBUG - Save part 'xl/worksheets/sheet1.xml'
11:31:54.317 [main] DEBUG - Save part 'xl/worksheets/sheet2.xml'
11:31:54.317 [main] DEBUG - Save part 'xl/worksheets/sheet3.xml'
11:31:54.341 [main] DEBUG - Parsing relationship: /xl/_rels/workbook.xml.rels
11:31:54.342 [main] DEBUG - Parsing relationship: /_rels/.rels
11:31:54.349 [main] DEBUG - Save content types part
11:31:54.350 [main] DEBUG - Save package relationships
11:31:54.351 [main] DEBUG - Save part 'docProps/app.xml'
11:31:54.351 [main] DEBUG - Save part 'docProps/core.xml'
11:31:54.352 [main] DEBUG - Save part 'xl/sharedStrings.xml'
11:31:54.352 [main] DEBUG - Save part 'xl/styles.xml'
11:31:54.352 [main] DEBUG - Save part 'xl/workbook.xml'
11:31:54.352 [main] DEBUG - Save part 'xl/worksheets/sheet1.xml'
11:31:54.352 [main] DEBUG - Save part 'xl/worksheets/sheet2.xml'
11:31:54.352 [main] DEBUG - Save part 'xl/worksheets/sheet3.xml'
11:31:54.430 [main] DEBUG - Parsing relationship: /xl/_rels/workbook.xml.rels
11:31:54.431 [main] DEBUG - Parsing relationship: /_rels/.rels
11:31:54.444 [main] DEBUG - Save content types part
11:31:54.445 [main] DEBUG - Save package relationships
11:31:54.445 [main] DEBUG - Save part 'docProps/app.xml'
11:31:54.446 [main] DEBUG - Save part 'docProps/core.xml'
11:31:54.446 [main] DEBUG - Save part 'xl/sharedStrings.xml'
11:31:54.446 [main] DEBUG - Save part 'xl/styles.xml'
11:31:54.446 [main] DEBUG - Save part 'xl/workbook.xml'
11:31:54.447 [main] DEBUG - Save part 'xl/worksheets/sheet1.xml'
11:31:54.447 [main] DEBUG - Save part 'xl/worksheets/sheet2.xml'
11:31:54.447 [main] DEBUG - Save part 'xl/worksheets/sheet3.xml'
11:31:54.467 [main] DEBUG - Parsing relationship: /xl/_rels/workbook.xml.rels
11:31:54.467 [main] DEBUG - Parsing relationship: /_rels/.rels
11:31:54.473 [main] DEBUG - Save content types part
11:31:54.474 [main] DEBUG - Save package relationships
11:31:54.475 [main] DEBUG - Save part 'docProps/app.xml'
11:31:54.475 [main] DEBUG - Save part 'docProps/core.xml'
11:31:54.475 [main] DEBUG - Save part 'xl/sharedStrings.xml'
11:31:54.475 [main] DEBUG - Save part 'xl/styles.xml'
11:31:54.475 [main] DEBUG - Save part 'xl/workbook.xml'
11:31:54.476 [main] DEBUG - Save part 'xl/worksheets/sheet1.xml'
11:31:54.476 [main] DEBUG - Save part 'xl/worksheets/sheet2.xml'
11:31:54.476 [main] DEBUG - Save part 'xl/worksheets/sheet3.xml'
11:31:54.496 [main] DEBUG - Parsing relationship: /xl/_rels/workbook.xml.rels
11:31:54.496 [main] DEBUG - Parsing relationship: /_rels/.rels
11:31:54.504 [main] DEBUG - Save content types part
11:31:54.506 [main] DEBUG - Save package relationships
11:31:54.507 [main] DEBUG - Save part 'docProps/app.xml'
11:31:54.507 [main] DEBUG - Save part 'docProps/core.xml'
11:31:54.508 [main] DEBUG - Save part 'xl/sharedStrings.xml'
11:31:54.508 [main] DEBUG - Save part 'xl/styles.xml'
11:31:54.509 [main] DEBUG - Save part 'xl/workbook.xml'
11:31:54.510 [main] DEBUG - Save part 'xl/worksheets/sheet1.xml'
11:31:54.510 [main] DEBUG - Save part 'xl/worksheets/sheet2.xml'
11:31:54.510 [main] DEBUG - Save part 'xl/worksheets/sheet3.xml'
11:31:54.535 [main] DEBUG - Parsing relationship: /xl/_rels/workbook.xml.rels
11:31:54.536 [main] DEBUG - Parsing relationship: /_rels/.rels
11:31:54.545 [main] DEBUG - Save content types part
11:31:54.546 [main] DEBUG - Save package relationships
11:31:54.546 [main] DEBUG - Save part 'docProps/app.xml'
11:31:54.546 [main] DEBUG - Save part 'docProps/core.xml'
11:31:54.547 [main] DEBUG - Save part 'xl/sharedStrings.xml'
11:31:54.547 [main] DEBUG - Save part 'xl/styles.xml'
11:31:54.547 [main] DEBUG - Save part 'xl/workbook.xml'
11:31:54.547 [main] DEBUG - Save part 'xl/worksheets/sheet1.xml'
11:31:54.548 [main] DEBUG - Save part 'xl/worksheets/sheet2.xml'
11:31:54.548 [main] DEBUG - Save part 'xl/worksheets/sheet3.xml'
11:31:54.613 [main] DEBUG - Parsing relationship: /xl/_rels/workbook.xml.rels
11:31:54.613 [main] DEBUG - Parsing relationship: /_rels/.rels
11:31:54.622 [main] DEBUG - Save content types part
11:31:54.623 [main] DEBUG - Save package relationships
11:31:54.624 [main] DEBUG - Save part 'docProps/app.xml'
11:31:54.624 [main] DEBUG - Save part 'docProps/core.xml'
11:31:54.624 [main] DEBUG - Save part 'xl/sharedStrings.xml'
11:31:54.625 [main] DEBUG - Save part 'xl/styles.xml'
11:31:54.625 [main] DEBUG - Save part 'xl/workbook.xml'
11:31:54.625 [main] DEBUG - Save part 'xl/worksheets/sheet1.xml'
11:31:54.625 [main] DEBUG - Save part 'xl/worksheets/sheet2.xml'
11:31:54.625 [main] DEBUG - Save part 'xl/worksheets/sheet3.xml'
11:31:54.652 [main] DEBUG - Parsing relationship: /xl/_rels/workbook.xml.rels
11:31:54.652 [main] DEBUG - Parsing relationship: /_rels/.rels
11:31:54.661 [main] DEBUG - Save content types part
11:31:54.662 [main] DEBUG - Save package relationships
11:31:54.663 [main] DEBUG - Save part 'docProps/app.xml'
11:31:54.663 [main] DEBUG - Save part 'docProps/core.xml'
11:31:54.664 [main] DEBUG - Save part 'xl/sharedStrings.xml'
11:31:54.664 [main] DEBUG - Save part 'xl/styles.xml'
11:31:54.664 [main] DEBUG - Save part 'xl/workbook.xml'
11:31:54.664 [main] DEBUG - Save part 'xl/worksheets/sheet1.xml'
11:31:54.664 [main] DEBUG - Save part 'xl/worksheets/sheet2.xml'
11:31:54.665 [main] DEBUG - Save part 'xl/worksheets/sheet3.xml'
11:31:54.690 [main] DEBUG - Parsing relationship: /xl/_rels/workbook.xml.rels
11:31:54.690 [main] DEBUG - Parsing relationship: /_rels/.rels
11:31:54.705 [main] DEBUG - Save content types part
11:31:54.706 [main] DEBUG - Save package relationships
11:31:54.706 [main] DEBUG - Save part 'docProps/app.xml'
11:31:54.706 [main] DEBUG - Save part 'docProps/core.xml'
11:31:54.707 [main] DEBUG - Save part 'xl/sharedStrings.xml'
11:31:54.707 [main] DEBUG - Save part 'xl/styles.xml'
11:31:54.707 [main] DEBUG - Save part 'xl/workbook.xml'
11:31:54.709 [main] DEBUG - Save part 'xl/worksheets/sheet1.xml'
11:31:54.709 [main] DEBUG - Save part 'xl/worksheets/sheet2.xml'
11:31:54.709 [main] DEBUG - Save part 'xl/worksheets/sheet3.xml'
11:31:54.735 [main] DEBUG - Parsing relationship: /xl/_rels/workbook.xml.rels
11:31:54.735 [main] DEBUG - Parsing relationship: /_rels/.rels
11:31:54.744 [main] DEBUG - Save content types part
11:31:54.745 [main] DEBUG - Save package relationships
11:31:54.746 [main] DEBUG - Save part 'docProps/app.xml'
11:31:54.746 [main] DEBUG - Save part 'docProps/core.xml'
11:31:54.747 [main] DEBUG - Save part 'xl/sharedStrings.xml'
11:31:54.747 [main] DEBUG - Save part 'xl/styles.xml'
11:31:54.747 [main] DEBUG - Save part 'xl/workbook.xml'
11:31:54.747 [main] DEBUG - Save part 'xl/worksheets/sheet1.xml'
11:31:54.747 [main] DEBUG - Save part 'xl/worksheets/sheet2.xml'
11:31:54.747 [main] DEBUG - Save part 'xl/worksheets/sheet3.xml'
11:31:54.801 [main] INFO  - Retrived the Upcoming bikes
11:32:07.969 [main] INFO  - Opened Application
11:32:18.055 [main] INFO  - Clicked on May be later
11:32:18.582 [main] INFO  - Navigated to Used Cars in Chennai page
11:32:19.171 [main] INFO  - Clicked on Read More Button
11:32:19.305 [main] DEBUG - Parsing relationship: /xl/_rels/workbook.xml.rels
11:32:19.305 [main] DEBUG - Parsing relationship: /_rels/.rels
11:32:19.312 [main] DEBUG - Save content types part
11:32:19.312 [main] DEBUG - Save package relationships
11:32:19.313 [main] DEBUG - Save part 'docProps/app.xml'
11:32:19.313 [main] DEBUG - Save part 'docProps/core.xml'
11:32:19.313 [main] DEBUG - Save part 'xl/sharedStrings.xml'
11:32:19.313 [main] DEBUG - Save part 'xl/styles.xml'
11:32:19.314 [main] DEBUG - Save part 'xl/workbook.xml'
11:32:19.314 [main] DEBUG - Save part 'xl/worksheets/sheet1.xml'
11:32:19.314 [main] DEBUG - Save part 'xl/worksheets/sheet2.xml'
11:32:19.314 [main] DEBUG - Save part 'xl/worksheets/sheet3.xml'
11:32:19.335 [main] DEBUG - Parsing relationship: /xl/_rels/workbook.xml.rels
11:32:19.336 [main] DEBUG - Parsing relationship: /_rels/.rels
11:32:19.342 [main] DEBUG - Save content types part
11:32:19.344 [main] DEBUG - Save package relationships
11:32:19.345 [main] DEBUG - Save part 'docProps/app.xml'
11:32:19.345 [main] DEBUG - Save part 'docProps/core.xml'
11:32:19.345 [main] DEBUG - Save part 'xl/sharedStrings.xml'
11:32:19.346 [main] DEBUG - Save part 'xl/styles.xml'
11:32:19.346 [main] DEBUG - Save part 'xl/workbook.xml'
11:32:19.346 [main] DEBUG - Save part 'xl/worksheets/sheet1.xml'
11:32:19.346 [main] DEBUG - Save part 'xl/worksheets/sheet2.xml'
11:32:19.346 [main] DEBUG - Save part 'xl/worksheets/sheet3.xml'
11:32:19.368 [main] DEBUG - Parsing relationship: /xl/_rels/workbook.xml.rels
11:32:19.369 [main] DEBUG - Parsing relationship: /_rels/.rels
11:32:19.382 [main] DEBUG - Save content types part
11:32:19.383 [main] DEBUG - Save package relationships
11:32:19.383 [main] DEBUG - Save part 'docProps/app.xml'
11:32:19.383 [main] DEBUG - Save part 'docProps/core.xml'
11:32:19.384 [main] DEBUG - Save part 'xl/sharedStrings.xml'
11:32:19.384 [main] DEBUG - Save part 'xl/styles.xml'
11:32:19.384 [main] DEBUG - Save part 'xl/workbook.xml'
11:32:19.385 [main] DEBUG - Save part 'xl/worksheets/sheet1.xml'
11:32:19.385 [main] DEBUG - Save part 'xl/worksheets/sheet2.xml'
11:32:19.385 [main] DEBUG - Save part 'xl/worksheets/sheet3.xml'
11:32:19.433 [main] DEBUG - Parsing relationship: /xl/_rels/workbook.xml.rels
11:32:19.433 [main] DEBUG - Parsing relationship: /_rels/.rels
11:32:19.441 [main] DEBUG - Save content types part
11:32:19.441 [main] DEBUG - Save package relationships
11:32:19.442 [main] DEBUG - Save part 'docProps/app.xml'
11:32:19.442 [main] DEBUG - Save part 'docProps/core.xml'
11:32:19.443 [main] DEBUG - Save part 'xl/sharedStrings.xml'
11:32:19.443 [main] DEBUG - Save part 'xl/styles.xml'
11:32:19.443 [main] DEBUG - Save part 'xl/workbook.xml'
11:32:19.443 [main] DEBUG - Save part 'xl/worksheets/sheet1.xml'
11:32:19.443 [main] DEBUG - Save part 'xl/worksheets/sheet2.xml'
11:32:19.443 [main] DEBUG - Save part 'xl/worksheets/sheet3.xml'
11:32:19.462 [main] DEBUG - Parsing relationship: /xl/_rels/workbook.xml.rels
11:32:19.462 [main] DEBUG - Parsing relationship: /_rels/.rels
11:32:19.469 [main] DEBUG - Save content types part
11:32:19.470 [main] DEBUG - Save package relationships
11:32:19.470 [main] DEBUG - Save part 'docProps/app.xml'
11:32:19.470 [main] DEBUG - Save part 'docProps/core.xml'
11:32:19.471 [main] DEBUG - Save part 'xl/sharedStrings.xml'
11:32:19.471 [main] DEBUG - Save part 'xl/styles.xml'
11:32:19.471 [main] DEBUG - Save part 'xl/workbook.xml'
11:32:19.471 [main] DEBUG - Save part 'xl/worksheets/sheet1.xml'
11:32:19.471 [main] DEBUG - Save part 'xl/worksheets/sheet2.xml'
11:32:19.471 [main] DEBUG - Save part 'xl/worksheets/sheet3.xml'
11:32:19.491 [main] DEBUG - Parsing relationship: /xl/_rels/workbook.xml.rels
11:32:19.491 [main] DEBUG - Parsing relationship: /_rels/.rels
11:32:19.499 [main] DEBUG - Save content types part
11:32:19.500 [main] DEBUG - Save package relationships
11:32:19.501 [main] DEBUG - Save part 'docProps/app.xml'
11:32:19.501 [main] DEBUG - Save part 'docProps/core.xml'
11:32:19.501 [main] DEBUG - Save part 'xl/sharedStrings.xml'
11:32:19.501 [main] DEBUG - Save part 'xl/styles.xml'
11:32:19.502 [main] DEBUG - Save part 'xl/workbook.xml'
11:32:19.502 [main] DEBUG - Save part 'xl/worksheets/sheet1.xml'
11:32:19.502 [main] DEBUG - Save part 'xl/worksheets/sheet2.xml'
11:32:19.502 [main] DEBUG - Save part 'xl/worksheets/sheet3.xml'
11:32:19.538 [main] DEBUG - Parsing relationship: /xl/_rels/workbook.xml.rels
11:32:19.538 [main] DEBUG - Parsing relationship: /_rels/.rels
11:32:19.544 [main] DEBUG - Save content types part
11:32:19.545 [main] DEBUG - Save package relationships
11:32:19.545 [main] DEBUG - Save part 'docProps/app.xml'
11:32:19.545 [main] DEBUG - Save part 'docProps/core.xml'
11:32:19.546 [main] DEBUG - Save part 'xl/sharedStrings.xml'
11:32:19.546 [main] DEBUG - Save part 'xl/styles.xml'
11:32:19.546 [main] DEBUG - Save part 'xl/workbook.xml'
11:32:19.547 [main] DEBUG - Save part 'xl/worksheets/sheet1.xml'
11:32:19.547 [main] DEBUG - Save part 'xl/worksheets/sheet2.xml'
11:32:19.547 [main] DEBUG - Save part 'xl/worksheets/sheet3.xml'
11:32:19.571 [main] DEBUG - Parsing relationship: /xl/_rels/workbook.xml.rels
11:32:19.572 [main] DEBUG - Parsing relationship: /_rels/.rels
11:32:19.578 [main] DEBUG - Save content types part
11:32:19.579 [main] DEBUG - Save package relationships
11:32:19.580 [main] DEBUG - Save part 'docProps/app.xml'
11:32:19.580 [main] DEBUG - Save part 'docProps/core.xml'
11:32:19.580 [main] DEBUG - Save part 'xl/sharedStrings.xml'
11:32:19.580 [main] DEBUG - Save part 'xl/styles.xml'
11:32:19.580 [main] DEBUG - Save part 'xl/workbook.xml'
11:32:19.581 [main] DEBUG - Save part 'xl/worksheets/sheet1.xml'
11:32:19.581 [main] DEBUG - Save part 'xl/worksheets/sheet2.xml'
11:32:19.581 [main] DEBUG - Save part 'xl/worksheets/sheet3.xml'
11:32:19.605 [main] DEBUG - Parsing relationship: /xl/_rels/workbook.xml.rels
11:32:19.605 [main] DEBUG - Parsing relationship: /_rels/.rels
11:32:19.612 [main] DEBUG - Save content types part
11:32:19.613 [main] DEBUG - Save package relationships
11:32:19.614 [main] DEBUG - Save part 'docProps/app.xml'
11:32:19.614 [main] DEBUG - Save part 'docProps/core.xml'
11:32:19.614 [main] DEBUG - Save part 'xl/sharedStrings.xml'
11:32:19.614 [main] DEBUG - Save part 'xl/styles.xml'
11:32:19.614 [main] DEBUG - Save part 'xl/workbook.xml'
11:32:19.615 [main] DEBUG - Save part 'xl/worksheets/sheet1.xml'
11:32:19.615 [main] DEBUG - Save part 'xl/worksheets/sheet2.xml'
11:32:19.615 [main] DEBUG - Save part 'xl/worksheets/sheet3.xml'
11:32:19.661 [main] DEBUG - Parsing relationship: /xl/_rels/workbook.xml.rels
11:32:19.662 [main] DEBUG - Parsing relationship: /_rels/.rels
11:32:19.670 [main] DEBUG - Save content types part
11:32:19.671 [main] DEBUG - Save package relationships
11:32:19.671 [main] DEBUG - Save part 'docProps/app.xml'
11:32:19.671 [main] DEBUG - Save part 'docProps/core.xml'
11:32:19.672 [main] DEBUG - Save part 'xl/sharedStrings.xml'
11:32:19.672 [main] DEBUG - Save part 'xl/styles.xml'
11:32:19.672 [main] DEBUG - Save part 'xl/workbook.xml'
11:32:19.672 [main] DEBUG - Save part 'xl/worksheets/sheet1.xml'
11:32:19.673 [main] DEBUG - Save part 'xl/worksheets/sheet2.xml'
11:32:19.673 [main] DEBUG - Save part 'xl/worksheets/sheet3.xml'
11:32:19.695 [main] DEBUG - Parsing relationship: /xl/_rels/workbook.xml.rels
11:32:19.695 [main] DEBUG - Parsing relationship: /_rels/.rels
11:32:19.701 [main] DEBUG - Save content types part
11:32:19.702 [main] DEBUG - Save package relationships
11:32:19.702 [main] DEBUG - Save part 'docProps/app.xml'
11:32:19.702 [main] DEBUG - Save part 'docProps/core.xml'
11:32:19.703 [main] DEBUG - Save part 'xl/sharedStrings.xml'
11:32:19.703 [main] DEBUG - Save part 'xl/styles.xml'
11:32:19.703 [main] DEBUG - Save part 'xl/workbook.xml'
11:32:19.703 [main] DEBUG - Save part 'xl/worksheets/sheet1.xml'
11:32:19.703 [main] DEBUG - Save part 'xl/worksheets/sheet2.xml'
11:32:19.704 [main] DEBUG - Save part 'xl/worksheets/sheet3.xml'
11:32:19.723 [main] DEBUG - Parsing relationship: /xl/_rels/workbook.xml.rels
11:32:19.723 [main] DEBUG - Parsing relationship: /_rels/.rels
11:32:19.731 [main] DEBUG - Save content types part
11:32:19.732 [main] DEBUG - Save package relationships
11:32:19.732 [main] DEBUG - Save part 'docProps/app.xml'
11:32:19.732 [main] DEBUG - Save part 'docProps/core.xml'
11:32:19.733 [main] DEBUG - Save part 'xl/sharedStrings.xml'
11:32:19.733 [main] DEBUG - Save part 'xl/styles.xml'
11:32:19.733 [main] DEBUG - Save part 'xl/workbook.xml'
11:32:19.734 [main] DEBUG - Save part 'xl/worksheets/sheet1.xml'
11:32:19.734 [main] DEBUG - Save part 'xl/worksheets/sheet2.xml'
11:32:19.734 [main] DEBUG - Save part 'xl/worksheets/sheet3.xml'
11:32:19.779 [main] INFO  - Retrived Popular Cars in Chennai
11:32:31.043 [main] INFO  - Opened Application
11:32:41.096 [main] INFO  - Clicked on May be later
11:32:41.506 [main] INFO  - Clicked on Login button
11:32:42.052 [main] INFO  - Click on sign in using Google option
11:32:42.396 [main] INFO  - Swithched to Google window
11:32:43.492 [main] INFO  - Entered Email
11:32:43.864 [main] INFO  - Clicked on Next Button
11:32:44.044 [main] DEBUG - Parsing relationship: /xl/_rels/workbook.xml.rels
11:32:44.045 [main] DEBUG - Parsing relationship: /_rels/.rels
11:32:44.057 [main] DEBUG - Save content types part
11:32:44.058 [main] DEBUG - Save package relationships
11:32:44.059 [main] DEBUG - Save part 'docProps/app.xml'
11:32:44.059 [main] DEBUG - Save part 'docProps/core.xml'
11:32:44.060 [main] DEBUG - Save part 'xl/sharedStrings.xml'
