11:32:44.060 [main] DEBUG - Save part 'xl/styles.xml'
11:32:44.066 [main] DEBUG - Save part 'xl/workbook.xml'
11:32:44.067 [main] DEBUG - Save part 'xl/worksheets/sheet1.xml'
11:32:44.068 [main] DEBUG - Save part 'xl/worksheets/sheet2.xml'
11:32:44.068 [main] DEBUG - Save part 'xl/worksheets/sheet3.xml'
11:32:44.095 [main] INFO  - Retrived Error Message
10:30:01.913 [main] INFO  - Opened Application
10:30:07.644 [main] INFO  - Clicked on May be later
10:30:14.826 [main] INFO  - Opened Application
10:30:16.012 [main] INFO  - Clicked on May be later
11:02:25.436 [main] INFO  - Opened Application
11:02:35.495 [main] INFO  - Clicked on May be later
11:02:36.104 [main] TRACE - Loading type system org.apache.poi.schemas.ooxml.system.ooxml
11:02:36.111 [main] TRACE - Loading type system org.apache.xmlbeans.metadata.system.sXMLCONFIG
11:02:36.112 [main] TRACE - Loading type system org.apache.xmlbeans.metadata.system.sXMLLANG
11:02:36.113 [main] TRACE - Loading type system org.apache.xmlbeans.metadata.system.sXMLSCHEMA
11:02:36.114 [main] TRACE - Loading type system org.apache.xmlbeans.metadata.system.sXMLTOOLS
11:02:36.116 [main] TRACE - Reading unresolved handles for type system org.apache.xmlbeans.metadata.system.sXMLTOOLS
11:02:36.132 [main] TRACE - Finished loading type system org.apache.xmlbeans.metadata.system.sXMLTOOLS
11:02:36.133 [main] TRACE - Reading unresolved handles for type system org.apache.xmlbeans.metadata.system.sXMLSCHEMA
11:02:36.138 [main] TRACE - Finished loading type system org.apache.xmlbeans.metadata.system.sXMLSCHEMA
11:02:36.140 [main] TRACE - Reading unresolved handles for type system org.apache.xmlbeans.metadata.system.sXMLLANG
11:02:36.141 [main] TRACE - Finished loading type system org.apache.xmlbeans.metadata.system.sXMLLANG
11:02:36.142 [main] TRACE - Reading unresolved handles for type system org.apache.xmlbeans.metadata.system.sXMLCONFIG
11:02:36.145 [main] TRACE - Finished loading type system org.apache.xmlbeans.metadata.system.sXMLCONFIG
11:02:36.146 [main] TRACE - Reading unresolved handles for type system org.apache.poi.schemas.ooxml.system.ooxml
11:02:36.188 [main] TRACE - Finished loading type system org.apache.poi.schemas.ooxml.system.ooxml
11:02:36.189 [main] TRACE - Resolving type for handle ctworkbook83c3type
11:02:36.245 [main] TRACE - Resolving type for handle ctworkbookpr03a5type
11:02:36.255 [main] TRACE - Resolving type for handle ctbookviewsb864type
11:02:36.260 [main] TRACE - Resolving type for handle ctbookviewf677type
11:02:36.271 [main] TRACE - Resolving type for handle ctsheets49fdtype
11:02:36.277 [main] TRACE - Resolving type for handle propertiesee84doctype
11:02:36.280 [main] TRACE - Resolving type for handle ctproperties3f10type
11:02:36.288 [main] TRACE - Resolving type for handle properties288cdoctype
11:02:36.291 [main] TRACE - Resolving type for handle ctproperties2c18type
11:02:36.300 [main] TRACE - Resolving type for handle sstf81fdoctype
11:02:36.303 [main] TRACE - Resolving type for handle ctsst44f3type
11:02:36.312 [main] TRACE - Resolving type for handle stylesheet5d8bdoctype
11:02:36.315 [main] TRACE - Resolving type for handle ctstylesheet4257type
11:02:36.321 [main] TRACE - Resolving type for handle ctfont14d8type
11:02:36.328 [main] TRACE - Resolving type for handle ctfontsizeb3b9type
11:02:36.333 [main] TRACE - Resolving type for handle ctcolord2c2type
11:02:36.336 [main] TRACE - Resolving type for handle ctfontname2dc3type
11:02:36.339 [main] TRACE - Resolving type for handle stxstringf179type
11:02:36.343 [main] TRACE - Resolving type for handle ctfontfamily685ctype
11:02:36.346 [main] TRACE - Resolving type for handle stfontfamily9c6ctype
11:02:36.349 [main] TRACE - Resolving type for handle ctfontschemebf5dtype
11:02:36.353 [main] TRACE - Resolving type for handle stfontschemef36dtype
11:02:36.359 [main] TRACE - Resolving type for handle ctfill550ctype
11:02:36.361 [main] TRACE - Resolving type for handle ctpatternfill7452type
11:02:36.366 [main] TRACE - Resolving type for handle stpatterntype7939type
11:02:36.371 [main] TRACE - Resolving type for handle ctborderf935type
11:02:36.375 [main] TRACE - Resolving type for handle ctborderpre497type
11:02:36.381 [main] TRACE - Resolving type for handle ctxf97f7type
11:02:36.384 [main] TRACE - Resolving type for handle stnumfmtid76fbtype
11:02:36.386 [main] TRACE - Resolving type for handle stfontid9d63type
11:02:36.388 [main] TRACE - Resolving type for handle stfillida097type
11:02:36.390 [main] TRACE - Resolving type for handle stborderid1a80type
11:02:36.393 [main] TRACE - Resolving type for handle stcellstylexfid70c7type
11:02:36.401 [main] TRACE - Resolving type for handle ctsheet4dbetype
11:02:36.405 [main] TRACE - Resolving type for handle ctworksheet530dtype
11:02:36.409 [main] TRACE - Resolving type for handle ctsheetformatprdef7type
11:02:36.413 [main] TRACE - Resolving type for handle ctsheetviewsb918type
11:02:36.414 [main] TRACE - Resolving type for handle ctsheetview0f43type
11:02:36.419 [main] TRACE - Resolving type for handle ctsheetdimensiond310type
11:02:36.420 [main] TRACE - Resolving type for handle stref90a2type
11:02:36.421 [main] TRACE - Resolving type for handle ctsheetdata8408type
11:02:36.424 [main] TRACE - Resolving type for handle ctpagemargins5455type
11:02:36.428 [main] TRACE - Resolving type for handle ctcols627ctype
11:02:36.431 [main] TRACE - Resolving type for handle strelationshipid1e94type
11:02:36.437 [main] TRACE - Resolving type for handle ctrowdd39type
11:02:36.444 [main] TRACE - Resolving type for handle ctcell842btype
11:02:36.454 [main] TRACE - Resolving type for handle stcellrefe4e0type
11:02:36.458 [main] TRACE - Resolving type for handle ctrsta472type
11:02:36.461 [main] TRACE - Resolving type for handle stcelltypebf95type
11:02:36.483 [main] TRACE - Resolving type for handle ctnumfmtsb58btype
11:02:36.485 [main] TRACE - Resolving type for handle ctfonts6623type
11:02:36.489 [main] TRACE - Resolving type for handle ctfills2c6ftype
11:02:36.492 [main] TRACE - Resolving type for handle ctborders0d66type
11:02:36.494 [main] TRACE - Resolving type for handle ctcellxfs1322type
11:02:36.497 [main] TRACE - Resolving type for handle ctcellstylexfsa81ftype
11:02:36.513 [main] DEBUG - Save core properties part
11:02:36.514 [main] DEBUG - Save content types part
11:02:36.613 [main] DEBUG - Save package relationships
11:02:36.620 [main] DEBUG - Save part 'docProps/app.xml'
11:02:36.624 [main] DEBUG - Save part 'docProps/core.xml'
11:02:36.629 [main] DEBUG - Save part 'xl/sharedStrings.xml'
11:02:36.630 [main] DEBUG - Save part 'xl/styles.xml'
11:02:36.631 [main] DEBUG - Save part 'xl/workbook.xml'
11:02:36.632 [main] DEBUG - Save part 'xl/worksheets/sheet1.xml'
11:02:36.633 [main] DEBUG - Save part 'xl/worksheets/sheet2.xml'
11:02:36.633 [main] DEBUG - Save part 'xl/worksheets/sheet3.xml'
11:02:36.651 [main] DEBUG - Save content types part
11:02:36.652 [main] DEBUG - Save package relationships
11:02:36.653 [main] DEBUG - Save part 'docProps/app.xml'
11:02:36.653 [main] DEBUG - Save part 'docProps/core.xml'
11:02:36.654 [main] DEBUG - Save part 'xl/sharedStrings.xml'
11:02:36.654 [main] DEBUG - Save part 'xl/styles.xml'
11:02:36.654 [main] DEBUG - Save part 'xl/workbook.xml'
11:02:36.655 [main] DEBUG - Save part 'xl/worksheets/sheet1.xml'
11:02:36.655 [main] DEBUG - Save part 'xl/worksheets/sheet2.xml'
11:02:36.655 [main] DEBUG - Save part 'xl/worksheets/sheet3.xml'
11:02:36.801 [main] INFO  - Moved to Bikes Tab
11:02:36.899 [main] INFO  - Clicked on Upcoming Bikes
11:02:37.367 [main] INFO  - Selected the Brand:Honda
11:02:41.819 [main] INFO  - Clicked on Load More Button
11:02:45.502 [main] DEBUG - Parsing relationship: /xl/_rels/workbook.xml.rels
11:02:45.502 [main] DEBUG - Parsing relationship: /_rels/.rels
11:02:45.527 [main] TRACE - Resolving type for handle workbookec17doctype
11:02:45.530 [main] TRACE - Resolving type for handle worksheetf539doctype
11:02:45.546 [main] DEBUG - Save content types part
11:02:45.547 [main] DEBUG - Save package relationships
11:02:45.548 [main] DEBUG - Save part 'docProps/app.xml'
11:02:45.548 [main] DEBUG - Save part 'docProps/core.xml'
11:02:45.549 [main] DEBUG - Save part 'xl/sharedStrings.xml'
11:02:45.549 [main] DEBUG - Save part 'xl/styles.xml'
11:02:45.549 [main] DEBUG - Save part 'xl/workbook.xml'
11:02:45.550 [main] DEBUG - Save part 'xl/worksheets/sheet1.xml'
11:02:45.550 [main] DEBUG - Save part 'xl/worksheets/sheet2.xml'
11:02:45.550 [main] DEBUG - Save part 'xl/worksheets/sheet3.xml'
11:02:45.577 [main] DEBUG - Parsing relationship: /xl/_rels/workbook.xml.rels
11:02:45.577 [main] DEBUG - Parsing relationship: /_rels/.rels
11:02:45.591 [main] DEBUG - Save content types part
11:02:45.592 [main] DEBUG - Save package relationships
11:02:45.593 [main] DEBUG - Save part 'docProps/app.xml'
11:02:45.593 [main] DEBUG - Save part 'docProps/core.xml'
11:02:45.594 [main] DEBUG - Save part 'xl/sharedStrings.xml'
11:02:45.594 [main] DEBUG - Save part 'xl/styles.xml'
11:02:45.594 [main] DEBUG - Save part 'xl/workbook.xml'
11:02:45.595 [main] DEBUG - Save part 'xl/worksheets/sheet1.xml'
11:02:45.596 [main] DEBUG - Save part 'xl/worksheets/sheet2.xml'
11:02:45.596 [main] DEBUG - Save part 'xl/worksheets/sheet3.xml'
11:02:45.617 [main] DEBUG - Parsing relationship: /xl/_rels/workbook.xml.rels
11:02:45.618 [main] DEBUG - Parsing relationship: /_rels/.rels
11:02:45.634 [main] DEBUG - Save content types part
11:02:45.635 [main] DEBUG - Save package relationships
11:02:45.637 [main] DEBUG - Save part 'docProps/app.xml'
11:02:45.637 [main] DEBUG - Save part 'docProps/core.xml'
11:02:45.638 [main] DEBUG - Save part 'xl/sharedStrings.xml'
11:02:45.638 [main] DEBUG - Save part 'xl/styles.xml'
11:02:45.638 [main] DEBUG - Save part 'xl/workbook.xml'
11:02:45.639 [main] DEBUG - Save part 'xl/worksheets/sheet1.xml'
11:02:45.639 [main] DEBUG - Save part 'xl/worksheets/sheet2.xml'
11:02:45.639 [main] DEBUG - Save part 'xl/worksheets/sheet3.xml'
11:02:45.661 [main] DEBUG - Parsing relationship: /xl/_rels/workbook.xml.rels
11:02:45.662 [main] DEBUG - Parsing relationship: /_rels/.rels
11:02:45.684 [main] DEBUG - Save content types part
11:02:45.685 [main] DEBUG - Save package relationships
11:02:45.686 [main] DEBUG - Save part 'docProps/app.xml'
11:02:45.687 [main] DEBUG - Save part 'docProps/core.xml'
11:02:45.688 [main] DEBUG - Save part 'xl/sharedStrings.xml'
11:02:45.688 [main] DEBUG - Save part 'xl/styles.xml'
11:02:45.688 [main] DEBUG - Save part 'xl/workbook.xml'
11:02:45.690 [main] DEBUG - Save part 'xl/worksheets/sheet1.xml'
11:02:45.690 [main] DEBUG - Save part 'xl/worksheets/sheet2.xml'
11:02:45.690 [main] DEBUG - Save part 'xl/worksheets/sheet3.xml'
11:02:45.743 [main] DEBUG - Parsing relationship: /xl/_rels/workbook.xml.rels
11:02:45.744 [main] DEBUG - Parsing relationship: /_rels/.rels
11:02:45.775 [main] DEBUG - Save content types part
11:02:45.776 [main] DEBUG - Save package relationships
11:02:45.777 [main] DEBUG - Save part 'docProps/app.xml'
11:02:45.777 [main] DEBUG - Save part 'docProps/core.xml'
11:02:45.777 [main] DEBUG - Save part 'xl/sharedStrings.xml'
11:02:45.777 [main] DEBUG - Save part 'xl/styles.xml'
11:02:45.778 [main] DEBUG - Save part 'xl/workbook.xml'
11:02:45.778 [main] DEBUG - Save part 'xl/worksheets/sheet1.xml'
11:02:45.779 [main] DEBUG - Save part 'xl/worksheets/sheet2.xml'
11:02:45.779 [main] DEBUG - Save part 'xl/worksheets/sheet3.xml'
11:02:45.800 [main] DEBUG - Parsing relationship: /xl/_rels/workbook.xml.rels
11:02:45.801 [main] DEBUG - Parsing relationship: /_rels/.rels
11:02:45.813 [main] DEBUG - Save content types part
11:02:45.814 [main] DEBUG - Save package relationships
11:02:45.814 [main] DEBUG - Save part 'docProps/app.xml'
11:02:45.814 [main] DEBUG - Save part 'docProps/core.xml'
11:02:45.815 [main] DEBUG - Save part 'xl/sharedStrings.xml'
11:02:45.815 [main] DEBUG - Save part 'xl/styles.xml'
11:02:45.815 [main] DEBUG - Save part 'xl/workbook.xml'
11:02:45.816 [main] DEBUG - Save part 'xl/worksheets/sheet1.xml'
11:02:45.816 [main] DEBUG - Save part 'xl/worksheets/sheet2.xml'
11:02:45.816 [main] DEBUG - Save part 'xl/worksheets/sheet3.xml'
11:02:45.838 [main] DEBUG - Parsing relationship: /xl/_rels/workbook.xml.rels
11:02:45.839 [main] DEBUG - Parsing relationship: /_rels/.rels
11:02:45.851 [main] DEBUG - Save content types part
11:02:45.852 [main] DEBUG - Save package relationships
11:02:45.853 [main] DEBUG - Save part 'docProps/app.xml'
11:02:45.853 [main] DEBUG - Save part 'docProps/core.xml'
11:02:45.854 [main] DEBUG - Save part 'xl/sharedStrings.xml'
11:02:45.854 [main] DEBUG - Save part 'xl/styles.xml'
11:02:45.854 [main] DEBUG - Save part 'xl/workbook.xml'
11:02:45.855 [main] DEBUG - Save part 'xl/worksheets/sheet1.xml'
11:02:45.855 [main] DEBUG - Save part 'xl/worksheets/sheet2.xml'
11:02:45.855 [main] DEBUG - Save part 'xl/worksheets/sheet3.xml'
11:02:45.875 [main] DEBUG - Parsing relationship: /xl/_rels/workbook.xml.rels
11:02:45.875 [main] DEBUG - Parsing relationship: /_rels/.rels
11:02:45.888 [main] DEBUG - Save content types part
11:02:45.889 [main] DEBUG - Save package relationships
11:02:45.890 [main] DEBUG - Save part 'docProps/app.xml'
11:02:45.890 [main] DEBUG - Save part 'docProps/core.xml'
11:02:45.891 [main] DEBUG - Save part 'xl/sharedStrings.xml'
11:02:45.891 [main] DEBUG - Save part 'xl/styles.xml'
11:02:45.891 [main] DEBUG - Save part 'xl/workbook.xml'
11:02:45.892 [main] DEBUG - Save part 'xl/worksheets/sheet1.xml'
11:02:45.892 [main] DEBUG - Save part 'xl/worksheets/sheet2.xml'
11:02:45.892 [main] DEBUG - Save part 'xl/worksheets/sheet3.xml'
11:02:45.941 [main] DEBUG - Parsing relationship: /xl/_rels/workbook.xml.rels
11:02:45.942 [main] DEBUG - Parsing relationship: /_rels/.rels
11:02:45.956 [main] DEBUG - Save content types part
11:02:45.957 [main] DEBUG - Save package relationships
11:02:45.960 [main] DEBUG - Save part 'docProps/app.xml'
11:02:45.960 [main] DEBUG - Save part 'docProps/core.xml'
11:02:45.961 [main] DEBUG - Save part 'xl/sharedStrings.xml'
11:02:45.961 [main] DEBUG - Save part 'xl/styles.xml'
11:02:45.961 [main] DEBUG - Save part 'xl/workbook.xml'
11:02:45.962 [main] DEBUG - Save part 'xl/worksheets/sheet1.xml'
11:02:45.962 [main] DEBUG - Save part 'xl/worksheets/sheet2.xml'
11:02:45.962 [main] DEBUG - Save part 'xl/worksheets/sheet3.xml'
11:02:45.988 [main] DEBUG - Parsing relationship: /xl/_rels/workbook.xml.rels
11:02:45.988 [main] DEBUG - Parsing relationship: /_rels/.rels
11:02:45.998 [main] DEBUG - Save content types part
11:02:45.999 [main] DEBUG - Save package relationships
11:02:46.000 [main] DEBUG - Save part 'docProps/app.xml'
11:02:46.000 [main] DEBUG - Save part 'docProps/core.xml'
11:02:46.001 [main] DEBUG - Save part 'xl/sharedStrings.xml'
11:02:46.001 [main] DEBUG - Save part 'xl/styles.xml'
11:02:46.002 [main] DEBUG - Save part 'xl/workbook.xml'
11:02:46.003 [main] DEBUG - Save part 'xl/worksheets/sheet1.xml'
11:02:46.003 [main] DEBUG - Save part 'xl/worksheets/sheet2.xml'
11:02:46.003 [main] DEBUG - Save part 'xl/worksheets/sheet3.xml'
11:02:46.032 [main] DEBUG - Parsing relationship: /xl/_rels/workbook.xml.rels
11:02:46.032 [main] DEBUG - Parsing relationship: /_rels/.rels
11:02:46.044 [main] DEBUG - Save content types part
11:02:46.045 [main] DEBUG - Save package relationships
11:02:46.046 [main] DEBUG - Save part 'docProps/app.xml'
11:02:46.046 [main] DEBUG - Save part 'docProps/core.xml'
11:02:46.047 [main] DEBUG - Save part 'xl/sharedStrings.xml'
11:02:46.047 [main] DEBUG - Save part 'xl/styles.xml'
11:02:46.047 [main] DEBUG - Save part 'xl/workbook.xml'
11:02:46.048 [main] DEBUG - Save part 'xl/worksheets/sheet1.xml'
11:02:46.048 [main] DEBUG - Save part 'xl/worksheets/sheet2.xml'
11:02:46.048 [main] DEBUG - Save part 'xl/worksheets/sheet3.xml'
11:02:46.074 [main] DEBUG - Parsing relationship: /xl/_rels/workbook.xml.rels
11:02:46.074 [main] DEBUG - Parsing relationship: /_rels/.rels
11:02:46.086 [main] DEBUG - Save content types part
11:02:46.087 [main] DEBUG - Save package relationships
11:02:46.088 [main] DEBUG - Save part 'docProps/app.xml'
11:02:46.088 [main] DEBUG - Save part 'docProps/core.xml'
11:02:46.089 [main] DEBUG - Save part 'xl/sharedStrings.xml'
11:02:46.089 [main] DEBUG - Save part 'xl/styles.xml'
11:02:46.089 [main] DEBUG - Save part 'xl/workbook.xml'
11:02:46.090 [main] DEBUG - Save part 'xl/worksheets/sheet1.xml'
11:02:46.090 [main] DEBUG - Save part 'xl/worksheets/sheet2.xml'
11:02:46.090 [main] DEBUG - Save part 'xl/worksheets/sheet3.xml'
11:02:46.150 [main] DEBUG - Parsing relationship: /xl/_rels/workbook.xml.rels
11:02:46.150 [main] DEBUG - Parsing relationship: /_rels/.rels
11:02:46.167 [main] DEBUG - Save content types part
11:02:46.168 [main] DEBUG - Save package relationships
11:02:46.170 [main] DEBUG - Save part 'docProps/app.xml'
11:02:46.170 [main] DEBUG - Save part 'docProps/core.xml'
11:02:46.173 [main] DEBUG - Save part 'xl/sharedStrings.xml'
11:02:46.173 [main] DEBUG - Save part 'xl/styles.xml'
11:02:46.173 [main] DEBUG - Save part 'xl/workbook.xml'
11:02:46.175 [main] DEBUG - Save part 'xl/worksheets/sheet1.xml'
11:02:46.175 [main] DEBUG - Save part 'xl/worksheets/sheet2.xml'
11:02:46.175 [main] DEBUG - Save part 'xl/worksheets/sheet3.xml'
11:02:46.219 [main] DEBUG - Parsing relationship: /xl/_rels/workbook.xml.rels
11:02:46.220 [main] DEBUG - Parsing relationship: /_rels/.rels
11:02:46.237 [main] DEBUG - Save content types part
11:02:46.239 [main] DEBUG - Save package relationships
11:02:46.240 [main] DEBUG - Save part 'docProps/app.xml'
11:02:46.240 [main] DEBUG - Save part 'docProps/core.xml'
11:02:46.241 [main] DEBUG - Save part 'xl/sharedStrings.xml'
11:02:46.242 [main] DEBUG - Save part 'xl/styles.xml'
11:02:46.242 [main] DEBUG - Save part 'xl/workbook.xml'
11:02:46.243 [main] DEBUG - Save part 'xl/worksheets/sheet1.xml'
11:02:46.243 [main] DEBUG - Save part 'xl/worksheets/sheet2.xml'
11:02:46.244 [main] DEBUG - Save part 'xl/worksheets/sheet3.xml'
11:02:46.264 [main] DEBUG - Parsing relationship: /xl/_rels/workbook.xml.rels
11:02:46.264 [main] DEBUG - Parsing relationship: /_rels/.rels
11:02:46.278 [main] DEBUG - Save content types part
11:02:46.280 [main] DEBUG - Save package relationships
11:02:46.281 [main] DEBUG - Save part 'docProps/app.xml'
11:02:46.281 [main] DEBUG - Save part 'docProps/core.xml'
11:02:46.281 [main] DEBUG - Save part 'xl/sharedStrings.xml'
11:02:46.281 [main] DEBUG - Save part 'xl/styles.xml'
11:02:46.282 [main] DEBUG - Save part 'xl/workbook.xml'
11:02:46.282 [main] DEBUG - Save part 'xl/worksheets/sheet1.xml'
11:02:46.282 [main] DEBUG - Save part 'xl/worksheets/sheet2.xml'
11:02:46.282 [main] DEBUG - Save part 'xl/worksheets/sheet3.xml'
11:02:46.302 [main] DEBUG - Parsing relationship: /xl/_rels/workbook.xml.rels
11:02:46.303 [main] DEBUG - Parsing relationship: /_rels/.rels
11:02:46.315 [main] DEBUG - Save content types part
11:02:46.316 [main] DEBUG - Save package relationships
11:02:46.316 [main] DEBUG - Save part 'docProps/app.xml'
11:02:46.316 [main] DEBUG - Save part 'docProps/core.xml'
11:02:46.317 [main] DEBUG - Save part 'xl/sharedStrings.xml'
11:02:46.317 [main] DEBUG - Save part 'xl/styles.xml'
11:02:46.317 [main] DEBUG - Save part 'xl/workbook.xml'
11:02:46.318 [main] DEBUG - Save part 'xl/worksheets/sheet1.xml'
11:02:46.318 [main] DEBUG - Save part 'xl/worksheets/sheet2.xml'
11:02:46.318 [main] DEBUG - Save part 'xl/worksheets/sheet3.xml'
11:02:46.381 [main] DEBUG - Parsing relationship: /xl/_rels/workbook.xml.rels
11:02:46.381 [main] DEBUG - Parsing relationship: /_rels/.rels
11:02:46.393 [main] DEBUG - Save content types part
11:02:46.395 [main] DEBUG - Save package relationships
11:02:46.396 [main] DEBUG - Save part 'docProps/app.xml'
11:02:46.396 [main] DEBUG - Save part 'docProps/core.xml'
11:02:46.398 [main] DEBUG - Save part 'xl/sharedStrings.xml'
11:02:46.398 [main] DEBUG - Save part 'xl/styles.xml'
11:02:46.398 [main] DEBUG - Save part 'xl/workbook.xml'
11:02:46.399 [main] DEBUG - Save part 'xl/worksheets/sheet1.xml'
11:02:46.399 [main] DEBUG - Save part 'xl/worksheets/sheet2.xml'
11:02:46.399 [main] DEBUG - Save part 'xl/worksheets/sheet3.xml'
11:02:46.420 [main] DEBUG - Parsing relationship: /xl/_rels/workbook.xml.rels
11:02:46.421 [main] DEBUG - Parsing relationship: /_rels/.rels
11:02:46.429 [main] DEBUG - Save content types part
11:02:46.430 [main] DEBUG - Save package relationships
11:02:46.431 [main] DEBUG - Save part 'docProps/app.xml'
11:02:46.431 [main] DEBUG - Save part 'docProps/core.xml'
11:02:46.431 [main] DEBUG - Save part 'xl/sharedStrings.xml'
11:02:46.432 [main] DEBUG - Save part 'xl/styles.xml'
11:02:46.432 [main] DEBUG - Save part 'xl/workbook.xml'
11:02:46.432 [main] DEBUG - Save part 'xl/worksheets/sheet1.xml'
11:02:46.432 [main] DEBUG - Save part 'xl/worksheets/sheet2.xml'
11:02:46.432 [main] DEBUG - Save part 'xl/worksheets/sheet3.xml'
11:02:46.456 [main] DEBUG - Parsing relationship: /xl/_rels/workbook.xml.rels
11:02:46.456 [main] DEBUG - Parsing relationship: /_rels/.rels
11:02:46.467 [main] DEBUG - Save content types part
11:02:46.468 [main] DEBUG - Save package relationships
11:02:46.469 [main] DEBUG - Save part 'docProps/app.xml'
11:02:46.469 [main] DEBUG - Save part 'docProps/core.xml'
11:02:46.470 [main] DEBUG - Save part 'xl/sharedStrings.xml'
11:02:46.470 [main] DEBUG - Save part 'xl/styles.xml'
11:02:46.470 [main] DEBUG - Save part 'xl/workbook.xml'
11:02:46.471 [main] DEBUG - Save part 'xl/worksheets/sheet1.xml'
11:02:46.471 [main] DEBUG - Save part 'xl/worksheets/sheet2.xml'
11:02:46.471 [main] DEBUG - Save part 'xl/worksheets/sheet3.xml'
11:02:46.493 [main] DEBUG - Parsing relationship: /xl/_rels/workbook.xml.rels
11:02:46.494 [main] DEBUG - Parsing relationship: /_rels/.rels
11:02:46.503 [main] DEBUG - Save content types part
11:02:46.505 [main] DEBUG - Save package relationships
11:02:46.505 [main] DEBUG - Save part 'docProps/app.xml'
11:02:46.506 [main] DEBUG - Save part 'docProps/core.xml'
11:02:46.506 [main] DEBUG - Save part 'xl/sharedStrings.xml'
11:02:46.506 [main] DEBUG - Save part 'xl/styles.xml'
11:02:46.506 [main] DEBUG - Save part 'xl/workbook.xml'
11:02:46.507 [main] DEBUG - Save part 'xl/worksheets/sheet1.xml'
11:02:46.508 [main] DEBUG - Save part 'xl/worksheets/sheet2.xml'
11:02:46.508 [main] DEBUG - Save part 'xl/worksheets/sheet3.xml'
11:02:46.562 [main] DEBUG - Parsing relationship: /xl/_rels/workbook.xml.rels
11:02:46.563 [main] DEBUG - Parsing relationship: /_rels/.rels
11:02:46.577 [main] DEBUG - Save content types part
11:02:46.579 [main] DEBUG - Save package relationships
11:02:46.581 [main] DEBUG - Save part 'docProps/app.xml'
11:02:46.581 [main] DEBUG - Save part 'docProps/core.xml'
11:02:46.582 [main] DEBUG - Save part 'xl/sharedStrings.xml'
11:02:46.582 [main] DEBUG - Save part 'xl/styles.xml'
11:02:46.582 [main] DEBUG - Save part 'xl/workbook.xml'
11:02:46.583 [main] DEBUG - Save part 'xl/worksheets/sheet1.xml'
11:02:46.583 [main] DEBUG - Save part 'xl/worksheets/sheet2.xml'
11:02:46.583 [main] DEBUG - Save part 'xl/worksheets/sheet3.xml'
11:02:46.615 [main] DEBUG - Parsing relationship: /xl/_rels/workbook.xml.rels
11:02:46.616 [main] DEBUG - Parsing relationship: /_rels/.rels
11:02:46.634 [main] DEBUG - Save content types part
11:02:46.640 [main] DEBUG - Save package relationships
11:02:46.642 [main] DEBUG - Save part 'docProps/app.xml'
11:02:46.642 [main] DEBUG - Save part 'docProps/core.xml'
11:02:46.644 [main] DEBUG - Save part 'xl/sharedStrings.xml'
11:02:46.644 [main] DEBUG - Save part 'xl/styles.xml'
11:02:46.645 [main] DEBUG - Save part 'xl/workbook.xml'
11:02:46.646 [main] DEBUG - Save part 'xl/worksheets/sheet1.xml'
11:02:46.646 [main] DEBUG - Save part 'xl/worksheets/sheet2.xml'
11:02:46.646 [main] DEBUG - Save part 'xl/worksheets/sheet3.xml'
11:02:46.676 [main] DEBUG - Parsing relationship: /xl/_rels/workbook.xml.rels
11:02:46.677 [main] DEBUG - Parsing relationship: /_rels/.rels
11:02:46.689 [main] DEBUG - Save content types part
11:02:46.691 [main] DEBUG - Save package relationships
11:02:46.692 [main] DEBUG - Save part 'docProps/app.xml'
11:02:46.692 [main] DEBUG - Save part 'docProps/core.xml'
11:02:46.694 [main] DEBUG - Save part 'xl/sharedStrings.xml'
11:02:46.694 [main] DEBUG - Save part 'xl/styles.xml'
11:02:46.694 [main] DEBUG - Save part 'xl/workbook.xml'
11:02:46.695 [main] DEBUG - Save part 'xl/worksheets/sheet1.xml'
11:02:46.696 [main] DEBUG - Save part 'xl/worksheets/sheet2.xml'
11:02:46.696 [main] DEBUG - Save part 'xl/worksheets/sheet3.xml'
11:02:46.725 [main] DEBUG - Parsing relationship: /xl/_rels/workbook.xml.rels
11:02:46.726 [main] DEBUG - Parsing relationship: /_rels/.rels
11:02:46.741 [main] DEBUG - Save content types part
11:02:46.742 [main] DEBUG - Save package relationships
11:02:46.743 [main] DEBUG - Save part 'docProps/app.xml'
11:02:46.744 [main] DEBUG - Save part 'docProps/core.xml'
11:02:46.745 [main] DEBUG - Save part 'xl/sharedStrings.xml'
11:02:46.746 [main] DEBUG - Save part 'xl/styles.xml'
11:02:46.746 [main] DEBUG - Save part 'xl/workbook.xml'
11:02:46.748 [main] DEBUG - Save part 'xl/worksheets/sheet1.xml'
11:02:46.749 [main] DEBUG - Save part 'xl/worksheets/sheet2.xml'
11:02:46.749 [main] DEBUG - Save part 'xl/worksheets/sheet3.xml'
11:02:46.813 [main] DEBUG - Parsing relationship: /xl/_rels/workbook.xml.rels
11:02:46.814 [main] DEBUG - Parsing relationship: /_rels/.rels
11:02:46.825 [main] DEBUG - Save content types part
11:02:46.826 [main] DEBUG - Save package relationships
11:02:46.827 [main] DEBUG - Save part 'docProps/app.xml'
11:02:46.827 [main] DEBUG - Save part 'docProps/core.xml'
11:02:46.827 [main] DEBUG - Save part 'xl/sharedStrings.xml'
11:02:46.827 [main] DEBUG - Save part 'xl/styles.xml'
11:02:46.828 [main] DEBUG - Save part 'xl/workbook.xml'
11:02:46.828 [main] DEBUG - Save part 'xl/worksheets/sheet1.xml'
11:02:46.828 [main] DEBUG - Save part 'xl/worksheets/sheet2.xml'
11:02:46.828 [main] DEBUG - Save part 'xl/worksheets/sheet3.xml'
11:02:46.846 [main] DEBUG - Parsing relationship: /xl/_rels/workbook.xml.rels
11:02:46.847 [main] DEBUG - Parsing relationship: /_rels/.rels
11:02:46.856 [main] DEBUG - Save content types part
11:02:46.857 [main] DEBUG - Save package relationships
11:02:46.858 [main] DEBUG - Save part 'docProps/app.xml'
11:02:46.858 [main] DEBUG - Save part 'docProps/core.xml'
11:02:46.859 [main] DEBUG - Save part 'xl/sharedStrings.xml'
11:02:46.859 [main] DEBUG - Save part 'xl/styles.xml'
11:02:46.859 [main] DEBUG - Save part 'xl/workbook.xml'
11:02:46.859 [main] DEBUG - Save part 'xl/worksheets/sheet1.xml'
11:02:46.860 [main] DEBUG - Save part 'xl/worksheets/sheet2.xml'
11:02:46.860 [main] DEBUG - Save part 'xl/worksheets/sheet3.xml'
11:02:46.887 [main] DEBUG - Parsing relationship: /xl/_rels/workbook.xml.rels
11:02:46.888 [main] DEBUG - Parsing relationship: /_rels/.rels
11:02:46.898 [main] DEBUG - Save content types part
11:02:46.899 [main] DEBUG - Save package relationships
11:02:46.900 [main] DEBUG - Save part 'docProps/app.xml'
11:02:46.900 [main] DEBUG - Save part 'docProps/core.xml'
11:02:46.901 [main] DEBUG - Save part 'xl/sharedStrings.xml'
11:02:46.901 [main] DEBUG - Save part 'xl/styles.xml'
11:02:46.902 [main] DEBUG - Save part 'xl/workbook.xml'
11:02:46.903 [main] DEBUG - Save part 'xl/worksheets/sheet1.xml'
11:02:46.903 [main] DEBUG - Save part 'xl/worksheets/sheet2.xml'
11:02:46.903 [main] DEBUG - Save part 'xl/worksheets/sheet3.xml'
11:02:46.924 [main] DEBUG - Parsing relationship: /xl/_rels/workbook.xml.rels
11:02:46.925 [main] DEBUG - Parsing relationship: /_rels/.rels
11:02:46.933 [main] DEBUG - Save content types part
11:02:46.934 [main] DEBUG - Save package relationships
11:02:46.935 [main] DEBUG - Save part 'docProps/app.xml'
11:02:46.935 [main] DEBUG - Save part 'docProps/core.xml'
11:02:46.936 [main] DEBUG - Save part 'xl/sharedStrings.xml'
11:02:46.936 [main] DEBUG - Save part 'xl/styles.xml'
11:02:46.936 [main] DEBUG - Save part 'xl/workbook.xml'
11:02:46.937 [main] DEBUG - Save part 'xl/worksheets/sheet1.xml'
11:02:46.937 [main] DEBUG - Save part 'xl/worksheets/sheet2.xml'
11:02:46.937 [main] DEBUG - Save part 'xl/worksheets/sheet3.xml'
11:02:46.988 [main] DEBUG - Parsing relationship: /xl/_rels/workbook.xml.rels
11:02:46.988 [main] DEBUG - Parsing relationship: /_rels/.rels
11:02:46.996 [main] DEBUG - Save content types part
11:02:46.997 [main] DEBUG - Save package relationships
11:02:46.998 [main] DEBUG - Save part 'docProps/app.xml'
11:02:46.998 [main] DEBUG - Save part 'docProps/core.xml'
11:02:46.998 [main] DEBUG - Save part 'xl/sharedStrings.xml'
11:02:46.998 [main] DEBUG - Save part 'xl/styles.xml'
11:02:46.998 [main] DEBUG - Save part 'xl/workbook.xml'
11:02:46.999 [main] DEBUG - Save part 'xl/worksheets/sheet1.xml'
11:02:46.999 [main] DEBUG - Save part 'xl/worksheets/sheet2.xml'
11:02:47.000 [main] DEBUG - Save part 'xl/worksheets/sheet3.xml'
11:02:47.029 [main] DEBUG - Parsing relationship: /xl/_rels/workbook.xml.rels
11:02:47.030 [main] DEBUG - Parsing relationship: /_rels/.rels
11:02:47.040 [main] DEBUG - Save content types part
11:02:47.040 [main] DEBUG - Save package relationships
11:02:47.041 [main] DEBUG - Save part 'docProps/app.xml'
11:02:47.041 [main] DEBUG - Save part 'docProps/core.xml'
11:02:47.041 [main] DEBUG - Save part 'xl/sharedStrings.xml'
11:02:47.042 [main] DEBUG - Save part 'xl/styles.xml'
11:02:47.042 [main] DEBUG - Save part 'xl/workbook.xml'
11:02:47.042 [main] DEBUG - Save part 'xl/worksheets/sheet1.xml'
11:02:47.042 [main] DEBUG - Save part 'xl/worksheets/sheet2.xml'
11:02:47.042 [main] DEBUG - Save part 'xl/worksheets/sheet3.xml'
11:02:47.069 [main] DEBUG - Parsing relationship: /xl/_rels/workbook.xml.rels
11:02:47.069 [main] DEBUG - Parsing relationship: /_rels/.rels
11:02:47.078 [main] DEBUG - Save content types part
11:02:47.078 [main] DEBUG - Save package relationships
11:02:47.079 [main] DEBUG - Save part 'docProps/app.xml'
11:02:47.079 [main] DEBUG - Save part 'docProps/core.xml'
11:02:47.080 [main] DEBUG - Save part 'xl/sharedStrings.xml'
11:02:47.080 [main] DEBUG - Save part 'xl/styles.xml'
11:02:47.080 [main] DEBUG - Save part 'xl/workbook.xml'
11:02:47.080 [main] DEBUG - Save part 'xl/worksheets/sheet1.xml'
11:02:47.081 [main] DEBUG - Save part 'xl/worksheets/sheet2.xml'
11:02:47.081 [main] DEBUG - Save part 'xl/worksheets/sheet3.xml'
11:02:47.105 [main] DEBUG - Parsing relationship: /xl/_rels/workbook.xml.rels
11:02:47.105 [main] DEBUG - Parsing relationship: /_rels/.rels
11:02:47.112 [main] DEBUG - Save content types part
11:02:47.113 [main] DEBUG - Save package relationships
11:02:47.114 [main] DEBUG - Save part 'docProps/app.xml'
11:02:47.114 [main] DEBUG - Save part 'docProps/core.xml'
11:02:47.115 [main] DEBUG - Save part 'xl/sharedStrings.xml'
11:02:47.115 [main] DEBUG - Save part 'xl/styles.xml'
11:02:47.115 [main] DEBUG - Save part 'xl/workbook.xml'
11:02:47.116 [main] DEBUG - Save part 'xl/worksheets/sheet1.xml'
11:02:47.116 [main] DEBUG - Save part 'xl/worksheets/sheet2.xml'
11:02:47.116 [main] DEBUG - Save part 'xl/worksheets/sheet3.xml'
11:02:47.181 [main] DEBUG - Parsing relationship: /xl/_rels/workbook.xml.rels
11:02:47.181 [main] DEBUG - Parsing relationship: /_rels/.rels
11:02:47.187 [main] DEBUG - Save content types part
11:02:47.188 [main] DEBUG - Save package relationships
11:02:47.189 [main] DEBUG - Save part 'docProps/app.xml'
11:02:47.189 [main] DEBUG - Save part 'docProps/core.xml'
11:02:47.189 [main] DEBUG - Save part 'xl/sharedStrings.xml'
11:02:47.189 [main] DEBUG - Save part 'xl/styles.xml'
11:02:47.189 [main] DEBUG - Save part 'xl/workbook.xml'
11:02:47.190 [main] DEBUG - Save part 'xl/worksheets/sheet1.xml'
11:02:47.190 [main] DEBUG - Save part 'xl/worksheets/sheet2.xml'
11:02:47.190 [main] DEBUG - Save part 'xl/worksheets/sheet3.xml'
11:02:47.211 [main] DEBUG - Parsing relationship: /xl/_rels/workbook.xml.rels
11:02:47.212 [main] DEBUG - Parsing relationship: /_rels/.rels
11:02:47.219 [main] DEBUG - Save content types part
11:02:47.220 [main] DEBUG - Save package relationships
11:02:47.221 [main] DEBUG - Save part 'docProps/app.xml'
11:02:47.221 [main] DEBUG - Save part 'docProps/core.xml'
11:02:47.222 [main] DEBUG - Save part 'xl/sharedStrings.xml'
11:02:47.222 [main] DEBUG - Save part 'xl/styles.xml'
11:02:47.222 [main] DEBUG - Save part 'xl/workbook.xml'
11:02:47.223 [main] DEBUG - Save part 'xl/worksheets/sheet1.xml'
11:02:47.223 [main] DEBUG - Save part 'xl/worksheets/sheet2.xml'
11:02:47.223 [main] DEBUG - Save part 'xl/worksheets/sheet3.xml'
11:02:47.246 [main] DEBUG - Parsing relationship: /xl/_rels/workbook.xml.rels
11:02:47.246 [main] DEBUG - Parsing relationship: /_rels/.rels
11:02:47.254 [main] DEBUG - Save content types part
11:02:47.255 [main] DEBUG - Save package relationships
11:02:47.255 [main] DEBUG - Save part 'docProps/app.xml'
11:02:47.256 [main] DEBUG - Save part 'docProps/core.xml'
11:02:47.256 [main] DEBUG - Save part 'xl/sharedStrings.xml'
11:02:47.256 [main] DEBUG - Save part 'xl/styles.xml'
11:02:47.256 [main] DEBUG - Save part 'xl/workbook.xml'
11:02:47.257 [main] DEBUG - Save part 'xl/worksheets/sheet1.xml'
11:02:47.257 [main] DEBUG - Save part 'xl/worksheets/sheet2.xml'
11:02:47.257 [main] DEBUG - Save part 'xl/worksheets/sheet3.xml'
11:02:47.280 [main] DEBUG - Parsing relationship: /xl/_rels/workbook.xml.rels
11:02:47.280 [main] DEBUG - Parsing relationship: /_rels/.rels
11:02:47.291 [main] DEBUG - Save content types part
11:02:47.293 [main] DEBUG - Save package relationships
11:02:47.294 [main] DEBUG - Save part 'docProps/app.xml'
11:02:47.294 [main] DEBUG - Save part 'docProps/core.xml'
11:02:47.295 [main] DEBUG - Save part 'xl/sharedStrings.xml'
11:02:47.295 [main] DEBUG - Save part 'xl/styles.xml'
11:02:47.295 [main] DEBUG - Save part 'xl/workbook.xml'
11:02:47.297 [main] DEBUG - Save part 'xl/worksheets/sheet1.xml'
11:02:47.297 [main] DEBUG - Save part 'xl/worksheets/sheet2.xml'
11:02:47.297 [main] DEBUG - Save part 'xl/worksheets/sheet3.xml'
11:02:47.368 [main] DEBUG - Parsing relationship: /xl/_rels/workbook.xml.rels
11:02:47.369 [main] DEBUG - Parsing relationship: /_rels/.rels
11:02:47.381 [main] DEBUG - Save content types part
11:02:47.382 [main] DEBUG - Save package relationships
11:02:47.382 [main] DEBUG - Save part 'docProps/app.xml'
11:02:47.382 [main] DEBUG - Save part 'docProps/core.xml'
11:02:47.383 [main] DEBUG - Save part 'xl/sharedStrings.xml'
11:02:47.383 [main] DEBUG - Save part 'xl/styles.xml'
11:02:47.383 [main] DEBUG - Save part 'xl/workbook.xml'
11:02:47.384 [main] DEBUG - Save part 'xl/worksheets/sheet1.xml'
11:02:47.385 [main] DEBUG - Save part 'xl/worksheets/sheet2.xml'
11:02:47.385 [main] DEBUG - Save part 'xl/worksheets/sheet3.xml'
11:02:47.415 [main] DEBUG - Parsing relationship: /xl/_rels/workbook.xml.rels
11:02:47.415 [main] DEBUG - Parsing relationship: /_rels/.rels
11:02:47.427 [main] DEBUG - Save content types part
11:02:47.428 [main] DEBUG - Save package relationships
11:02:47.429 [main] DEBUG - Save part 'docProps/app.xml'
11:02:47.430 [main] DEBUG - Save part 'docProps/core.xml'
11:02:47.431 [main] DEBUG - Save part 'xl/sharedStrings.xml'
11:02:47.432 [main] DEBUG - Save part 'xl/styles.xml'
11:02:47.432 [main] DEBUG - Save part 'xl/workbook.xml'
11:02:47.433 [main] DEBUG - Save part 'xl/worksheets/sheet1.xml'
11:02:47.433 [main] DEBUG - Save part 'xl/worksheets/sheet2.xml'
11:02:47.434 [main] DEBUG - Save part 'xl/worksheets/sheet3.xml'
11:02:47.459 [main] DEBUG - Parsing relationship: /xl/_rels/workbook.xml.rels
11:02:47.460 [main] DEBUG - Parsing relationship: /_rels/.rels
11:02:47.467 [main] DEBUG - Save content types part
11:02:47.468 [main] DEBUG - Save package relationships
11:02:47.468 [main] DEBUG - Save part 'docProps/app.xml'
11:02:47.468 [main] DEBUG - Save part 'docProps/core.xml'
11:02:47.469 [main] DEBUG - Save part 'xl/sharedStrings.xml'
11:02:47.469 [main] DEBUG - Save part 'xl/styles.xml'
11:02:47.469 [main] DEBUG - Save part 'xl/workbook.xml'
11:02:47.469 [main] DEBUG - Save part 'xl/worksheets/sheet1.xml'
11:02:47.469 [main] DEBUG - Save part 'xl/worksheets/sheet2.xml'
11:02:47.469 [main] DEBUG - Save part 'xl/worksheets/sheet3.xml'
11:02:47.492 [main] DEBUG - Parsing relationship: /xl/_rels/workbook.xml.rels
11:02:47.492 [main] DEBUG - Parsing relationship: /_rels/.rels
11:02:47.502 [main] DEBUG - Save content types part
11:02:47.503 [main] DEBUG - Save package relationships
11:02:47.503 [main] DEBUG - Save part 'docProps/app.xml'
11:02:47.503 [main] DEBUG - Save part 'docProps/core.xml'
11:02:47.504 [main] DEBUG - Save part 'xl/sharedStrings.xml'
11:02:47.504 [main] DEBUG - Save part 'xl/styles.xml'
11:02:47.504 [main] DEBUG - Save part 'xl/workbook.xml'
11:02:47.504 [main] DEBUG - Save part 'xl/worksheets/sheet1.xml'
11:02:47.504 [main] DEBUG - Save part 'xl/worksheets/sheet2.xml'
11:02:47.505 [main] DEBUG - Save part 'xl/worksheets/sheet3.xml'
11:02:47.561 [main] DEBUG - Parsing relationship: /xl/_rels/workbook.xml.rels
11:02:47.561 [main] DEBUG - Parsing relationship: /_rels/.rels
11:02:47.569 [main] DEBUG - Save content types part
11:02:47.570 [main] DEBUG - Save package relationships
11:02:47.571 [main] DEBUG - Save part 'docProps/app.xml'
11:02:47.571 [main] DEBUG - Save part 'docProps/core.xml'
11:02:47.572 [main] DEBUG - Save part 'xl/sharedStrings.xml'
11:02:47.572 [main] DEBUG - Save part 'xl/styles.xml'
11:02:47.572 [main] DEBUG - Save part 'xl/workbook.xml'
11:02:47.572 [main] DEBUG - Save part 'xl/worksheets/sheet1.xml'
11:02:47.572 [main] DEBUG - Save part 'xl/worksheets/sheet2.xml'
11:02:47.572 [main] DEBUG - Save part 'xl/worksheets/sheet3.xml'
11:02:47.601 [main] DEBUG - Parsing relationship: /xl/_rels/workbook.xml.rels
11:02:47.601 [main] DEBUG - Parsing relationship: /_rels/.rels
11:02:47.612 [main] DEBUG - Save content types part
11:02:47.613 [main] DEBUG - Save package relationships
11:02:47.613 [main] DEBUG - Save part 'docProps/app.xml'
11:02:47.613 [main] DEBUG - Save part 'docProps/core.xml'
11:02:47.614 [main] DEBUG - Save part 'xl/sharedStrings.xml'
11:02:47.614 [main] DEBUG - Save part 'xl/styles.xml'
11:02:47.614 [main] DEBUG - Save part 'xl/workbook.xml'
11:02:47.614 [main] DEBUG - Save part 'xl/worksheets/sheet1.xml'
11:02:47.614 [main] DEBUG - Save part 'xl/worksheets/sheet2.xml'
11:02:47.615 [main] DEBUG - Save part 'xl/worksheets/sheet3.xml'
11:02:47.639 [main] DEBUG - Parsing relationship: /xl/_rels/workbook.xml.rels
11:02:47.640 [main] DEBUG - Parsing relationship: /_rels/.rels
11:02:47.647 [main] DEBUG - Save content types part
11:02:47.648 [main] DEBUG - Save package relationships
11:02:47.648 [main] DEBUG - Save part 'docProps/app.xml'
11:02:47.649 [main] DEBUG - Save part 'docProps/core.xml'
11:02:47.649 [main] DEBUG - Save part 'xl/sharedStrings.xml'
11:02:47.650 [main] DEBUG - Save part 'xl/styles.xml'
11:02:47.650 [main] DEBUG - Save part 'xl/workbook.xml'
11:02:47.650 [main] DEBUG - Save part 'xl/worksheets/sheet1.xml'
11:02:47.651 [main] DEBUG - Save part 'xl/worksheets/sheet2.xml'
11:02:47.651 [main] DEBUG - Save part 'xl/worksheets/sheet3.xml'
11:02:47.685 [main] DEBUG - Parsing relationship: /xl/_rels/workbook.xml.rels
11:02:47.685 [main] DEBUG - Parsing relationship: /_rels/.rels
11:02:47.697 [main] DEBUG - Save content types part
11:02:47.698 [main] DEBUG - Save package relationships
11:02:47.699 [main] DEBUG - Save part 'docProps/app.xml'
11:02:47.699 [main] DEBUG - Save part 'docProps/core.xml'
11:02:47.700 [main] DEBUG - Save part 'xl/sharedStrings.xml'
11:02:47.700 [main] DEBUG - Save part 'xl/styles.xml'
11:02:47.700 [main] DEBUG - Save part 'xl/workbook.xml'
11:02:47.701 [main] DEBUG - Save part 'xl/worksheets/sheet1.xml'
11:02:47.701 [main] DEBUG - Save part 'xl/worksheets/sheet2.xml'
11:02:47.701 [main] DEBUG - Save part 'xl/worksheets/sheet3.xml'
11:02:47.772 [main] INFO  - Retrived the Upcoming bikes
11:02:54.294 [main] INFO  - Opened Application
11:03:04.336 [main] INFO  - Clicked on May be later
11:03:04.985 [main] INFO  - Navigated to Used Cars in Chennai page
11:03:05.728 [main] INFO  - Clicked on Read More Button
11:03:05.852 [main] DEBUG - Parsing relationship: /xl/_rels/workbook.xml.rels
11:03:05.852 [main] DEBUG - Parsing relationship: /_rels/.rels
11:03:05.858 [main] DEBUG - Save content types part
11:03:05.859 [main] DEBUG - Save package relationships
11:03:05.860 [main] DEBUG - Save part 'docProps/app.xml'
11:03:05.860 [main] DEBUG - Save part 'docProps/core.xml'
11:03:05.860 [main] DEBUG - Save part 'xl/sharedStrings.xml'
11:03:05.860 [main] DEBUG - Save part 'xl/styles.xml'
11:03:05.860 [main] DEBUG - Save part 'xl/workbook.xml'
11:03:05.861 [main] DEBUG - Save part 'xl/worksheets/sheet1.xml'
11:03:05.861 [main] DEBUG - Save part 'xl/worksheets/sheet2.xml'
11:03:05.861 [main] DEBUG - Save part 'xl/worksheets/sheet3.xml'
11:03:05.895 [main] DEBUG - Parsing relationship: /xl/_rels/workbook.xml.rels
11:03:05.897 [main] DEBUG - Parsing relationship: /_rels/.rels
11:03:05.906 [main] DEBUG - Save content types part
11:03:05.907 [main] DEBUG - Save package relationships
11:03:05.908 [main] DEBUG - Save part 'docProps/app.xml'
11:03:05.908 [main] DEBUG - Save part 'docProps/core.xml'
11:03:05.909 [main] DEBUG - Save part 'xl/sharedStrings.xml'
11:03:05.910 [main] DEBUG - Save part 'xl/styles.xml'
11:03:05.910 [main] DEBUG - Save part 'xl/workbook.xml'
11:03:05.912 [main] DEBUG - Save part 'xl/worksheets/sheet1.xml'
11:03:05.912 [main] DEBUG - Save part 'xl/worksheets/sheet2.xml'
11:03:05.912 [main] DEBUG - Save part 'xl/worksheets/sheet3.xml'
11:03:05.947 [main] DEBUG - Parsing relationship: /xl/_rels/workbook.xml.rels
11:03:05.949 [main] DEBUG - Parsing relationship: /_rels/.rels
11:03:05.964 [main] DEBUG - Save content types part
11:03:05.966 [main] DEBUG - Save package relationships
11:03:05.967 [main] DEBUG - Save part 'docProps/app.xml'
11:03:05.967 [main] DEBUG - Save part 'docProps/core.xml'
11:03:05.968 [main] DEBUG - Save part 'xl/sharedStrings.xml'
11:03:05.969 [main] DEBUG - Save part 'xl/styles.xml'
11:03:05.969 [main] DEBUG - Save part 'xl/workbook.xml'
11:03:05.969 [main] DEBUG - Save part 'xl/worksheets/sheet1.xml'
11:03:05.969 [main] DEBUG - Save part 'xl/worksheets/sheet2.xml'
11:03:05.969 [main] DEBUG - Save part 'xl/worksheets/sheet3.xml'
11:03:06.038 [main] DEBUG - Parsing relationship: /xl/_rels/workbook.xml.rels
11:03:06.039 [main] DEBUG - Parsing relationship: /_rels/.rels
11:03:06.054 [main] DEBUG - Save content types part
11:03:06.055 [main] DEBUG - Save package relationships
11:03:06.056 [main] DEBUG - Save part 'docProps/app.xml'
11:03:06.056 [main] DEBUG - Save part 'docProps/core.xml'
11:03:06.057 [main] DEBUG - Save part 'xl/sharedStrings.xml'
11:03:06.057 [main] DEBUG - Save part 'xl/styles.xml'
11:03:06.057 [main] DEBUG - Save part 'xl/workbook.xml'
11:03:06.057 [main] DEBUG - Save part 'xl/worksheets/sheet1.xml'
11:03:06.058 [main] DEBUG - Save part 'xl/worksheets/sheet2.xml'
11:03:06.058 [main] DEBUG - Save part 'xl/worksheets/sheet3.xml'
11:03:06.081 [main] DEBUG - Parsing relationship: /xl/_rels/workbook.xml.rels
11:03:06.081 [main] DEBUG - Parsing relationship: /_rels/.rels
11:03:06.090 [main] DEBUG - Save content types part
11:03:06.091 [main] DEBUG - Save package relationships
11:03:06.091 [main] DEBUG - Save part 'docProps/app.xml'
11:03:06.091 [main] DEBUG - Save part 'docProps/core.xml'
11:03:06.092 [main] DEBUG - Save part 'xl/sharedStrings.xml'
11:03:06.092 [main] DEBUG - Save part 'xl/styles.xml'
11:03:06.092 [main] DEBUG - Save part 'xl/workbook.xml'
11:03:06.093 [main] DEBUG - Save part 'xl/worksheets/sheet1.xml'
11:03:06.093 [main] DEBUG - Save part 'xl/worksheets/sheet2.xml'
11:03:06.093 [main] DEBUG - Save part 'xl/worksheets/sheet3.xml'
11:03:06.125 [main] DEBUG - Parsing relationship: /xl/_rels/workbook.xml.rels
11:03:06.126 [main] DEBUG - Parsing relationship: /_rels/.rels
11:03:06.134 [main] DEBUG - Save content types part
11:03:06.134 [main] DEBUG - Save package relationships
11:03:06.135 [main] DEBUG - Save part 'docProps/app.xml'
11:03:06.135 [main] DEBUG - Save part 'docProps/core.xml'
11:03:06.136 [main] DEBUG - Save part 'xl/sharedStrings.xml'
11:03:06.136 [main] DEBUG - Save part 'xl/styles.xml'
11:03:06.136 [main] DEBUG - Save part 'xl/workbook.xml'
11:03:06.136 [main] DEBUG - Save part 'xl/worksheets/sheet1.xml'
11:03:06.136 [main] DEBUG - Save part 'xl/worksheets/sheet2.xml'
11:03:06.137 [main] DEBUG - Save part 'xl/worksheets/sheet3.xml'
11:03:06.187 [main] DEBUG - Parsing relationship: /xl/_rels/workbook.xml.rels
11:03:06.188 [main] DEBUG - Parsing relationship: /_rels/.rels
11:03:06.193 [main] DEBUG - Save content types part
11:03:06.194 [main] DEBUG - Save package relationships
11:03:06.194 [main] DEBUG - Save part 'docProps/app.xml'
11:03:06.194 [main] DEBUG - Save part 'docProps/core.xml'
11:03:06.196 [main] DEBUG - Save part 'xl/sharedStrings.xml'
11:03:06.196 [main] DEBUG - Save part 'xl/styles.xml'
11:03:06.196 [main] DEBUG - Save part 'xl/workbook.xml'
11:03:06.197 [main] DEBUG - Save part 'xl/worksheets/sheet1.xml'
11:03:06.197 [main] DEBUG - Save part 'xl/worksheets/sheet2.xml'
11:03:06.197 [main] DEBUG - Save part 'xl/worksheets/sheet3.xml'
11:03:06.216 [main] DEBUG - Parsing relationship: /xl/_rels/workbook.xml.rels
11:03:06.216 [main] DEBUG - Parsing relationship: /_rels/.rels
11:03:06.222 [main] DEBUG - Save content types part
11:03:06.223 [main] DEBUG - Save package relationships
11:03:06.223 [main] DEBUG - Save part 'docProps/app.xml'
11:03:06.223 [main] DEBUG - Save part 'docProps/core.xml'
11:03:06.224 [main] DEBUG - Save part 'xl/sharedStrings.xml'
11:03:06.224 [main] DEBUG - Save part 'xl/styles.xml'
11:03:06.224 [main] DEBUG - Save part 'xl/workbook.xml'
11:03:06.225 [main] DEBUG - Save part 'xl/worksheets/sheet1.xml'
11:03:06.225 [main] DEBUG - Save part 'xl/worksheets/sheet2.xml'
11:03:06.225 [main] DEBUG - Save part 'xl/worksheets/sheet3.xml'
11:03:06.247 [main] DEBUG - Parsing relationship: /xl/_rels/workbook.xml.rels
11:03:06.247 [main] DEBUG - Parsing relationship: /_rels/.rels
11:03:06.254 [main] DEBUG - Save content types part
11:03:06.255 [main] DEBUG - Save package relationships
11:03:06.255 [main] DEBUG - Save part 'docProps/app.xml'
11:03:06.255 [main] DEBUG - Save part 'docProps/core.xml'
11:03:06.256 [main] DEBUG - Save part 'xl/sharedStrings.xml'
11:03:06.256 [main] DEBUG - Save part 'xl/styles.xml'
11:03:06.256 [main] DEBUG - Save part 'xl/workbook.xml'
11:03:06.256 [main] DEBUG - Save part 'xl/worksheets/sheet1.xml'
11:03:06.256 [main] DEBUG - Save part 'xl/worksheets/sheet2.xml'
11:03:06.256 [main] DEBUG - Save part 'xl/worksheets/sheet3.xml'
11:03:06.310 [main] DEBUG - Parsing relationship: /xl/_rels/workbook.xml.rels
11:03:06.310 [main] DEBUG - Parsing relationship: /_rels/.rels
11:03:06.319 [main] DEBUG - Save content types part
11:03:06.321 [main] DEBUG - Save package relationships
11:03:06.321 [main] DEBUG - Save part 'docProps/app.xml'
11:03:06.322 [main] DEBUG - Save part 'docProps/core.xml'
11:03:06.322 [main] DEBUG - Save part 'xl/sharedStrings.xml'
11:03:06.322 [main] DEBUG - Save part 'xl/styles.xml'
11:03:06.322 [main] DEBUG - Save part 'xl/workbook.xml'
11:03:06.324 [main] DEBUG - Save part 'xl/worksheets/sheet1.xml'
11:03:06.324 [main] DEBUG - Save part 'xl/worksheets/sheet2.xml'
11:03:06.324 [main] DEBUG - Save part 'xl/worksheets/sheet3.xml'
11:03:06.355 [main] DEBUG - Parsing relationship: /xl/_rels/workbook.xml.rels
11:03:06.356 [main] DEBUG - Parsing relationship: /_rels/.rels
11:03:06.367 [main] DEBUG - Save content types part
11:03:06.368 [main] DEBUG - Save package relationships
11:03:06.369 [main] DEBUG - Save part 'docProps/app.xml'
11:03:06.369 [main] DEBUG - Save part 'docProps/core.xml'
11:03:06.369 [main] DEBUG - Save part 'xl/sharedStrings.xml'
11:03:06.370 [main] DEBUG - Save part 'xl/styles.xml'
11:03:06.370 [main] DEBUG - Save part 'xl/workbook.xml'
11:03:06.370 [main] DEBUG - Save part 'xl/worksheets/sheet1.xml'
11:03:06.370 [main] DEBUG - Save part 'xl/worksheets/sheet2.xml'
11:03:06.370 [main] DEBUG - Save part 'xl/worksheets/sheet3.xml'
11:03:06.390 [main] DEBUG - Parsing relationship: /xl/_rels/workbook.xml.rels
11:03:06.391 [main] DEBUG - Parsing relationship: /_rels/.rels
11:03:06.399 [main] DEBUG - Save content types part
11:03:06.400 [main] DEBUG - Save package relationships
11:03:06.401 [main] DEBUG - Save part 'docProps/app.xml'
11:03:06.401 [main] DEBUG - Save part 'docProps/core.xml'
11:03:06.403 [main] DEBUG - Save part 'xl/sharedStrings.xml'
11:03:06.403 [main] DEBUG - Save part 'xl/styles.xml'
11:03:06.403 [main] DEBUG - Save part 'xl/workbook.xml'
11:03:06.404 [main] DEBUG - Save part 'xl/worksheets/sheet1.xml'
11:03:06.405 [main] DEBUG - Save part 'xl/worksheets/sheet2.xml'
11:03:06.405 [main] DEBUG - Save part 'xl/worksheets/sheet3.xml'
11:03:06.467 [main] DEBUG - Parsing relationship: /xl/_rels/workbook.xml.rels
11:03:06.467 [main] DEBUG - Parsing relationship: /_rels/.rels
11:03:06.474 [main] DEBUG - Save content types part
11:03:06.475 [main] DEBUG - Save package relationships
11:03:06.475 [main] DEBUG - Save part 'docProps/app.xml'
