11:25:54.715 [main] DEBUG - Save part 'xl/worksheets/sheet2.xml'
11:25:54.723 [main] DEBUG - Save part 'xl/worksheets/sheet3.xml'
11:25:54.792 [main] DEBUG - Parsing relationship: /xl/_rels/workbook.xml.rels
11:25:54.793 [main] DEBUG - Parsing relationship: /_rels/.rels
11:25:54.807 [main] DEBUG - Save content types part
11:25:54.808 [main] DEBUG - Save package relationships
11:25:54.809 [main] DEBUG - Save part 'docProps/app.xml'
11:25:54.810 [main] DEBUG - Save part 'docProps/core.xml'
11:25:54.811 [main] DEBUG - Save part 'xl/sharedStrings.xml'
11:25:54.811 [main] DEBUG - Save part 'xl/styles.xml'
11:25:54.813 [main] DEBUG - Save part 'xl/workbook.xml'
11:25:54.814 [main] DEBUG - Save part 'xl/worksheets/sheet1.xml'
11:25:54.814 [main] DEBUG - Save part 'xl/worksheets/sheet2.xml'
11:25:54.814 [main] DEBUG - Save part 'xl/worksheets/sheet3.xml'
11:25:54.835 [main] DEBUG - Parsing relationship: /xl/_rels/workbook.xml.rels
11:25:54.835 [main] DEBUG - Parsing relationship: /_rels/.rels
11:25:54.853 [main] DEBUG - Save content types part
11:25:54.854 [main] DEBUG - Save package relationships
11:25:54.854 [main] DEBUG - Save part 'docProps/app.xml'
11:25:54.854 [main] DEBUG - Save part 'docProps/core.xml'
11:25:54.855 [main] DEBUG - Save part 'xl/sharedStrings.xml'
11:25:54.856 [main] DEBUG - Save part 'xl/styles.xml'
11:25:54.856 [main] DEBUG - Save part 'xl/workbook.xml'
11:25:54.857 [main] DEBUG - Save part 'xl/worksheets/sheet1.xml'
11:25:54.857 [main] DEBUG - Save part 'xl/worksheets/sheet2.xml'
11:25:54.857 [main] DEBUG - Save part 'xl/worksheets/sheet3.xml'
11:25:54.876 [main] DEBUG - Parsing relationship: /xl/_rels/workbook.xml.rels
11:25:54.877 [main] DEBUG - Parsing relationship: /_rels/.rels
11:25:54.894 [main] DEBUG - Save content types part
11:25:54.895 [main] DEBUG - Save package relationships
11:25:54.896 [main] DEBUG - Save part 'docProps/app.xml'
11:25:54.896 [main] DEBUG - Save part 'docProps/core.xml'
11:25:54.897 [main] DEBUG - Save part 'xl/sharedStrings.xml'
11:25:54.897 [main] DEBUG - Save part 'xl/styles.xml'
11:25:54.897 [main] DEBUG - Save part 'xl/workbook.xml'
11:25:54.898 [main] DEBUG - Save part 'xl/worksheets/sheet1.xml'
11:25:54.898 [main] DEBUG - Save part 'xl/worksheets/sheet2.xml'
11:25:54.898 [main] DEBUG - Save part 'xl/worksheets/sheet3.xml'
11:25:54.921 [main] DEBUG - Parsing relationship: /xl/_rels/workbook.xml.rels
11:25:54.922 [main] DEBUG - Parsing relationship: /_rels/.rels
11:25:54.935 [main] DEBUG - Save content types part
11:25:54.937 [main] DEBUG - Save package relationships
11:25:54.937 [main] DEBUG - Save part 'docProps/app.xml'
11:25:54.938 [main] DEBUG - Save part 'docProps/core.xml'
11:25:54.939 [main] DEBUG - Save part 'xl/sharedStrings.xml'
11:25:54.939 [main] DEBUG - Save part 'xl/styles.xml'
11:25:54.939 [main] DEBUG - Save part 'xl/workbook.xml'
11:25:54.940 [main] DEBUG - Save part 'xl/worksheets/sheet1.xml'
11:25:54.940 [main] DEBUG - Save part 'xl/worksheets/sheet2.xml'
11:25:54.941 [main] DEBUG - Save part 'xl/worksheets/sheet3.xml'
11:25:55.002 [main] DEBUG - Parsing relationship: /xl/_rels/workbook.xml.rels
11:25:55.002 [main] DEBUG - Parsing relationship: /_rels/.rels
11:25:55.016 [main] DEBUG - Save content types part
11:25:55.017 [main] DEBUG - Save package relationships
11:25:55.018 [main] DEBUG - Save part 'docProps/app.xml'
11:25:55.019 [main] DEBUG - Save part 'docProps/core.xml'
11:25:55.020 [main] DEBUG - Save part 'xl/sharedStrings.xml'
11:25:55.021 [main] DEBUG - Save part 'xl/styles.xml'
11:25:55.021 [main] DEBUG - Save part 'xl/workbook.xml'
11:25:55.022 [main] DEBUG - Save part 'xl/worksheets/sheet1.xml'
11:25:55.022 [main] DEBUG - Save part 'xl/worksheets/sheet2.xml'
11:25:55.022 [main] DEBUG - Save part 'xl/worksheets/sheet3.xml'
11:25:55.047 [main] DEBUG - Parsing relationship: /xl/_rels/workbook.xml.rels
11:25:55.048 [main] DEBUG - Parsing relationship: /_rels/.rels
11:25:55.060 [main] DEBUG - Save content types part
11:25:55.060 [main] DEBUG - Save package relationships
11:25:55.062 [main] DEBUG - Save part 'docProps/app.xml'
11:25:55.062 [main] DEBUG - Save part 'docProps/core.xml'
11:25:55.063 [main] DEBUG - Save part 'xl/sharedStrings.xml'
11:25:55.064 [main] DEBUG - Save part 'xl/styles.xml'
11:25:55.064 [main] DEBUG - Save part 'xl/workbook.xml'
11:25:55.065 [main] DEBUG - Save part 'xl/worksheets/sheet1.xml'
11:25:55.065 [main] DEBUG - Save part 'xl/worksheets/sheet2.xml'
11:25:55.065 [main] DEBUG - Save part 'xl/worksheets/sheet3.xml'
11:25:55.086 [main] DEBUG - Parsing relationship: /xl/_rels/workbook.xml.rels
11:25:55.087 [main] DEBUG - Parsing relationship: /_rels/.rels
11:25:55.099 [main] DEBUG - Save content types part
11:25:55.100 [main] DEBUG - Save package relationships
11:25:55.101 [main] DEBUG - Save part 'docProps/app.xml'
11:25:55.101 [main] DEBUG - Save part 'docProps/core.xml'
11:25:55.102 [main] DEBUG - Save part 'xl/sharedStrings.xml'
11:25:55.102 [main] DEBUG - Save part 'xl/styles.xml'
11:25:55.102 [main] DEBUG - Save part 'xl/workbook.xml'
11:25:55.103 [main] DEBUG - Save part 'xl/worksheets/sheet1.xml'
11:25:55.103 [main] DEBUG - Save part 'xl/worksheets/sheet2.xml'
11:25:55.103 [main] DEBUG - Save part 'xl/worksheets/sheet3.xml'
11:25:55.132 [main] DEBUG - Parsing relationship: /xl/_rels/workbook.xml.rels
11:25:55.133 [main] DEBUG - Parsing relationship: /_rels/.rels
11:25:55.147 [main] DEBUG - Save content types part
11:25:55.148 [main] DEBUG - Save package relationships
11:25:55.149 [main] DEBUG - Save part 'docProps/app.xml'
11:25:55.149 [main] DEBUG - Save part 'docProps/core.xml'
11:25:55.150 [main] DEBUG - Save part 'xl/sharedStrings.xml'
11:25:55.150 [main] DEBUG - Save part 'xl/styles.xml'
11:25:55.150 [main] DEBUG - Save part 'xl/workbook.xml'
11:25:55.151 [main] DEBUG - Save part 'xl/worksheets/sheet1.xml'
11:25:55.152 [main] DEBUG - Save part 'xl/worksheets/sheet2.xml'
11:25:55.152 [main] DEBUG - Save part 'xl/worksheets/sheet3.xml'
11:25:55.232 [main] DEBUG - Parsing relationship: /xl/_rels/workbook.xml.rels
11:25:55.232 [main] DEBUG - Parsing relationship: /_rels/.rels
11:25:55.244 [main] DEBUG - Save content types part
11:25:55.246 [main] DEBUG - Save package relationships
11:25:55.246 [main] DEBUG - Save part 'docProps/app.xml'
11:25:55.247 [main] DEBUG - Save part 'docProps/core.xml'
11:25:55.247 [main] DEBUG - Save part 'xl/sharedStrings.xml'
11:25:55.247 [main] DEBUG - Save part 'xl/styles.xml'
11:25:55.248 [main] DEBUG - Save part 'xl/workbook.xml'
11:25:55.248 [main] DEBUG - Save part 'xl/worksheets/sheet1.xml'
11:25:55.248 [main] DEBUG - Save part 'xl/worksheets/sheet2.xml'
11:25:55.248 [main] DEBUG - Save part 'xl/worksheets/sheet3.xml'
11:25:55.272 [main] DEBUG - Parsing relationship: /xl/_rels/workbook.xml.rels
11:25:55.273 [main] DEBUG - Parsing relationship: /_rels/.rels
11:25:55.287 [main] DEBUG - Save content types part
11:25:55.288 [main] DEBUG - Save package relationships
11:25:55.289 [main] DEBUG - Save part 'docProps/app.xml'
11:25:55.289 [main] DEBUG - Save part 'docProps/core.xml'
11:25:55.290 [main] DEBUG - Save part 'xl/sharedStrings.xml'
11:25:55.290 [main] DEBUG - Save part 'xl/styles.xml'
11:25:55.290 [main] DEBUG - Save part 'xl/workbook.xml'
11:25:55.290 [main] DEBUG - Save part 'xl/worksheets/sheet1.xml'
11:25:55.291 [main] DEBUG - Save part 'xl/worksheets/sheet2.xml'
11:25:55.291 [main] DEBUG - Save part 'xl/worksheets/sheet3.xml'
11:25:55.312 [main] DEBUG - Parsing relationship: /xl/_rels/workbook.xml.rels
11:25:55.312 [main] DEBUG - Parsing relationship: /_rels/.rels
11:25:55.321 [main] DEBUG - Save content types part
11:25:55.322 [main] DEBUG - Save package relationships
11:25:55.323 [main] DEBUG - Save part 'docProps/app.xml'
11:25:55.323 [main] DEBUG - Save part 'docProps/core.xml'
11:25:55.324 [main] DEBUG - Save part 'xl/sharedStrings.xml'
11:25:55.324 [main] DEBUG - Save part 'xl/styles.xml'
11:25:55.324 [main] DEBUG - Save part 'xl/workbook.xml'
11:25:55.324 [main] DEBUG - Save part 'xl/worksheets/sheet1.xml'
11:25:55.324 [main] DEBUG - Save part 'xl/worksheets/sheet2.xml'
11:25:55.325 [main] DEBUG - Save part 'xl/worksheets/sheet3.xml'
11:25:55.347 [main] DEBUG - Parsing relationship: /xl/_rels/workbook.xml.rels
11:25:55.347 [main] DEBUG - Parsing relationship: /_rels/.rels
11:25:55.357 [main] DEBUG - Save content types part
11:25:55.358 [main] DEBUG - Save package relationships
11:25:55.359 [main] DEBUG - Save part 'docProps/app.xml'
11:25:55.359 [main] DEBUG - Save part 'docProps/core.xml'
11:25:55.359 [main] DEBUG - Save part 'xl/sharedStrings.xml'
11:25:55.359 [main] DEBUG - Save part 'xl/styles.xml'
11:25:55.360 [main] DEBUG - Save part 'xl/workbook.xml'
11:25:55.360 [main] DEBUG - Save part 'xl/worksheets/sheet1.xml'
11:25:55.360 [main] DEBUG - Save part 'xl/worksheets/sheet2.xml'
11:25:55.360 [main] DEBUG - Save part 'xl/worksheets/sheet3.xml'
11:25:55.412 [main] DEBUG - Parsing relationship: /xl/_rels/workbook.xml.rels
11:25:55.412 [main] DEBUG - Parsing relationship: /_rels/.rels
11:25:55.424 [main] DEBUG - Save content types part
11:25:55.425 [main] DEBUG - Save package relationships
11:25:55.426 [main] DEBUG - Save part 'docProps/app.xml'
11:25:55.426 [main] DEBUG - Save part 'docProps/core.xml'
11:25:55.426 [main] DEBUG - Save part 'xl/sharedStrings.xml'
11:25:55.426 [main] DEBUG - Save part 'xl/styles.xml'
11:25:55.427 [main] DEBUG - Save part 'xl/workbook.xml'
11:25:55.427 [main] DEBUG - Save part 'xl/worksheets/sheet1.xml'
11:25:55.428 [main] DEBUG - Save part 'xl/worksheets/sheet2.xml'
11:25:55.428 [main] DEBUG - Save part 'xl/worksheets/sheet3.xml'
11:25:55.445 [main] DEBUG - Parsing relationship: /xl/_rels/workbook.xml.rels
11:25:55.446 [main] DEBUG - Parsing relationship: /_rels/.rels
11:25:55.454 [main] DEBUG - Save content types part
11:25:55.455 [main] DEBUG - Save package relationships
11:25:55.456 [main] DEBUG - Save part 'docProps/app.xml'
11:25:55.456 [main] DEBUG - Save part 'docProps/core.xml'
11:25:55.458 [main] DEBUG - Save part 'xl/sharedStrings.xml'
11:25:55.458 [main] DEBUG - Save part 'xl/styles.xml'
11:25:55.458 [main] DEBUG - Save part 'xl/workbook.xml'
11:25:55.459 [main] DEBUG - Save part 'xl/worksheets/sheet1.xml'
11:25:55.459 [main] DEBUG - Save part 'xl/worksheets/sheet2.xml'
11:25:55.459 [main] DEBUG - Save part 'xl/worksheets/sheet3.xml'
11:25:55.478 [main] DEBUG - Parsing relationship: /xl/_rels/workbook.xml.rels
11:25:55.478 [main] DEBUG - Parsing relationship: /_rels/.rels
11:25:55.490 [main] DEBUG - Save content types part
11:25:55.491 [main] DEBUG - Save package relationships
11:25:55.491 [main] DEBUG - Save part 'docProps/app.xml'
11:25:55.492 [main] DEBUG - Save part 'docProps/core.xml'
11:25:55.493 [main] DEBUG - Save part 'xl/sharedStrings.xml'
11:25:55.493 [main] DEBUG - Save part 'xl/styles.xml'
11:25:55.493 [main] DEBUG - Save part 'xl/workbook.xml'
11:25:55.494 [main] DEBUG - Save part 'xl/worksheets/sheet1.xml'
11:25:55.494 [main] DEBUG - Save part 'xl/worksheets/sheet2.xml'
11:25:55.494 [main] DEBUG - Save part 'xl/worksheets/sheet3.xml'
11:25:55.514 [main] DEBUG - Parsing relationship: /xl/_rels/workbook.xml.rels
11:25:55.514 [main] DEBUG - Parsing relationship: /_rels/.rels
11:25:55.523 [main] DEBUG - Save content types part
11:25:55.524 [main] DEBUG - Save package relationships
11:25:55.525 [main] DEBUG - Save part 'docProps/app.xml'
11:25:55.525 [main] DEBUG - Save part 'docProps/core.xml'
11:25:55.525 [main] DEBUG - Save part 'xl/sharedStrings.xml'
11:25:55.525 [main] DEBUG - Save part 'xl/styles.xml'
11:25:55.525 [main] DEBUG - Save part 'xl/workbook.xml'
11:25:55.526 [main] DEBUG - Save part 'xl/worksheets/sheet1.xml'
11:25:55.526 [main] DEBUG - Save part 'xl/worksheets/sheet2.xml'
11:25:55.526 [main] DEBUG - Save part 'xl/worksheets/sheet3.xml'
11:25:55.570 [main] DEBUG - Parsing relationship: /xl/_rels/workbook.xml.rels
11:25:55.570 [main] DEBUG - Parsing relationship: /_rels/.rels
11:25:55.581 [main] DEBUG - Save content types part
11:25:55.582 [main] DEBUG - Save package relationships
11:25:55.584 [main] DEBUG - Save part 'docProps/app.xml'
11:25:55.584 [main] DEBUG - Save part 'docProps/core.xml'
11:25:55.585 [main] DEBUG - Save part 'xl/sharedStrings.xml'
11:25:55.585 [main] DEBUG - Save part 'xl/styles.xml'
11:25:55.585 [main] DEBUG - Save part 'xl/workbook.xml'
11:25:55.587 [main] DEBUG - Save part 'xl/worksheets/sheet1.xml'
11:25:55.587 [main] DEBUG - Save part 'xl/worksheets/sheet2.xml'
11:25:55.587 [main] DEBUG - Save part 'xl/worksheets/sheet3.xml'
11:25:55.616 [main] DEBUG - Parsing relationship: /xl/_rels/workbook.xml.rels
11:25:55.617 [main] DEBUG - Parsing relationship: /_rels/.rels
11:25:55.629 [main] DEBUG - Save content types part
11:25:55.631 [main] DEBUG - Save package relationships
11:25:55.632 [main] DEBUG - Save part 'docProps/app.xml'
11:25:55.632 [main] DEBUG - Save part 'docProps/core.xml'
11:25:55.633 [main] DEBUG - Save part 'xl/sharedStrings.xml'
11:25:55.633 [main] DEBUG - Save part 'xl/styles.xml'
11:25:55.633 [main] DEBUG - Save part 'xl/workbook.xml'
11:25:55.634 [main] DEBUG - Save part 'xl/worksheets/sheet1.xml'
11:25:55.634 [main] DEBUG - Save part 'xl/worksheets/sheet2.xml'
11:25:55.634 [main] DEBUG - Save part 'xl/worksheets/sheet3.xml'
11:25:55.656 [main] DEBUG - Parsing relationship: /xl/_rels/workbook.xml.rels
11:25:55.657 [main] DEBUG - Parsing relationship: /_rels/.rels
11:25:55.670 [main] DEBUG - Save content types part
11:25:55.671 [main] DEBUG - Save package relationships
11:25:55.672 [main] DEBUG - Save part 'docProps/app.xml'
11:25:55.672 [main] DEBUG - Save part 'docProps/core.xml'
11:25:55.674 [main] DEBUG - Save part 'xl/sharedStrings.xml'
11:25:55.674 [main] DEBUG - Save part 'xl/styles.xml'
11:25:55.675 [main] DEBUG - Save part 'xl/workbook.xml'
11:25:55.675 [main] DEBUG - Save part 'xl/worksheets/sheet1.xml'
11:25:55.675 [main] DEBUG - Save part 'xl/worksheets/sheet2.xml'
11:25:55.676 [main] DEBUG - Save part 'xl/worksheets/sheet3.xml'
11:25:55.700 [main] DEBUG - Parsing relationship: /xl/_rels/workbook.xml.rels
11:25:55.700 [main] DEBUG - Parsing relationship: /_rels/.rels
11:25:55.707 [main] DEBUG - Save content types part
11:25:55.708 [main] DEBUG - Save package relationships
11:25:55.709 [main] DEBUG - Save part 'docProps/app.xml'
11:25:55.709 [main] DEBUG - Save part 'docProps/core.xml'
11:25:55.709 [main] DEBUG - Save part 'xl/sharedStrings.xml'
11:25:55.709 [main] DEBUG - Save part 'xl/styles.xml'
11:25:55.709 [main] DEBUG - Save part 'xl/workbook.xml'
11:25:55.711 [main] DEBUG - Save part 'xl/worksheets/sheet1.xml'
11:25:55.711 [main] DEBUG - Save part 'xl/worksheets/sheet2.xml'
11:25:55.711 [main] DEBUG - Save part 'xl/worksheets/sheet3.xml'
11:25:55.769 [main] DEBUG - Parsing relationship: /xl/_rels/workbook.xml.rels
11:25:55.769 [main] DEBUG - Parsing relationship: /_rels/.rels
11:25:55.781 [main] DEBUG - Save content types part
11:25:55.782 [main] DEBUG - Save package relationships
11:25:55.782 [main] DEBUG - Save part 'docProps/app.xml'
11:25:55.782 [main] DEBUG - Save part 'docProps/core.xml'
11:25:55.783 [main] DEBUG - Save part 'xl/sharedStrings.xml'
11:25:55.783 [main] DEBUG - Save part 'xl/styles.xml'
11:25:55.783 [main] DEBUG - Save part 'xl/workbook.xml'
11:25:55.784 [main] DEBUG - Save part 'xl/worksheets/sheet1.xml'
11:25:55.784 [main] DEBUG - Save part 'xl/worksheets/sheet2.xml'
11:25:55.784 [main] DEBUG - Save part 'xl/worksheets/sheet3.xml'
11:25:55.811 [main] DEBUG - Parsing relationship: /xl/_rels/workbook.xml.rels
11:25:55.812 [main] DEBUG - Parsing relationship: /_rels/.rels
11:25:55.820 [main] DEBUG - Save content types part
11:25:55.821 [main] DEBUG - Save package relationships
11:25:55.822 [main] DEBUG - Save part 'docProps/app.xml'
11:25:55.822 [main] DEBUG - Save part 'docProps/core.xml'
11:25:55.822 [main] DEBUG - Save part 'xl/sharedStrings.xml'
11:25:55.823 [main] DEBUG - Save part 'xl/styles.xml'
11:25:55.823 [main] DEBUG - Save part 'xl/workbook.xml'
11:25:55.823 [main] DEBUG - Save part 'xl/worksheets/sheet1.xml'
11:25:55.823 [main] DEBUG - Save part 'xl/worksheets/sheet2.xml'
11:25:55.823 [main] DEBUG - Save part 'xl/worksheets/sheet3.xml'
11:25:55.849 [main] DEBUG - Parsing relationship: /xl/_rels/workbook.xml.rels
11:25:55.850 [main] DEBUG - Parsing relationship: /_rels/.rels
11:25:55.859 [main] DEBUG - Save content types part
11:25:55.860 [main] DEBUG - Save package relationships
11:25:55.861 [main] DEBUG - Save part 'docProps/app.xml'
11:25:55.862 [main] DEBUG - Save part 'docProps/core.xml'
11:25:55.863 [main] DEBUG - Save part 'xl/sharedStrings.xml'
11:25:55.864 [main] DEBUG - Save part 'xl/styles.xml'
11:25:55.864 [main] DEBUG - Save part 'xl/workbook.xml'
11:25:55.865 [main] DEBUG - Save part 'xl/worksheets/sheet1.xml'
11:25:55.865 [main] DEBUG - Save part 'xl/worksheets/sheet2.xml'
11:25:55.865 [main] DEBUG - Save part 'xl/worksheets/sheet3.xml'
11:25:55.890 [main] DEBUG - Parsing relationship: /xl/_rels/workbook.xml.rels
11:25:55.891 [main] DEBUG - Parsing relationship: /_rels/.rels
11:25:55.901 [main] DEBUG - Save content types part
11:25:55.902 [main] DEBUG - Save package relationships
11:25:55.903 [main] DEBUG - Save part 'docProps/app.xml'
11:25:55.903 [main] DEBUG - Save part 'docProps/core.xml'
11:25:55.904 [main] DEBUG - Save part 'xl/sharedStrings.xml'
11:25:55.904 [main] DEBUG - Save part 'xl/styles.xml'
11:25:55.904 [main] DEBUG - Save part 'xl/workbook.xml'
11:25:55.905 [main] DEBUG - Save part 'xl/worksheets/sheet1.xml'
11:25:55.905 [main] DEBUG - Save part 'xl/worksheets/sheet2.xml'
11:25:55.905 [main] DEBUG - Save part 'xl/worksheets/sheet3.xml'
11:25:55.983 [main] DEBUG - Parsing relationship: /xl/_rels/workbook.xml.rels
11:25:55.983 [main] DEBUG - Parsing relationship: /_rels/.rels
11:25:55.998 [main] DEBUG - Save content types part
11:25:55.999 [main] DEBUG - Save package relationships
11:25:55.999 [main] DEBUG - Save part 'docProps/app.xml'
11:25:55.999 [main] DEBUG - Save part 'docProps/core.xml'
11:25:56.000 [main] DEBUG - Save part 'xl/sharedStrings.xml'
11:25:56.000 [main] DEBUG - Save part 'xl/styles.xml'
11:25:56.000 [main] DEBUG - Save part 'xl/workbook.xml'
11:25:56.001 [main] DEBUG - Save part 'xl/worksheets/sheet1.xml'
11:25:56.001 [main] DEBUG - Save part 'xl/worksheets/sheet2.xml'
11:25:56.001 [main] DEBUG - Save part 'xl/worksheets/sheet3.xml'
11:25:56.026 [main] DEBUG - Parsing relationship: /xl/_rels/workbook.xml.rels
11:25:56.026 [main] DEBUG - Parsing relationship: /_rels/.rels
11:25:56.042 [main] DEBUG - Save content types part
11:25:56.044 [main] DEBUG - Save package relationships
11:25:56.045 [main] DEBUG - Save part 'docProps/app.xml'
11:25:56.046 [main] DEBUG - Save part 'docProps/core.xml'
11:25:56.047 [main] DEBUG - Save part 'xl/sharedStrings.xml'
11:25:56.048 [main] DEBUG - Save part 'xl/styles.xml'
11:25:56.048 [main] DEBUG - Save part 'xl/workbook.xml'
11:25:56.049 [main] DEBUG - Save part 'xl/worksheets/sheet1.xml'
11:25:56.049 [main] DEBUG - Save part 'xl/worksheets/sheet2.xml'
11:25:56.050 [main] DEBUG - Save part 'xl/worksheets/sheet3.xml'
11:25:56.080 [main] DEBUG - Parsing relationship: /xl/_rels/workbook.xml.rels
11:25:56.080 [main] DEBUG - Parsing relationship: /_rels/.rels
11:25:56.096 [main] DEBUG - Save content types part
11:25:56.097 [main] DEBUG - Save package relationships
11:25:56.097 [main] DEBUG - Save part 'docProps/app.xml'
11:25:56.097 [main] DEBUG - Save part 'docProps/core.xml'
11:25:56.098 [main] DEBUG - Save part 'xl/sharedStrings.xml'
11:25:56.098 [main] DEBUG - Save part 'xl/styles.xml'
11:25:56.098 [main] DEBUG - Save part 'xl/workbook.xml'
11:25:56.099 [main] DEBUG - Save part 'xl/worksheets/sheet1.xml'
11:25:56.099 [main] DEBUG - Save part 'xl/worksheets/sheet2.xml'
11:25:56.099 [main] DEBUG - Save part 'xl/worksheets/sheet3.xml'
11:25:56.119 [main] DEBUG - Parsing relationship: /xl/_rels/workbook.xml.rels
11:25:56.119 [main] DEBUG - Parsing relationship: /_rels/.rels
11:25:56.126 [main] DEBUG - Save content types part
11:25:56.127 [main] DEBUG - Save package relationships
11:25:56.127 [main] DEBUG - Save part 'docProps/app.xml'
11:25:56.127 [main] DEBUG - Save part 'docProps/core.xml'
11:25:56.128 [main] DEBUG - Save part 'xl/sharedStrings.xml'
11:25:56.128 [main] DEBUG - Save part 'xl/styles.xml'
11:25:56.128 [main] DEBUG - Save part 'xl/workbook.xml'
11:25:56.129 [main] DEBUG - Save part 'xl/worksheets/sheet1.xml'
11:25:56.129 [main] DEBUG - Save part 'xl/worksheets/sheet2.xml'
11:25:56.129 [main] DEBUG - Save part 'xl/worksheets/sheet3.xml'
11:25:56.176 [main] DEBUG - Parsing relationship: /xl/_rels/workbook.xml.rels
11:25:56.177 [main] DEBUG - Parsing relationship: /_rels/.rels
11:25:56.186 [main] DEBUG - Save content types part
11:25:56.186 [main] DEBUG - Save package relationships
11:25:56.187 [main] DEBUG - Save part 'docProps/app.xml'
11:25:56.187 [main] DEBUG - Save part 'docProps/core.xml'
11:25:56.188 [main] DEBUG - Save part 'xl/sharedStrings.xml'
11:25:56.188 [main] DEBUG - Save part 'xl/styles.xml'
11:25:56.188 [main] DEBUG - Save part 'xl/workbook.xml'
11:25:56.189 [main] DEBUG - Save part 'xl/worksheets/sheet1.xml'
11:25:56.189 [main] DEBUG - Save part 'xl/worksheets/sheet2.xml'
11:25:56.189 [main] DEBUG - Save part 'xl/worksheets/sheet3.xml'
11:25:56.208 [main] DEBUG - Parsing relationship: /xl/_rels/workbook.xml.rels
11:25:56.208 [main] DEBUG - Parsing relationship: /_rels/.rels
11:25:56.216 [main] DEBUG - Save content types part
11:25:56.216 [main] DEBUG - Save package relationships
11:25:56.217 [main] DEBUG - Save part 'docProps/app.xml'
11:25:56.217 [main] DEBUG - Save part 'docProps/core.xml'
11:25:56.217 [main] DEBUG - Save part 'xl/sharedStrings.xml'
11:25:56.218 [main] DEBUG - Save part 'xl/styles.xml'
11:25:56.218 [main] DEBUG - Save part 'xl/workbook.xml'
11:25:56.218 [main] DEBUG - Save part 'xl/worksheets/sheet1.xml'
11:25:56.218 [main] DEBUG - Save part 'xl/worksheets/sheet2.xml'
11:25:56.218 [main] DEBUG - Save part 'xl/worksheets/sheet3.xml'
11:25:56.234 [main] DEBUG - Parsing relationship: /xl/_rels/workbook.xml.rels
11:25:56.235 [main] DEBUG - Parsing relationship: /_rels/.rels
11:25:56.242 [main] DEBUG - Save content types part
11:25:56.243 [main] DEBUG - Save package relationships
11:25:56.243 [main] DEBUG - Save part 'docProps/app.xml'
11:25:56.243 [main] DEBUG - Save part 'docProps/core.xml'
11:25:56.244 [main] DEBUG - Save part 'xl/sharedStrings.xml'
11:25:56.244 [main] DEBUG - Save part 'xl/styles.xml'
11:25:56.244 [main] DEBUG - Save part 'xl/workbook.xml'
11:25:56.244 [main] DEBUG - Save part 'xl/worksheets/sheet1.xml'
11:25:56.244 [main] DEBUG - Save part 'xl/worksheets/sheet2.xml'
11:25:56.244 [main] DEBUG - Save part 'xl/worksheets/sheet3.xml'
11:25:56.267 [main] DEBUG - Parsing relationship: /xl/_rels/workbook.xml.rels
11:25:56.268 [main] DEBUG - Parsing relationship: /_rels/.rels
11:25:56.275 [main] DEBUG - Save content types part
11:25:56.276 [main] DEBUG - Save package relationships
11:25:56.276 [main] DEBUG - Save part 'docProps/app.xml'
11:25:56.276 [main] DEBUG - Save part 'docProps/core.xml'
11:25:56.277 [main] DEBUG - Save part 'xl/sharedStrings.xml'
11:25:56.277 [main] DEBUG - Save part 'xl/styles.xml'
11:25:56.277 [main] DEBUG - Save part 'xl/workbook.xml'
11:25:56.278 [main] DEBUG - Save part 'xl/worksheets/sheet1.xml'
11:25:56.278 [main] DEBUG - Save part 'xl/worksheets/sheet2.xml'
11:25:56.278 [main] DEBUG - Save part 'xl/worksheets/sheet3.xml'
11:25:56.323 [main] INFO  - Retrived the Upcoming bikes
11:26:08.294 [main] INFO  - Opened Application
11:26:18.372 [main] INFO  - Clicked on May be later
11:26:18.956 [main] INFO  - Navigated to Used Cars in Chennai page
11:26:19.729 [main] INFO  - Clicked on Read More Button
11:26:19.882 [main] DEBUG - Parsing relationship: /xl/_rels/workbook.xml.rels
11:26:19.882 [main] DEBUG - Parsing relationship: /_rels/.rels
11:26:19.889 [main] DEBUG - Save content types part
11:26:19.890 [main] DEBUG - Save package relationships
11:26:19.890 [main] DEBUG - Save part 'docProps/app.xml'
11:26:19.890 [main] DEBUG - Save part 'docProps/core.xml'
11:26:19.891 [main] DEBUG - Save part 'xl/sharedStrings.xml'
11:26:19.891 [main] DEBUG - Save part 'xl/styles.xml'
11:26:19.891 [main] DEBUG - Save part 'xl/workbook.xml'
11:26:19.891 [main] DEBUG - Save part 'xl/worksheets/sheet1.xml'
11:26:19.891 [main] DEBUG - Save part 'xl/worksheets/sheet2.xml'
11:26:19.891 [main] DEBUG - Save part 'xl/worksheets/sheet3.xml'
11:26:19.914 [main] DEBUG - Parsing relationship: /xl/_rels/workbook.xml.rels
11:26:19.914 [main] DEBUG - Parsing relationship: /_rels/.rels
11:26:19.922 [main] DEBUG - Save content types part
11:26:19.923 [main] DEBUG - Save package relationships
11:26:19.924 [main] DEBUG - Save part 'docProps/app.xml'
11:26:19.924 [main] DEBUG - Save part 'docProps/core.xml'
11:26:19.924 [main] DEBUG - Save part 'xl/sharedStrings.xml'
11:26:19.924 [main] DEBUG - Save part 'xl/styles.xml'
11:26:19.924 [main] DEBUG - Save part 'xl/workbook.xml'
11:26:19.925 [main] DEBUG - Save part 'xl/worksheets/sheet1.xml'
11:26:19.926 [main] DEBUG - Save part 'xl/worksheets/sheet2.xml'
11:26:19.926 [main] DEBUG - Save part 'xl/worksheets/sheet3.xml'
11:26:19.949 [main] DEBUG - Parsing relationship: /xl/_rels/workbook.xml.rels
11:26:19.949 [main] DEBUG - Parsing relationship: /_rels/.rels
11:26:19.958 [main] DEBUG - Save content types part
11:26:19.959 [main] DEBUG - Save package relationships
11:26:19.960 [main] DEBUG - Save part 'docProps/app.xml'
11:26:19.960 [main] DEBUG - Save part 'docProps/core.xml'
11:26:19.960 [main] DEBUG - Save part 'xl/sharedStrings.xml'
11:26:19.960 [main] DEBUG - Save part 'xl/styles.xml'
11:26:19.960 [main] DEBUG - Save part 'xl/workbook.xml'
11:26:19.961 [main] DEBUG - Save part 'xl/worksheets/sheet1.xml'
11:26:19.961 [main] DEBUG - Save part 'xl/worksheets/sheet2.xml'
11:26:19.961 [main] DEBUG - Save part 'xl/worksheets/sheet3.xml'
11:26:20.006 [main] DEBUG - Parsing relationship: /xl/_rels/workbook.xml.rels
11:26:20.007 [main] DEBUG - Parsing relationship: /_rels/.rels
11:26:20.013 [main] DEBUG - Save content types part
11:26:20.014 [main] DEBUG - Save package relationships
11:26:20.014 [main] DEBUG - Save part 'docProps/app.xml'
11:26:20.014 [main] DEBUG - Save part 'docProps/core.xml'
11:26:20.015 [main] DEBUG - Save part 'xl/sharedStrings.xml'
11:26:20.015 [main] DEBUG - Save part 'xl/styles.xml'
11:26:20.015 [main] DEBUG - Save part 'xl/workbook.xml'
11:26:20.016 [main] DEBUG - Save part 'xl/worksheets/sheet1.xml'
11:26:20.016 [main] DEBUG - Save part 'xl/worksheets/sheet2.xml'
11:26:20.016 [main] DEBUG - Save part 'xl/worksheets/sheet3.xml'
11:26:20.037 [main] DEBUG - Parsing relationship: /xl/_rels/workbook.xml.rels
11:26:20.037 [main] DEBUG - Parsing relationship: /_rels/.rels
11:26:20.044 [main] DEBUG - Save content types part
11:26:20.044 [main] DEBUG - Save package relationships
11:26:20.045 [main] DEBUG - Save part 'docProps/app.xml'
11:26:20.045 [main] DEBUG - Save part 'docProps/core.xml'
11:26:20.046 [main] DEBUG - Save part 'xl/sharedStrings.xml'
11:26:20.046 [main] DEBUG - Save part 'xl/styles.xml'
11:26:20.046 [main] DEBUG - Save part 'xl/workbook.xml'
11:26:20.046 [main] DEBUG - Save part 'xl/worksheets/sheet1.xml'
11:26:20.046 [main] DEBUG - Save part 'xl/worksheets/sheet2.xml'
11:26:20.046 [main] DEBUG - Save part 'xl/worksheets/sheet3.xml'
11:26:20.065 [main] DEBUG - Parsing relationship: /xl/_rels/workbook.xml.rels
11:26:20.066 [main] DEBUG - Parsing relationship: /_rels/.rels
11:26:20.072 [main] DEBUG - Save content types part
11:26:20.072 [main] DEBUG - Save package relationships
11:26:20.073 [main] DEBUG - Save part 'docProps/app.xml'
11:26:20.073 [main] DEBUG - Save part 'docProps/core.xml'
11:26:20.073 [main] DEBUG - Save part 'xl/sharedStrings.xml'
11:26:20.073 [main] DEBUG - Save part 'xl/styles.xml'
11:26:20.074 [main] DEBUG - Save part 'xl/workbook.xml'
11:26:20.074 [main] DEBUG - Save part 'xl/worksheets/sheet1.xml'
11:26:20.074 [main] DEBUG - Save part 'xl/worksheets/sheet2.xml'
11:26:20.074 [main] DEBUG - Save part 'xl/worksheets/sheet3.xml'
11:26:20.116 [main] DEBUG - Parsing relationship: /xl/_rels/workbook.xml.rels
11:26:20.116 [main] DEBUG - Parsing relationship: /_rels/.rels
11:26:20.124 [main] DEBUG - Save content types part
11:26:20.125 [main] DEBUG - Save package relationships
11:26:20.125 [main] DEBUG - Save part 'docProps/app.xml'
11:26:20.125 [main] DEBUG - Save part 'docProps/core.xml'
11:26:20.126 [main] DEBUG - Save part 'xl/sharedStrings.xml'
11:26:20.126 [main] DEBUG - Save part 'xl/styles.xml'
11:26:20.126 [main] DEBUG - Save part 'xl/workbook.xml'
11:26:20.126 [main] DEBUG - Save part 'xl/worksheets/sheet1.xml'
11:26:20.126 [main] DEBUG - Save part 'xl/worksheets/sheet2.xml'
11:26:20.127 [main] DEBUG - Save part 'xl/worksheets/sheet3.xml'
11:26:20.147 [main] DEBUG - Parsing relationship: /xl/_rels/workbook.xml.rels
11:26:20.147 [main] DEBUG - Parsing relationship: /_rels/.rels
11:26:20.159 [main] DEBUG - Save content types part
11:26:20.160 [main] DEBUG - Save package relationships
11:26:20.160 [main] DEBUG - Save part 'docProps/app.xml'
11:26:20.160 [main] DEBUG - Save part 'docProps/core.xml'
11:26:20.161 [main] DEBUG - Save part 'xl/sharedStrings.xml'
11:26:20.161 [main] DEBUG - Save part 'xl/styles.xml'
11:26:20.161 [main] DEBUG - Save part 'xl/workbook.xml'
11:26:20.162 [main] DEBUG - Save part 'xl/worksheets/sheet1.xml'
11:26:20.162 [main] DEBUG - Save part 'xl/worksheets/sheet2.xml'
11:26:20.162 [main] DEBUG - Save part 'xl/worksheets/sheet3.xml'
11:26:20.183 [main] DEBUG - Parsing relationship: /xl/_rels/workbook.xml.rels
11:26:20.183 [main] DEBUG - Parsing relationship: /_rels/.rels
11:26:20.191 [main] DEBUG - Save content types part
11:26:20.193 [main] DEBUG - Save package relationships
11:26:20.193 [main] DEBUG - Save part 'docProps/app.xml'
11:26:20.193 [main] DEBUG - Save part 'docProps/core.xml'
11:26:20.194 [main] DEBUG - Save part 'xl/sharedStrings.xml'
11:26:20.194 [main] DEBUG - Save part 'xl/styles.xml'
11:26:20.194 [main] DEBUG - Save part 'xl/workbook.xml'
11:26:20.194 [main] DEBUG - Save part 'xl/worksheets/sheet1.xml'
11:26:20.195 [main] DEBUG - Save part 'xl/worksheets/sheet2.xml'
11:26:20.195 [main] DEBUG - Save part 'xl/worksheets/sheet3.xml'
11:26:20.250 [main] DEBUG - Parsing relationship: /xl/_rels/workbook.xml.rels
11:26:20.251 [main] DEBUG - Parsing relationship: /_rels/.rels
11:26:20.267 [main] DEBUG - Save content types part
11:26:20.268 [main] DEBUG - Save package relationships
11:26:20.271 [main] DEBUG - Save part 'docProps/app.xml'
11:26:20.271 [main] DEBUG - Save part 'docProps/core.xml'
11:26:20.272 [main] DEBUG - Save part 'xl/sharedStrings.xml'
11:26:20.272 [main] DEBUG - Save part 'xl/styles.xml'
11:26:20.272 [main] DEBUG - Save part 'xl/workbook.xml'
11:26:20.273 [main] DEBUG - Save part 'xl/worksheets/sheet1.xml'
11:26:20.273 [main] DEBUG - Save part 'xl/worksheets/sheet2.xml'
11:26:20.273 [main] DEBUG - Save part 'xl/worksheets/sheet3.xml'
11:26:20.301 [main] DEBUG - Parsing relationship: /xl/_rels/workbook.xml.rels
11:26:20.301 [main] DEBUG - Parsing relationship: /_rels/.rels
11:26:20.308 [main] DEBUG - Save content types part
11:26:20.309 [main] DEBUG - Save package relationships
11:26:20.309 [main] DEBUG - Save part 'docProps/app.xml'
11:26:20.309 [main] DEBUG - Save part 'docProps/core.xml'
11:26:20.310 [main] DEBUG - Save part 'xl/sharedStrings.xml'
11:26:20.310 [main] DEBUG - Save part 'xl/styles.xml'
11:26:20.310 [main] DEBUG - Save part 'xl/workbook.xml'
11:26:20.310 [main] DEBUG - Save part 'xl/worksheets/sheet1.xml'
11:26:20.311 [main] DEBUG - Save part 'xl/worksheets/sheet2.xml'
11:26:20.311 [main] DEBUG - Save part 'xl/worksheets/sheet3.xml'
11:26:20.334 [main] DEBUG - Parsing relationship: /xl/_rels/workbook.xml.rels
11:26:20.335 [main] DEBUG - Parsing relationship: /_rels/.rels
11:26:20.346 [main] DEBUG - Save content types part
11:26:20.347 [main] DEBUG - Save package relationships
11:26:20.348 [main] DEBUG - Save part 'docProps/app.xml'
11:26:20.348 [main] DEBUG - Save part 'docProps/core.xml'
11:26:20.349 [main] DEBUG - Save part 'xl/sharedStrings.xml'
11:26:20.349 [main] DEBUG - Save part 'xl/styles.xml'
11:26:20.349 [main] DEBUG - Save part 'xl/workbook.xml'
11:26:20.349 [main] DEBUG - Save part 'xl/worksheets/sheet1.xml'
11:26:20.350 [main] DEBUG - Save part 'xl/worksheets/sheet2.xml'
11:26:20.350 [main] DEBUG - Save part 'xl/worksheets/sheet3.xml'
11:26:20.407 [main] DEBUG - Parsing relationship: /xl/_rels/workbook.xml.rels
11:26:20.407 [main] DEBUG - Parsing relationship: /_rels/.rels
11:26:20.416 [main] DEBUG - Save content types part
11:26:20.417 [main] DEBUG - Save package relationships
11:26:20.418 [main] DEBUG - Save part 'docProps/app.xml'
11:26:20.418 [main] DEBUG - Save part 'docProps/core.xml'
11:26:20.419 [main] DEBUG - Save part 'xl/sharedStrings.xml'
11:26:20.419 [main] DEBUG - Save part 'xl/styles.xml'
11:26:20.419 [main] DEBUG - Save part 'xl/workbook.xml'
11:26:20.420 [main] DEBUG - Save part 'xl/worksheets/sheet1.xml'
11:26:20.420 [main] DEBUG - Save part 'xl/worksheets/sheet2.xml'
11:26:20.420 [main] DEBUG - Save part 'xl/worksheets/sheet3.xml'
11:26:20.440 [main] DEBUG - Parsing relationship: /xl/_rels/workbook.xml.rels
11:26:20.440 [main] DEBUG - Parsing relationship: /_rels/.rels
11:26:20.451 [main] DEBUG - Save content types part
11:26:20.452 [main] DEBUG - Save package relationships
11:26:20.452 [main] DEBUG - Save part 'docProps/app.xml'
11:26:20.452 [main] DEBUG - Save part 'docProps/core.xml'
11:26:20.453 [main] DEBUG - Save part 'xl/sharedStrings.xml'
11:26:20.453 [main] DEBUG - Save part 'xl/styles.xml'
11:26:20.453 [main] DEBUG - Save part 'xl/workbook.xml'
11:26:20.454 [main] DEBUG - Save part 'xl/worksheets/sheet1.xml'
11:26:20.454 [main] DEBUG - Save part 'xl/worksheets/sheet2.xml'
11:26:20.454 [main] DEBUG - Save part 'xl/worksheets/sheet3.xml'
11:26:20.480 [main] DEBUG - Parsing relationship: /xl/_rels/workbook.xml.rels
11:26:20.480 [main] DEBUG - Parsing relationship: /_rels/.rels
11:26:20.489 [main] DEBUG - Save content types part
11:26:20.489 [main] DEBUG - Save package relationships
11:26:20.490 [main] DEBUG - Save part 'docProps/app.xml'
11:26:20.491 [main] DEBUG - Save part 'docProps/core.xml'
11:26:20.493 [main] DEBUG - Save part 'xl/sharedStrings.xml'
11:26:20.493 [main] DEBUG - Save part 'xl/styles.xml'
11:26:20.493 [main] DEBUG - Save part 'xl/workbook.xml'
11:26:20.494 [main] DEBUG - Save part 'xl/worksheets/sheet1.xml'
11:26:20.494 [main] DEBUG - Save part 'xl/worksheets/sheet2.xml'
11:26:20.494 [main] DEBUG - Save part 'xl/worksheets/sheet3.xml'
11:26:20.559 [main] INFO  - Retrived Popular Cars in Chennai
11:26:28.348 [main] INFO  - Opened Application
11:26:38.386 [main] INFO  - Clicked on May be later
11:26:38.830 [main] INFO  - Clicked on Login button
11:26:39.373 [main] INFO  - Click on sign in using Google option
11:26:39.714 [main] INFO  - Swithched to Google window
11:26:41.547 [main] INFO  - Entered Email
11:26:42.067 [main] INFO  - Clicked on Next Button
11:26:44.426 [main] DEBUG - Parsing relationship: /xl/_rels/workbook.xml.rels
11:26:44.428 [main] DEBUG - Parsing relationship: /_rels/.rels
11:26:44.437 [main] DEBUG - Save content types part
11:26:44.438 [main] DEBUG - Save package relationships
11:26:44.439 [main] DEBUG - Save part 'docProps/app.xml'
11:26:44.439 [main] DEBUG - Save part 'docProps/core.xml'
11:26:44.440 [main] DEBUG - Save part 'xl/sharedStrings.xml'
11:26:44.440 [main] DEBUG - Save part 'xl/styles.xml'
11:26:44.440 [main] DEBUG - Save part 'xl/workbook.xml'
11:26:44.440 [main] DEBUG - Save part 'xl/worksheets/sheet1.xml'
11:26:44.440 [main] DEBUG - Save part 'xl/worksheets/sheet2.xml'
11:26:44.440 [main] DEBUG - Save part 'xl/worksheets/sheet3.xml'
11:26:44.480 [main] INFO  - Retrived Error Message
